2023-11-10 10:18:17,069 [INFO] Activator:176 - 


2023-11-10 10:18:17,069 [INFO] Activator:177 - !SESSION log4j initialized
2023-11-10 10:18:22,262 [INFO] LogOutputStream:77 - [STDOUT_REDIRECT] 
2023-11-10 10:18:27,288 [INFO] ApplicationProperties:184 - Using Application install path: C:\ST\STM32CubeIDE_1.10.1\STM32CubeIDE\plugins\com.st.stm32cube.common.mx_6.9.2.202309101412
2023-11-10 10:18:27,302 [INFO] DbMcusXml:78 - Set database path to: C:\ST\STM32CubeIDE_1.10.1\STM32CubeIDE\plugins\com.st.stm32cube.common.mx_6.9.2.202309101412\\db\/mcu/
2023-11-10 10:18:27,303 [INFO] ApiDb:274 - Set plugin database path to: C:\ST\STM32CubeIDE_1.10.1\STM32CubeIDE\plugins\com.st.stm32cube.common.mx_6.9.2.202309101412\\db\/plugins/boardmanager/
2023-11-10 10:18:27,303 [WARN] ApiDb:259 - Overriding images path with different value:  => C:\ST\STM32CubeIDE_1.10.1\STM32CubeIDE\plugins\com.st.stm32cube.common.mx_6.9.2.202309101412\\db\/plugins/mcufinder/images/
2023-11-10 10:18:27,315 [INFO] ApiDb:250 - Set database path to: C:\Users\maxpr\.stmcufinder\plugins\mcufinder//mcu/
2023-11-10 10:18:27,316 [INFO] DbMcusAds:125 - Set database path to: C:\Users\maxpr\.stmcufinder\plugins\mcufinder//mcu/
2023-11-10 10:18:27,317 [INFO] CrossReferenceDbSqlite:203 - Set database path to: C:\Users\maxpr\.stmcufinder\plugins\mcufinder//mcu/cs/
2023-11-10 10:18:27,414 [INFO] RulesReader:64 - Compatibility file has been processed (293 Rules)
2023-11-10 10:18:27,476 [INFO] DbMcusXml:78 - Set database path to: C:\ST\STM32CubeIDE_1.10.1\STM32CubeIDE\plugins\com.st.stm32cube.common.mx_6.9.2.202309101412\\db\/mcu/
2023-11-10 10:18:27,478 [INFO] ApiDb:274 - Set plugin database path to: C:\ST\STM32CubeIDE_1.10.1\STM32CubeIDE\plugins\com.st.stm32cube.common.mx_6.9.2.202309101412\\db\/plugins/boardmanager/
2023-11-10 10:18:27,478 [INFO] ApiDb:261 - Set plugin images path to: C:\ST\STM32CubeIDE_1.10.1\STM32CubeIDE\plugins\com.st.stm32cube.common.mx_6.9.2.202309101412\\db\/plugins/mcufinder/images/
2023-11-10 10:18:27,478 [WARN] DbFile:41 - Overriding database path with different value: C:\Users\maxpr\.stmcufinder\plugins\mcufinder/ => C:\Users\maxpr\.stmcufinder\plugins\mcufinder
2023-11-10 10:18:27,478 [INFO] ApiDb:250 - Set database path to: C:\Users\maxpr\.stmcufinder\plugins\mcufinder//mcu/
2023-11-10 10:18:27,478 [WARN] DbFile:41 - Overriding database path with different value: C:\Users\maxpr\.stmcufinder\plugins\mcufinder/ => C:\Users\maxpr\.stmcufinder\plugins\mcufinder
2023-11-10 10:18:27,478 [INFO] DbMcusAds:125 - Set database path to: C:\Users\maxpr\.stmcufinder\plugins\mcufinder//mcu/
2023-11-10 10:18:27,478 [WARN] DbFile:41 - Overriding database path with different value: C:\Users\maxpr\.stmcufinder\plugins\mcufinder/ => C:\Users\maxpr\.stmcufinder\plugins\mcufinder
2023-11-10 10:18:27,478 [WARN] DbFile:41 - Overriding database path with different value: C:\Users\maxpr\.stmcufinder\plugins\mcufinder/ => C:\Users\maxpr\.stmcufinder\plugins\mcufinder
2023-11-10 10:18:27,478 [INFO] CrossReferenceDbSqlite:203 - Set database path to: C:\Users\maxpr\.stmcufinder\plugins\mcufinder//mcu/cs/
2023-11-10 10:18:27,538 [INFO] MainPanel:262 - HeapMemory: 268435456
2023-11-10 10:18:27,615 [INFO] DbMcusXml:78 - Set database path to: C:\ST\STM32CubeIDE_1.10.1\STM32CubeIDE\plugins\com.st.stm32cube.common.mx_6.9.2.202309101412\\db\/mcu/
2023-11-10 10:18:27,616 [INFO] ApiDb:274 - Set plugin database path to: C:\ST\STM32CubeIDE_1.10.1\STM32CubeIDE\plugins\com.st.stm32cube.common.mx_6.9.2.202309101412\\db\/plugins/boardmanager/
2023-11-10 10:18:27,616 [INFO] ApiDb:261 - Set plugin images path to: C:\ST\STM32CubeIDE_1.10.1\STM32CubeIDE\plugins\com.st.stm32cube.common.mx_6.9.2.202309101412\\db\/plugins/mcufinder/images/
2023-11-10 10:18:27,616 [WARN] DbFile:41 - Overriding database path with different value: C:\Users\maxpr\.stmcufinder\plugins\mcufinder/ => C:\Users\maxpr\.stmcufinder\plugins\mcufinder
2023-11-10 10:18:27,616 [INFO] ApiDb:250 - Set database path to: C:\Users\maxpr\.stmcufinder\plugins\mcufinder//mcu/
2023-11-10 10:18:27,616 [WARN] DbFile:41 - Overriding database path with different value: C:\Users\maxpr\.stmcufinder\plugins\mcufinder/ => C:\Users\maxpr\.stmcufinder\plugins\mcufinder
2023-11-10 10:18:27,616 [INFO] DbMcusAds:125 - Set database path to: C:\Users\maxpr\.stmcufinder\plugins\mcufinder//mcu/
2023-11-10 10:18:27,616 [WARN] DbFile:41 - Overriding database path with different value: C:\Users\maxpr\.stmcufinder\plugins\mcufinder/ => C:\Users\maxpr\.stmcufinder\plugins\mcufinder
2023-11-10 10:18:27,617 [WARN] DbFile:41 - Overriding database path with different value: C:\Users\maxpr\.stmcufinder\plugins\mcufinder/ => C:\Users\maxpr\.stmcufinder\plugins\mcufinder
2023-11-10 10:18:27,617 [INFO] CrossReferenceDbSqlite:203 - Set database path to: C:\Users\maxpr\.stmcufinder\plugins\mcufinder//mcu/cs/
2023-11-10 10:18:27,632 [INFO] ApplicationProperties:184 - Using Application install path: C:\ST\STM32CubeIDE_1.10.1\STM32CubeIDE\plugins\com.st.stm32cube.common.mx_6.9.2.202309101412
2023-11-10 10:18:27,633 [INFO] PluginManage:196 - Search for loadable plugins [exclusion list=, ]
2023-11-10 10:18:27,635 [INFO] PluginManage:310 - Check plugin analytics
2023-11-10 10:18:27,756 [INFO] AnalyticsPlugin:253 - Accepted Software Licenses: 
2023-11-10 10:18:27,757 [INFO] AnalyticsPlugin:255 - Accepted CMSIS Pack Licenses: 
2023-11-10 10:18:27,757 [INFO] AnalyticsPlugin:257 - Accepted Firmware Licenses: FW.H7.1.11.0,FW.H7.1.10.0
2023-11-10 10:18:27,758 [INFO] PluginManage:359 - Loaded plugin analytics (category:tool,tabindex:-1)
2023-11-10 10:18:27,758 [INFO] PluginManage:310 - Check plugin cadmodel
2023-11-10 10:18:27,769 [INFO] CADModel:105 - Init CAD model plugin
2023-11-10 10:18:27,769 [INFO] PluginManage:359 - Loaded plugin cadmodel (category:power,tabindex:5)
2023-11-10 10:18:27,769 [INFO] PluginManage:310 - Check plugin clock
2023-11-10 10:18:27,785 [INFO] PluginManage:359 - Loaded plugin clock (category:base,tabindex:2)
2023-11-10 10:18:27,785 [INFO] PluginManage:310 - Check plugin ddr
2023-11-10 10:18:27,788 [INFO] PluginManage:359 - Loaded plugin ddr (category:tool,tabindex:6)
2023-11-10 10:18:27,788 [INFO] PluginManage:310 - Check plugin filemanager
2023-11-10 10:18:27,890 [INFO] PluginManage:359 - Loaded plugin filemanager (category:base,tabindex:10)
2023-11-10 10:18:27,890 [INFO] PluginManage:310 - Check plugin ipmanager
2023-11-10 10:18:27,896 [INFO] PluginManage:359 - Loaded plugin ipmanager (category:base,tabindex:5)
2023-11-10 10:18:27,896 [INFO] PluginManage:310 - Check plugin lpbam
2023-11-10 10:18:27,909 [INFO] PluginManage:359 - Loaded plugin lpbam (category:base,tabindex:0)
2023-11-10 10:18:27,909 [INFO] PluginManage:310 - Check plugin memorymap
2023-11-10 10:18:27,926 [INFO] PluginManage:359 - Loaded plugin memorymap (category:base,tabindex:4)
2023-11-10 10:18:27,926 [INFO] PluginManage:310 - Check plugin pinoutandconfiguration
2023-11-10 10:18:27,937 [INFO] PluginManage:359 - Loaded plugin pinoutandconfiguration (category:base,tabindex:1)
2023-11-10 10:18:27,937 [INFO] PluginManage:310 - Check plugin pinoutconfig
2023-11-10 10:18:28,007 [WARN] SupportedApi:132 - Cannot load RTOS API schema: s4s-elt-must-match.1: The content of 'definitions' must match (annotation?, (simpleType | complexType)?, (unique | key | keyref)*)). A problem was found starting at: attribute.
2023-11-10 10:18:28,112 [INFO] PluginManage:359 - Loaded plugin pinoutconfig (category:base,tabindex:0)
2023-11-10 10:18:28,113 [INFO] PluginManage:310 - Check plugin power
2023-11-10 10:18:28,129 [INFO] PluginManage:359 - Loaded plugin power (category:power,tabindex:4)
2023-11-10 10:18:28,129 [INFO] PluginManage:310 - Check plugin projectmanager
2023-11-10 10:18:28,140 [INFO] PluginManage:359 - Loaded plugin projectmanager (category:projectmanager,tabindex:3)
2023-11-10 10:18:28,140 [INFO] PluginManage:310 - Check plugin thirdparty
2023-11-10 10:18:28,337 [INFO] PluginManage:359 - Loaded plugin thirdparty (category:base,tabindex:-1)
2023-11-10 10:18:28,337 [INFO] PluginManage:310 - Check plugin tools
2023-11-10 10:18:28,337 [WARN] IntegrityCheckThread:84 - waiting for thirdparty lock release [integrity check]
2023-11-10 10:18:28,337 [INFO] IntegrityCheckThread:86 - entering critical section [integrity check]
2023-11-10 10:18:28,338 [INFO] ThirdPartyUpdaterWithRetryManager:70 - Updater plugin not ready yet. [1/15]
2023-11-10 10:18:28,368 [INFO] PluginManage:359 - Loaded plugin tools (category:base,tabindex:7)
2023-11-10 10:18:28,368 [INFO] PluginManage:310 - Check plugin tutovideos
2023-11-10 10:18:28,572 [INFO] PluginManage:359 - Loaded plugin tutovideos (category:base,tabindex:-1)
2023-11-10 10:18:28,572 [INFO] PluginManage:310 - Check plugin updater
2023-11-10 10:18:28,583 [INFO] PluginManage:359 - Loaded plugin updater (category:base,tabindex:12)
2023-11-10 10:18:28,583 [INFO] PluginManage:310 - Check plugin userauth
2023-11-10 10:18:28,588 [INFO] UserAuth:113 - Init User Auth plugin
2023-11-10 10:18:28,588 [INFO] PluginManage:359 - Loaded plugin userauth (category:base,tabindex:14)
2023-11-10 10:18:28,588 [INFO] PluginManage:283 - PluginManage : Loaded plugins [17]
2023-11-10 10:18:28,775 [INFO] PinOutPanel:1499 - setPackage(No Configuration,No Configuration)
2023-11-10 10:18:28,849 [INFO] CADModel:165 - CPN selected for project level
2023-11-10 10:18:28,849 [INFO] CADModel:114 - Register for checkConnection events
2023-11-10 10:18:28,870 [INFO] IPUIPlugin:80 - create IPUIPlugin
2023-11-10 10:18:28,870 [INFO] PluginManager:220 - loadIPPluginJar : add adc
2023-11-10 10:18:28,889 [INFO] IPUIPlugin:80 - create IPUIPlugin
2023-11-10 10:18:28,890 [INFO] PluginManager:220 - loadIPPluginJar : add aes
2023-11-10 10:18:28,911 [INFO] IPUIPlugin:80 - create IPUIPlugin
2023-11-10 10:18:28,911 [INFO] PluginManager:220 - loadIPPluginJar : add can
2023-11-10 10:18:28,923 [INFO] IPUIPlugin:80 - create IPUIPlugin
2023-11-10 10:18:28,923 [INFO] PluginManager:220 - loadIPPluginJar : add comp
2023-11-10 10:18:28,940 [INFO] IPUIPlugin:80 - create IPUIPlugin
2023-11-10 10:18:28,940 [INFO] PluginManager:220 - loadIPPluginJar : add cryp
2023-11-10 10:18:28,955 [INFO] IPUIPlugin:80 - create IPUIPlugin
2023-11-10 10:18:28,955 [INFO] PluginManager:220 - loadIPPluginJar : add dfsdm
2023-11-10 10:18:28,963 [INFO] IPUIPlugin:80 - create IPUIPlugin
2023-11-10 10:18:28,964 [INFO] PluginManager:220 - loadIPPluginJar : add dma
2023-11-10 10:18:28,987 [INFO] IPUIPlugin:80 - create IPUIPlugin
2023-11-10 10:18:28,988 [INFO] PluginManager:220 - loadIPPluginJar : add dma3
2023-11-10 10:18:28,999 [INFO] IPUIPlugin:80 - create IPUIPlugin
2023-11-10 10:18:28,999 [INFO] PluginManager:220 - loadIPPluginJar : add fatfs
2023-11-10 10:18:29,025 [INFO] IPUIPlugin:80 - create IPUIPlugin
2023-11-10 10:18:29,025 [INFO] PluginManager:220 - loadIPPluginJar : add fmc
2023-11-10 10:18:29,035 [INFO] IPUIPlugin:80 - create IPUIPlugin
2023-11-10 10:18:29,035 [INFO] PluginManager:220 - loadIPPluginJar : add freertos
2023-11-10 10:18:29,048 [INFO] IPUIPlugin:80 - create IPUIPlugin
2023-11-10 10:18:29,048 [INFO] PluginManager:220 - loadIPPluginJar : add genericplugin
2023-11-10 10:18:29,095 [INFO] IPUIPlugin:80 - create IPUIPlugin
2023-11-10 10:18:29,095 [INFO] PluginManager:220 - loadIPPluginJar : add gfxmmu
2023-11-10 10:18:29,223 [INFO] IPUIPlugin:80 - create IPUIPlugin
2023-11-10 10:18:29,223 [INFO] PluginManager:220 - loadIPPluginJar : add gic
2023-11-10 10:18:29,238 [INFO] IPUIPlugin:80 - create IPUIPlugin
2023-11-10 10:18:29,238 [INFO] PluginManager:220 - loadIPPluginJar : add gpio
2023-11-10 10:18:29,293 [INFO] IPUIPlugin:80 - create IPUIPlugin
2023-11-10 10:18:29,293 [INFO] PluginManager:220 - loadIPPluginJar : add gtzc
2023-11-10 10:18:29,310 [INFO] IPUIPlugin:80 - create IPUIPlugin
2023-11-10 10:18:29,310 [INFO] PluginManager:220 - loadIPPluginJar : add hash
2023-11-10 10:18:29,338 [INFO] IPUIPlugin:80 - create IPUIPlugin
2023-11-10 10:18:29,338 [INFO] PluginManager:220 - loadIPPluginJar : add i2c
2023-11-10 10:18:29,358 [INFO] IPUIPlugin:80 - create IPUIPlugin
2023-11-10 10:18:29,358 [INFO] PluginManager:220 - loadIPPluginJar : add i2s
2023-11-10 10:18:29,379 [INFO] IPUIPlugin:80 - create IPUIPlugin
2023-11-10 10:18:29,379 [INFO] PluginManager:220 - loadIPPluginJar : add i3c
2023-11-10 10:18:29,434 [INFO] IPUIPlugin:80 - create IPUIPlugin
2023-11-10 10:18:29,434 [INFO] PluginManager:220 - loadIPPluginJar : add ipddr
2023-11-10 10:18:29,494 [INFO] IPUIPlugin:80 - create IPUIPlugin
2023-11-10 10:18:29,494 [INFO] PluginManager:220 - loadIPPluginJar : add linkedlist
2023-11-10 10:18:29,513 [INFO] IPUIPlugin:80 - create IPUIPlugin
2023-11-10 10:18:29,513 [INFO] PluginManager:220 - loadIPPluginJar : add lorawan
2023-11-10 10:18:29,532 [INFO] IPUIPlugin:80 - create IPUIPlugin
2023-11-10 10:18:29,533 [INFO] PluginManager:220 - loadIPPluginJar : add ltdc
2023-11-10 10:18:29,543 [INFO] IPUIPlugin:80 - create IPUIPlugin
2023-11-10 10:18:29,544 [INFO] PluginManager:220 - loadIPPluginJar : add mdma
2023-11-10 10:18:29,551 [INFO] IPUIPlugin:80 - create IPUIPlugin
2023-11-10 10:18:29,551 [INFO] PluginManager:220 - loadIPPluginJar : add nvic
2023-11-10 10:18:29,572 [INFO] IPUIPlugin:80 - create IPUIPlugin
2023-11-10 10:18:29,572 [INFO] PluginManager:220 - loadIPPluginJar : add opamp
2023-11-10 10:18:29,604 [INFO] IPUIPlugin:80 - create IPUIPlugin
2023-11-10 10:18:29,604 [INFO] PluginManager:220 - loadIPPluginJar : add openamp
2023-11-10 10:18:29,628 [INFO] IPUIPlugin:80 - create IPUIPlugin
2023-11-10 10:18:29,628 [INFO] PluginManager:220 - loadIPPluginJar : add pdm2pcm
2023-11-10 10:18:29,642 [INFO] IPUIPlugin:80 - create IPUIPlugin
2023-11-10 10:18:29,643 [INFO] PluginManager:220 - loadIPPluginJar : add plateformsettings
2023-11-10 10:18:29,655 [INFO] IPUIPlugin:80 - create IPUIPlugin
2023-11-10 10:18:29,655 [INFO] PluginManager:220 - loadIPPluginJar : add quadspi
2023-11-10 10:18:29,663 [INFO] IPUIPlugin:80 - create IPUIPlugin
2023-11-10 10:18:29,663 [INFO] PluginManager:220 - loadIPPluginJar : add resmgrutility
2023-11-10 10:18:29,704 [INFO] IPUIPlugin:80 - create IPUIPlugin
2023-11-10 10:18:29,704 [INFO] PluginManager:220 - loadIPPluginJar : add sai
2023-11-10 10:18:29,724 [INFO] IPUIPlugin:80 - create IPUIPlugin
2023-11-10 10:18:29,724 [INFO] PluginManager:220 - loadIPPluginJar : add spi
2023-11-10 10:18:29,758 [INFO] IPUIPlugin:80 - create IPUIPlugin
2023-11-10 10:18:29,758 [INFO] PluginManager:220 - loadIPPluginJar : add stm32_wpan
2023-11-10 10:18:29,772 [INFO] IPUIPlugin:80 - create IPUIPlugin
2023-11-10 10:18:29,772 [INFO] PluginManager:220 - loadIPPluginJar : add tim
2023-11-10 10:18:29,799 [INFO] IPUIPlugin:80 - create IPUIPlugin
2023-11-10 10:18:29,799 [INFO] PluginManager:220 - loadIPPluginJar : add touchsensing
2023-11-10 10:18:29,813 [INFO] IPUIPlugin:80 - create IPUIPlugin
2023-11-10 10:18:29,813 [INFO] PluginManager:220 - loadIPPluginJar : add tracer_emb
2023-11-10 10:18:29,839 [INFO] IPUIPlugin:80 - create IPUIPlugin
2023-11-10 10:18:29,839 [INFO] PluginManager:220 - loadIPPluginJar : add ts
2023-11-10 10:18:29,850 [INFO] IPUIPlugin:80 - create IPUIPlugin
2023-11-10 10:18:29,850 [INFO] PluginManager:220 - loadIPPluginJar : add tsc
2023-11-10 10:18:29,861 [INFO] IPUIPlugin:80 - create IPUIPlugin
2023-11-10 10:18:29,861 [INFO] PluginManager:220 - loadIPPluginJar : add ucpd
2023-11-10 10:18:29,885 [INFO] IPUIPlugin:80 - create IPUIPlugin
2023-11-10 10:18:29,885 [INFO] PluginManager:220 - loadIPPluginJar : add usart
2023-11-10 10:18:29,909 [INFO] IPUIPlugin:80 - create IPUIPlugin
2023-11-10 10:18:29,910 [INFO] PluginManager:220 - loadIPPluginJar : add usbx
2023-11-10 10:18:30,016 [INFO] CADModel:165 - CPN selected for project level
2023-11-10 10:18:30,016 [INFO] CADModel:114 - Register for checkConnection events
2023-11-10 10:18:30,016 [FATAL] Updater:308 - Updater called before beeing initialized
2023-11-10 10:18:30,016 [ERROR] CADModel:125 - Updater not yet initialized, retry later 
2023-11-10 10:18:30,171 [INFO] CADModel:165 - CPN selected for project level
2023-11-10 10:18:30,171 [INFO] CADModel:114 - Register for checkConnection events
2023-11-10 10:18:30,172 [FATAL] Updater:308 - Updater called before beeing initialized
2023-11-10 10:18:30,172 [ERROR] CADModel:125 - Updater not yet initialized, retry later 
2023-11-10 10:18:30,175 [FATAL] Updater:308 - Updater called before beeing initialized
2023-11-10 10:18:30,264 [FATAL] Updater:308 - Updater called before beeing initialized
2023-11-10 10:18:30,272 [INFO] DbMcusAds:53 - JSON generation date=Tue Mar 07 02:50:55 CST 2023 (1678179055335)
2023-11-10 10:18:30,272 [FATAL] Updater:308 - Updater called before beeing initialized
2023-11-10 10:18:30,328 [WARN] DetailPanel:346 - Failed to get advertising image, set to default
2023-11-10 10:18:30,440 [FATAL] Updater:308 - Updater called before beeing initialized
2023-11-10 10:18:30,441 [FATAL] Updater:308 - Updater called before beeing initialized
2023-11-10 10:18:30,441 [FATAL] Updater:308 - Updater called before beeing initialized
2023-11-10 10:18:30,441 [WARN] DetailPanel:346 - Failed to get advertising image, set to default
2023-11-10 10:18:30,442 [FATAL] Updater:308 - Updater called before beeing initialized
2023-11-10 10:18:30,479 [ERROR] Updater:1120 - MainUpdater not yet initialized. External WinMGr cannot be set.
2023-11-10 10:18:30,485 [INFO] Updater:1056 - Updater Version found : 6.9.2
2023-11-10 10:18:30,498 [INFO] ApplicationProperties:184 - Using Application install path: C:\ST\STM32CubeIDE_1.10.1\STM32CubeIDE\plugins\com.st.stm32cube.common.mx_6.9.2.202309101412
2023-11-10 10:18:30,842 [INFO] MainUpdater:2868 - connection check result : 10
2023-11-10 10:18:30,843 [INFO] MainUpdater:285 - Updater Check For Update Now.
2023-11-10 10:18:30,843 [INFO] MicroXplorer:498 - Change Database Version : DB.6.0.92
2023-11-10 10:18:30,854 [INFO] McuFinderGlobals:63 - Set McuFinder mode to 2 (CubeIDE integrated)
2023-11-10 10:18:30,855 [INFO] UserAuth:179 - activating auth plugin
2023-11-10 10:18:30,860 [INFO] UserAuth:393 - Internet connection configuration mode: 1
2023-11-10 10:18:30,911 [INFO] JxBrowserEngine:151 - Initiate JxBrowser Engine with user profile folder
2023-11-10 10:18:31,031 [INFO] CheckServerUpdateThread:120 - End of CheckServer Thread
2023-11-10 10:18:31,558 [WARN] PackLoader:240 - Cannot read IP mode file for STMicroelectronics.X-CUBE-SMBUS.2.1.0
2023-11-10 10:18:31,598 [WARN] PackLoader:240 - Cannot read IP mode file for STMicroelectronics.X-CUBE-AZRTOS-F7.1.1.0
2023-11-10 10:18:31,615 [WARN] PackLoader:240 - Cannot read IP mode file for STMicroelectronics.FP-SNS-MOTENV1.4.3.2
2023-11-10 10:18:31,627 [ERROR] RealEvaluatedCondition:428 - Found unsupported composite condition: CLASS='Data Exchange' GROUP='STM32_MetaDataManager'
2023-11-10 10:18:31,627 [ERROR] RealEvaluatedCondition:428 - Found unsupported composite condition: CLASS='Data Exchange' GROUP='STM32_MetaDataManager'
2023-11-10 10:18:31,630 [WARN] PackLoader:240 - Cannot read IP mode file for STMicroelectronics.FP-SNS-MOTENV1.4.3.1
2023-11-10 10:18:31,644 [WARN] PackLoader:240 - Cannot read IP mode file for STMicroelectronics.FP-SNS-FLIGHT1.5.0.1
2023-11-10 10:18:31,656 [WARN] PackLoader:240 - Cannot read IP mode file for STMicroelectronics.X-CUBE-BLE1.6.2.4
2023-11-10 10:18:31,664 [WARN] PackLoader:240 - Cannot read IP mode file for STMicroelectronics.FP-SNS-FLIGHT1.5.0.2
2023-11-10 10:18:31,675 [WARN] PackLoader:240 - Cannot read IP mode file for STMicroelectronics.X-CUBE-DISPLAY.3.0.0
2023-11-10 10:18:31,686 [WARN] PackLoader:240 - Cannot read IP mode file for STMicroelectronics.X-CUBE-BLE1.7.0.0
2023-11-10 10:18:31,695 [WARN] PackLoader:240 - Cannot read IP mode file for STMicroelectronics.X-CUBE-TOUCHGFX.4.22.0
2023-11-10 10:18:31,702 [WARN] PackLoader:240 - Cannot read IP mode file for STMicroelectronics.X-CUBE-TOUCHGFX.4.22.1
2023-11-10 10:18:31,709 [WARN] PackLoader:240 - Cannot read IP mode file for STMicroelectronics.FP-SNS-SMARTAG2.1.2.0
2023-11-10 10:18:31,717 [WARN] PackLoader:240 - Cannot read IP mode file for WES.I-CUBE-Cesium.1.3.0
2023-11-10 10:18:31,725 [WARN] PackLoader:240 - Cannot read IP mode file for STMicroelectronics.X-CUBE-BLE2.3.3.0
2023-11-10 10:18:31,731 [WARN] PackLoader:240 - Cannot read IP mode file for STMicroelectronics.X-CUBE-TOUCHGFX.4.21.4
2023-11-10 10:18:31,738 [WARN] PackLoader:240 - Cannot read IP mode file for STMicroelectronics.X-CUBE-ALGOBUILD.1.3.0
2023-11-10 10:18:31,755 [WARN] PackLoader:240 - Cannot read IP mode file for STMicroelectronics.X-CUBE-AZRTOS-G0.1.1.0
2023-11-10 10:18:31,767 [WARN] PackLoader:240 - Cannot read IP mode file for STMicroelectronics.X-CUBE-NFC4.3.0.0
2023-11-10 10:18:31,780 [WARN] PackLoader:240 - Cannot read IP mode file for STMicroelectronics.X-CUBE-BLEMGR.3.0.0
2023-11-10 10:18:31,791 [WARN] PackLoader:240 - Cannot read IP mode file for STMicroelectronics.FP-ATR-SIGFOX1.3.2.0
2023-11-10 10:18:31,836 [WARN] PackLoader:240 - Cannot read IP mode file for SEGGER.I-CUBE-embOS.1.3.1
2023-11-10 10:18:31,882 [WARN] PackLoader:240 - Cannot read IP mode file for STMicroelectronics.X-CUBE-GNSS1.6.0.0
2023-11-10 10:18:31,906 [WARN] PackLoader:240 - Cannot read IP mode file for STMicroelectronics.X-CUBE-AZRTOS-F4.1.1.0
2023-11-10 10:18:31,917 [WARN] PackLoader:240 - Cannot read IP mode file for wolfSSL.I-CUBE-wolfSSL.5.6.0
2023-11-10 10:18:31,936 [WARN] PackLoader:240 - Cannot read IP mode file for STMicroelectronics.X-CUBE-AZRTOS-L5.2.0.0
2023-11-10 10:18:31,971 [WARN] PackLoader:240 - Cannot read IP mode file for STMicroelectronics.X-CUBE-MEMS1.9.6.0
2023-11-10 10:18:32,078 [WARN] PackLoader:240 - Cannot read IP mode file for STMicroelectronics.X-CUBE-EEPRMA1.4.2.0
2023-11-10 10:18:32,086 [WARN] PackLoader:240 - Cannot read IP mode file for ITTIA_DB.I-CUBE-ITTIADB.8.8.0
2023-11-10 10:18:32,095 [WARN] PackLoader:240 - Cannot read IP mode file for emotas.I-CUBE-CANOPEN.1.1.3
2023-11-10 10:18:32,104 [WARN] PackLoader:240 - Cannot read IP mode file for STMicroelectronics.X-CUBE-BLEMGR.2.0.0
2023-11-10 10:18:32,121 [WARN] ConditionMgr:438 - getConditionDescription Invalid condition id : UX DEVICE CLASS RTOS Condition cause : null
2023-11-10 10:18:32,121 [WARN] ConditionMgr:438 - getConditionDescription Invalid condition id : UX DEVICE CLASS RTOS Condition cause : null
2023-11-10 10:18:32,122 [WARN] PackLoader:240 - Cannot read IP mode file for STMicroelectronics.X-CUBE-AZRTOS-H7.3.1.0
2023-11-10 10:18:32,126 [WARN] ConditionMgr:1039 - genDependencies : Invalid condition id : UX DEVICE CLASS RTOS Condition cause : null
2023-11-10 10:18:32,126 [WARN] ConditionMgr:1039 - genDependencies : Invalid condition id : UX DEVICE CLASS RTOS Condition cause : null
2023-11-10 10:18:32,126 [WARN] ConditionMgr:1039 - genDependencies : Invalid condition id : UX DEVICE CLASS RTOS Condition cause : null
2023-11-10 10:18:32,126 [WARN] ConditionMgr:1039 - genDependencies : Invalid condition id : UX DEVICE CLASS RTOS Condition cause : null
2023-11-10 10:18:32,126 [WARN] ConditionMgr:1039 - genDependencies : Invalid condition id : UX DEVICE CLASS RTOS Condition cause : null
2023-11-10 10:18:32,137 [WARN] PackLoader:240 - Cannot read IP mode file for STMicroelectronics.X-CUBE-NFC7.1.0.1
2023-11-10 10:18:32,147 [WARN] PackLoader:240 - Cannot read IP mode file for STMicroelectronics.X-CUBE-NFC7.1.0.0
2023-11-10 10:18:32,158 [WARN] PackLoader:240 - Cannot read IP mode file for STMicroelectronics.X-CUBE-NFC6.3.0.0
2023-11-10 10:18:32,172 [WARN] PackLoader:240 - Cannot read IP mode file for STMicroelectronics.X-CUBE-EEPRMA1.4.1.0
2023-11-10 10:18:32,182 [WARN] PackLoader:240 - Cannot read IP mode file for STMicroelectronics.X-CUBE-AI.8.1.0
2023-11-10 10:18:32,200 [WARN] ConditionMgr:438 - getConditionDescription Invalid condition id : LAN8742 Phy interface Condition cause : null
2023-11-10 10:18:32,200 [WARN] PackLoader:240 - Cannot read IP mode file for STMicroelectronics.X-CUBE-AZRTOS-L4.2.0.0
2023-11-10 10:18:32,201 [WARN] ConditionMgr:1039 - genDependencies : Invalid condition id : LAN8742 Phy interface Condition cause : null
2023-11-10 10:18:32,201 [WARN] ConditionMgr:1039 - genDependencies : Invalid condition id : LAN8742 Phy interface Condition cause : null
2023-11-10 10:18:32,202 [WARN] ConditionMgr:1039 - genDependencies : Invalid condition id : LAN8742 Phy interface Condition cause : null
2023-11-10 10:18:32,214 [WARN] PackLoader:240 - Cannot read IP mode file for STMicroelectronics.X-CUBE-SFXS2LP1.4.0.0
2023-11-10 10:18:32,225 [WARN] PackLoader:240 - Cannot read IP mode file for STMicroelectronics.X-CUBE-ISPU.1.1.0
2023-11-10 10:18:32,245 [WARN] ConditionMgr:438 - getConditionDescription Invalid condition id : UX DEVICE CLASS RTOS Condition cause : null
2023-11-10 10:18:32,245 [WARN] ConditionMgr:438 - getConditionDescription Invalid condition id : UX DEVICE CLASS RTOS Condition cause : null
2023-11-10 10:18:32,246 [WARN] PackLoader:240 - Cannot read IP mode file for STMicroelectronics.X-CUBE-AZRTOS-WB.2.0.0
2023-11-10 10:18:32,246 [WARN] ConditionMgr:1039 - genDependencies : Invalid condition id : UX DEVICE CLASS RTOS Condition cause : null
2023-11-10 10:18:32,246 [WARN] ConditionMgr:1039 - genDependencies : Invalid condition id : UX DEVICE CLASS RTOS Condition cause : null
2023-11-10 10:18:32,246 [WARN] ConditionMgr:1039 - genDependencies : Invalid condition id : UX DEVICE CLASS RTOS Condition cause : null
2023-11-10 10:18:32,246 [WARN] ConditionMgr:1039 - genDependencies : Invalid condition id : UX DEVICE CLASS RTOS Condition cause : null
2023-11-10 10:18:32,246 [WARN] ConditionMgr:1039 - genDependencies : Invalid condition id : UX DEVICE CLASS RTOS Condition cause : null
2023-11-10 10:18:32,257 [WARN] PackLoader:240 - Cannot read IP mode file for STMicroelectronics.X-CUBE-FREERTOS.1.0.1
2023-11-10 10:18:32,275 [WARN] PackLoader:240 - Cannot read IP mode file for STMicroelectronics.X-CUBE-AZRTOS-L5.1.1.0
2023-11-10 10:18:32,286 [WARN] PackLoader:240 - Cannot read IP mode file for STMicroelectronics.X-CUBE-AI.8.0.1
2023-11-10 10:18:32,298 [WARN] PackLoader:240 - Cannot read IP mode file for STMicroelectronics.X-CUBE-SUBG2.5.0.0
2023-11-10 10:18:32,311 [WARN] PackLoader:240 - Cannot read IP mode file for STMicroelectronics.X-CUBE-TOF1.3.3.1
2023-11-10 10:18:32,331 [WARN] PackLoader:240 - Cannot read IP mode file for STMicroelectronics.X-CUBE-AZRTOS-G4.2.0.0
2023-11-10 10:18:32,342 [WARN] PackLoader:240 - Cannot read IP mode file for STMicroelectronics.X-CUBE-TOF1.3.3.0
2023-11-10 10:18:32,358 [WARN] PackLoader:240 - Cannot read IP mode file for Infineon.AIROC-Wi-Fi-Bluetooth-STM32.1.5.1
2023-11-10 10:18:32,420 [WARN] PackLoader:240 - Cannot read IP mode file for STMicroelectronics.X-CUBE-MEMS1.10.0.0
2023-11-10 10:18:32,487 [WARN] PackLoader:240 - Cannot read IP mode file for STMicroelectronics.X-CUBE-FREERTOS.1.1.0
2023-11-10 10:18:32,495 [WARN] PackLoader:240 - Cannot read IP mode file for portGmbH.I-Cube-SoM-uGOAL.1.1.0
2023-11-10 10:18:32,581 [WARN] PackLoader:240 - Cannot read IP mode file for STMicroelectronics.X-CUBE-ALS.1.0.1
2023-11-10 10:18:32,594 [WARN] PackLoader:240 - Cannot read IP mode file for STMicroelectronics.X-CUBE-AZRTOS-WB.1.1.0
2023-11-10 10:18:32,605 [WARN] PackLoader:240 - Cannot read IP mode file for STMicroelectronics.FP-ATR-ASTRA1.2.0.0
2023-11-10 10:18:32,605 [INFO] ThirdParty:978 - Integrity check success = true
2023-11-10 10:18:32,605 [INFO] IntegrityCheckThread:100 - exiting critical section [integrity check]
2023-11-10 10:18:32,605 [INFO] IntegrityCheckThread:103 - End integrity checks thread
2023-11-10 10:18:33,077 [INFO] WebApp:157 - Instantiating new browser for Auth
2023-11-10 10:18:33,514 [INFO] WebApp:753 - Register for checkConnection events
2023-11-10 10:18:33,514 [INFO] WebApp:390 - Apply proxy settings
2023-11-10 10:18:33,514 [INFO] WebApp:475 - Chromium requires no authentication
2023-11-10 10:18:33,521 [INFO] WebApp:418 - Direct internet connection detected
2023-11-10 10:18:33,665 [INFO] WebApp:188 - Starting web application
2023-11-10 10:18:33,665 [INFO] WebApp:520 - Web application path used C:\ST\STM32CubeIDE_1.10.1\STM32CubeIDE\plugins\com.st.stm32cube.common.mx_6.9.2.202309101412\db\plugins\mcufinder\reactClient1\index.html
2023-11-10 10:18:54,428 [ERROR] LogOutputStream:75 - [STDERR_REDIRECT] SLF4J: Failed to load class "org.slf4j.impl.StaticLoggerBinder".
2023-11-10 10:18:54,429 [ERROR] LogOutputStream:75 - [STDERR_REDIRECT] SLF4J: Defaulting to no-operation (NOP) logger implementation
2023-11-10 10:18:54,430 [ERROR] LogOutputStream:75 - [STDERR_REDIRECT] SLF4J: See http://www.slf4j.org/codes.html#StaticLoggerBinder for further details.
2023-11-10 11:25:10,802 [ERROR] LogOutputStream:75 - [STDERR_REDIRECT] 
