2023-11-16 11:25:04,310 [INFO] Activator:176 - 


2023-11-16 11:25:04,314 [INFO] Activator:177 - !SESSION log4j initialized
2023-11-16 11:25:08,980 [INFO] LogOutputStream:77 - [STDOUT_REDIRECT] 
2023-11-16 11:25:13,612 [INFO] ApplicationProperties:184 - Using Application install path: C:\ST\STM32CubeIDE_1.10.1\STM32CubeIDE\plugins\com.st.stm32cube.common.mx_6.9.2.202309101412
2023-11-16 11:25:13,625 [INFO] DbMcusXml:78 - Set database path to: C:\ST\STM32CubeIDE_1.10.1\STM32CubeIDE\plugins\com.st.stm32cube.common.mx_6.9.2.202309101412\\db\/mcu/
2023-11-16 11:25:13,625 [INFO] ApiDb:274 - Set plugin database path to: C:\ST\STM32CubeIDE_1.10.1\STM32CubeIDE\plugins\com.st.stm32cube.common.mx_6.9.2.202309101412\\db\/plugins/boardmanager/
2023-11-16 11:25:13,626 [WARN] ApiDb:259 - Overriding images path with different value:  => C:\ST\STM32CubeIDE_1.10.1\STM32CubeIDE\plugins\com.st.stm32cube.common.mx_6.9.2.202309101412\\db\/plugins/mcufinder/images/
2023-11-16 11:25:13,637 [INFO] ApiDb:250 - Set database path to: C:\Users\maxpr\.stmcufinder\plugins\mcufinder//mcu/
2023-11-16 11:25:13,638 [INFO] DbMcusAds:125 - Set database path to: C:\Users\maxpr\.stmcufinder\plugins\mcufinder//mcu/
2023-11-16 11:25:13,640 [INFO] CrossReferenceDbSqlite:203 - Set database path to: C:\Users\maxpr\.stmcufinder\plugins\mcufinder//mcu/cs/
2023-11-16 11:25:13,709 [INFO] RulesReader:64 - Compatibility file has been processed (293 Rules)
2023-11-16 11:25:13,768 [INFO] DbMcusXml:78 - Set database path to: C:\ST\STM32CubeIDE_1.10.1\STM32CubeIDE\plugins\com.st.stm32cube.common.mx_6.9.2.202309101412\\db\/mcu/
2023-11-16 11:25:13,768 [INFO] ApiDb:274 - Set plugin database path to: C:\ST\STM32CubeIDE_1.10.1\STM32CubeIDE\plugins\com.st.stm32cube.common.mx_6.9.2.202309101412\\db\/plugins/boardmanager/
2023-11-16 11:25:13,768 [INFO] ApiDb:261 - Set plugin images path to: C:\ST\STM32CubeIDE_1.10.1\STM32CubeIDE\plugins\com.st.stm32cube.common.mx_6.9.2.202309101412\\db\/plugins/mcufinder/images/
2023-11-16 11:25:13,768 [WARN] DbFile:41 - Overriding database path with different value: C:\Users\maxpr\.stmcufinder\plugins\mcufinder/ => C:\Users\maxpr\.stmcufinder\plugins\mcufinder
2023-11-16 11:25:13,769 [INFO] ApiDb:250 - Set database path to: C:\Users\maxpr\.stmcufinder\plugins\mcufinder//mcu/
2023-11-16 11:25:13,769 [WARN] DbFile:41 - Overriding database path with different value: C:\Users\maxpr\.stmcufinder\plugins\mcufinder/ => C:\Users\maxpr\.stmcufinder\plugins\mcufinder
2023-11-16 11:25:13,769 [INFO] DbMcusAds:125 - Set database path to: C:\Users\maxpr\.stmcufinder\plugins\mcufinder//mcu/
2023-11-16 11:25:13,769 [WARN] DbFile:41 - Overriding database path with different value: C:\Users\maxpr\.stmcufinder\plugins\mcufinder/ => C:\Users\maxpr\.stmcufinder\plugins\mcufinder
2023-11-16 11:25:13,769 [WARN] DbFile:41 - Overriding database path with different value: C:\Users\maxpr\.stmcufinder\plugins\mcufinder/ => C:\Users\maxpr\.stmcufinder\plugins\mcufinder
2023-11-16 11:25:13,769 [INFO] CrossReferenceDbSqlite:203 - Set database path to: C:\Users\maxpr\.stmcufinder\plugins\mcufinder//mcu/cs/
2023-11-16 11:25:13,831 [INFO] MainPanel:262 - HeapMemory: 268435456
2023-11-16 11:25:13,898 [INFO] DbMcusXml:78 - Set database path to: C:\ST\STM32CubeIDE_1.10.1\STM32CubeIDE\plugins\com.st.stm32cube.common.mx_6.9.2.202309101412\\db\/mcu/
2023-11-16 11:25:13,898 [INFO] ApiDb:274 - Set plugin database path to: C:\ST\STM32CubeIDE_1.10.1\STM32CubeIDE\plugins\com.st.stm32cube.common.mx_6.9.2.202309101412\\db\/plugins/boardmanager/
2023-11-16 11:25:13,898 [INFO] ApiDb:261 - Set plugin images path to: C:\ST\STM32CubeIDE_1.10.1\STM32CubeIDE\plugins\com.st.stm32cube.common.mx_6.9.2.202309101412\\db\/plugins/mcufinder/images/
2023-11-16 11:25:13,898 [WARN] DbFile:41 - Overriding database path with different value: C:\Users\maxpr\.stmcufinder\plugins\mcufinder/ => C:\Users\maxpr\.stmcufinder\plugins\mcufinder
2023-11-16 11:25:13,898 [INFO] ApiDb:250 - Set database path to: C:\Users\maxpr\.stmcufinder\plugins\mcufinder//mcu/
2023-11-16 11:25:13,898 [WARN] DbFile:41 - Overriding database path with different value: C:\Users\maxpr\.stmcufinder\plugins\mcufinder/ => C:\Users\maxpr\.stmcufinder\plugins\mcufinder
2023-11-16 11:25:13,898 [INFO] DbMcusAds:125 - Set database path to: C:\Users\maxpr\.stmcufinder\plugins\mcufinder//mcu/
2023-11-16 11:25:13,898 [WARN] DbFile:41 - Overriding database path with different value: C:\Users\maxpr\.stmcufinder\plugins\mcufinder/ => C:\Users\maxpr\.stmcufinder\plugins\mcufinder
2023-11-16 11:25:13,898 [WARN] DbFile:41 - Overriding database path with different value: C:\Users\maxpr\.stmcufinder\plugins\mcufinder/ => C:\Users\maxpr\.stmcufinder\plugins\mcufinder
2023-11-16 11:25:13,898 [INFO] CrossReferenceDbSqlite:203 - Set database path to: C:\Users\maxpr\.stmcufinder\plugins\mcufinder//mcu/cs/
2023-11-16 11:25:13,912 [INFO] ApplicationProperties:184 - Using Application install path: C:\ST\STM32CubeIDE_1.10.1\STM32CubeIDE\plugins\com.st.stm32cube.common.mx_6.9.2.202309101412
2023-11-16 11:25:13,913 [INFO] PluginManage:196 - Search for loadable plugins [exclusion list=, ]
2023-11-16 11:25:13,914 [INFO] PluginManage:310 - Check plugin analytics
2023-11-16 11:25:14,020 [INFO] AnalyticsPlugin:253 - Accepted Software Licenses: 
2023-11-16 11:25:14,020 [INFO] AnalyticsPlugin:255 - Accepted CMSIS Pack Licenses: 
2023-11-16 11:25:14,021 [INFO] AnalyticsPlugin:257 - Accepted Firmware Licenses: FW.H7.1.11.0,FW.H7.1.10.0
2023-11-16 11:25:14,022 [INFO] PluginManage:359 - Loaded plugin analytics (category:tool,tabindex:-1)
2023-11-16 11:25:14,022 [INFO] PluginManage:310 - Check plugin cadmodel
2023-11-16 11:25:14,031 [INFO] CADModel:105 - Init CAD model plugin
2023-11-16 11:25:14,031 [INFO] PluginManage:359 - Loaded plugin cadmodel (category:power,tabindex:5)
2023-11-16 11:25:14,031 [INFO] PluginManage:310 - Check plugin clock
2023-11-16 11:25:14,044 [INFO] PluginManage:359 - Loaded plugin clock (category:base,tabindex:2)
2023-11-16 11:25:14,044 [INFO] PluginManage:310 - Check plugin ddr
2023-11-16 11:25:14,045 [INFO] PluginManage:359 - Loaded plugin ddr (category:tool,tabindex:6)
2023-11-16 11:25:14,045 [INFO] PluginManage:310 - Check plugin filemanager
2023-11-16 11:25:14,146 [INFO] PluginManage:359 - Loaded plugin filemanager (category:base,tabindex:10)
2023-11-16 11:25:14,146 [INFO] PluginManage:310 - Check plugin ipmanager
2023-11-16 11:25:14,150 [INFO] PluginManage:359 - Loaded plugin ipmanager (category:base,tabindex:5)
2023-11-16 11:25:14,151 [INFO] PluginManage:310 - Check plugin lpbam
2023-11-16 11:25:14,161 [INFO] PluginManage:359 - Loaded plugin lpbam (category:base,tabindex:0)
2023-11-16 11:25:14,161 [INFO] PluginManage:310 - Check plugin memorymap
2023-11-16 11:25:14,176 [INFO] PluginManage:359 - Loaded plugin memorymap (category:base,tabindex:4)
2023-11-16 11:25:14,176 [INFO] PluginManage:310 - Check plugin pinoutandconfiguration
2023-11-16 11:25:14,186 [INFO] PluginManage:359 - Loaded plugin pinoutandconfiguration (category:base,tabindex:1)
2023-11-16 11:25:14,186 [INFO] PluginManage:310 - Check plugin pinoutconfig
2023-11-16 11:25:14,246 [WARN] SupportedApi:132 - Cannot load RTOS API schema: s4s-elt-must-match.1: The content of 'definitions' must match (annotation?, (simpleType | complexType)?, (unique | key | keyref)*)). A problem was found starting at: attribute.
2023-11-16 11:25:14,344 [INFO] PluginManage:359 - Loaded plugin pinoutconfig (category:base,tabindex:0)
2023-11-16 11:25:14,344 [INFO] PluginManage:310 - Check plugin power
2023-11-16 11:25:14,358 [INFO] PluginManage:359 - Loaded plugin power (category:power,tabindex:4)
2023-11-16 11:25:14,358 [INFO] PluginManage:310 - Check plugin projectmanager
2023-11-16 11:25:14,367 [INFO] PluginManage:359 - Loaded plugin projectmanager (category:projectmanager,tabindex:3)
2023-11-16 11:25:14,368 [INFO] PluginManage:310 - Check plugin thirdparty
2023-11-16 11:25:14,538 [INFO] PluginManage:359 - Loaded plugin thirdparty (category:base,tabindex:-1)
2023-11-16 11:25:14,538 [WARN] IntegrityCheckThread:84 - waiting for thirdparty lock release [integrity check]
2023-11-16 11:25:14,538 [INFO] PluginManage:310 - Check plugin tools
2023-11-16 11:25:14,539 [INFO] IntegrityCheckThread:86 - entering critical section [integrity check]
2023-11-16 11:25:14,539 [INFO] ThirdPartyUpdaterWithRetryManager:70 - Updater plugin not ready yet. [1/15]
2023-11-16 11:25:14,561 [INFO] PluginManage:359 - Loaded plugin tools (category:base,tabindex:7)
2023-11-16 11:25:14,562 [INFO] PluginManage:310 - Check plugin tutovideos
2023-11-16 11:25:14,711 [INFO] PluginManage:359 - Loaded plugin tutovideos (category:base,tabindex:-1)
2023-11-16 11:25:14,711 [INFO] PluginManage:310 - Check plugin updater
2023-11-16 11:25:14,721 [INFO] PluginManage:359 - Loaded plugin updater (category:base,tabindex:12)
2023-11-16 11:25:14,721 [INFO] PluginManage:310 - Check plugin userauth
2023-11-16 11:25:14,725 [INFO] UserAuth:113 - Init User Auth plugin
2023-11-16 11:25:14,725 [INFO] PluginManage:359 - Loaded plugin userauth (category:base,tabindex:14)
2023-11-16 11:25:14,725 [INFO] PluginManage:283 - PluginManage : Loaded plugins [17]
2023-11-16 11:25:14,866 [INFO] PinOutPanel:1499 - setPackage(No Configuration,No Configuration)
2023-11-16 11:25:14,930 [INFO] CADModel:165 - CPN selected for project level
2023-11-16 11:25:14,930 [INFO] CADModel:114 - Register for checkConnection events
2023-11-16 11:25:14,947 [INFO] IPUIPlugin:80 - create IPUIPlugin
2023-11-16 11:25:14,947 [INFO] PluginManager:220 - loadIPPluginJar : add adc
2023-11-16 11:25:14,967 [INFO] IPUIPlugin:80 - create IPUIPlugin
2023-11-16 11:25:14,967 [INFO] PluginManager:220 - loadIPPluginJar : add aes
2023-11-16 11:25:14,990 [INFO] IPUIPlugin:80 - create IPUIPlugin
2023-11-16 11:25:14,990 [INFO] PluginManager:220 - loadIPPluginJar : add can
2023-11-16 11:25:15,003 [INFO] IPUIPlugin:80 - create IPUIPlugin
2023-11-16 11:25:15,003 [INFO] PluginManager:220 - loadIPPluginJar : add comp
2023-11-16 11:25:15,020 [INFO] IPUIPlugin:80 - create IPUIPlugin
2023-11-16 11:25:15,020 [INFO] PluginManager:220 - loadIPPluginJar : add cryp
2023-11-16 11:25:15,040 [INFO] IPUIPlugin:80 - create IPUIPlugin
2023-11-16 11:25:15,040 [INFO] PluginManager:220 - loadIPPluginJar : add dfsdm
2023-11-16 11:25:15,050 [INFO] IPUIPlugin:80 - create IPUIPlugin
2023-11-16 11:25:15,051 [INFO] PluginManager:220 - loadIPPluginJar : add dma
2023-11-16 11:25:15,073 [INFO] IPUIPlugin:80 - create IPUIPlugin
2023-11-16 11:25:15,073 [INFO] PluginManager:220 - loadIPPluginJar : add dma3
2023-11-16 11:25:15,086 [INFO] IPUIPlugin:80 - create IPUIPlugin
2023-11-16 11:25:15,086 [INFO] PluginManager:220 - loadIPPluginJar : add fatfs
2023-11-16 11:25:15,113 [INFO] IPUIPlugin:80 - create IPUIPlugin
2023-11-16 11:25:15,113 [INFO] PluginManager:220 - loadIPPluginJar : add fmc
2023-11-16 11:25:15,123 [INFO] IPUIPlugin:80 - create IPUIPlugin
2023-11-16 11:25:15,123 [INFO] PluginManager:220 - loadIPPluginJar : add freertos
2023-11-16 11:25:15,135 [INFO] IPUIPlugin:80 - create IPUIPlugin
2023-11-16 11:25:15,135 [INFO] PluginManager:220 - loadIPPluginJar : add genericplugin
2023-11-16 11:25:15,184 [INFO] IPUIPlugin:80 - create IPUIPlugin
2023-11-16 11:25:15,184 [INFO] PluginManager:220 - loadIPPluginJar : add gfxmmu
2023-11-16 11:25:15,254 [INFO] IPUIPlugin:80 - create IPUIPlugin
2023-11-16 11:25:15,254 [INFO] PluginManager:220 - loadIPPluginJar : add gic
2023-11-16 11:25:15,263 [INFO] IPUIPlugin:80 - create IPUIPlugin
2023-11-16 11:25:15,263 [INFO] PluginManager:220 - loadIPPluginJar : add gpio
2023-11-16 11:25:15,308 [INFO] IPUIPlugin:80 - create IPUIPlugin
2023-11-16 11:25:15,309 [INFO] PluginManager:220 - loadIPPluginJar : add gtzc
2023-11-16 11:25:15,327 [INFO] IPUIPlugin:80 - create IPUIPlugin
2023-11-16 11:25:15,327 [INFO] PluginManager:220 - loadIPPluginJar : add hash
2023-11-16 11:25:15,352 [INFO] IPUIPlugin:80 - create IPUIPlugin
2023-11-16 11:25:15,352 [INFO] PluginManager:220 - loadIPPluginJar : add i2c
2023-11-16 11:25:15,376 [INFO] IPUIPlugin:80 - create IPUIPlugin
2023-11-16 11:25:15,376 [INFO] PluginManager:220 - loadIPPluginJar : add i2s
2023-11-16 11:25:15,398 [INFO] IPUIPlugin:80 - create IPUIPlugin
2023-11-16 11:25:15,398 [INFO] PluginManager:220 - loadIPPluginJar : add i3c
2023-11-16 11:25:15,450 [INFO] IPUIPlugin:80 - create IPUIPlugin
2023-11-16 11:25:15,450 [INFO] PluginManager:220 - loadIPPluginJar : add ipddr
2023-11-16 11:25:15,498 [INFO] IPUIPlugin:80 - create IPUIPlugin
2023-11-16 11:25:15,498 [INFO] PluginManager:220 - loadIPPluginJar : add linkedlist
2023-11-16 11:25:15,515 [INFO] IPUIPlugin:80 - create IPUIPlugin
2023-11-16 11:25:15,515 [INFO] PluginManager:220 - loadIPPluginJar : add lorawan
2023-11-16 11:25:15,533 [INFO] IPUIPlugin:80 - create IPUIPlugin
2023-11-16 11:25:15,533 [INFO] PluginManager:220 - loadIPPluginJar : add ltdc
2023-11-16 11:25:15,543 [INFO] IPUIPlugin:80 - create IPUIPlugin
2023-11-16 11:25:15,543 [INFO] PluginManager:220 - loadIPPluginJar : add mdma
2023-11-16 11:25:15,549 [INFO] IPUIPlugin:80 - create IPUIPlugin
2023-11-16 11:25:15,550 [INFO] PluginManager:220 - loadIPPluginJar : add nvic
2023-11-16 11:25:15,567 [INFO] IPUIPlugin:80 - create IPUIPlugin
2023-11-16 11:25:15,567 [INFO] PluginManager:220 - loadIPPluginJar : add opamp
2023-11-16 11:25:15,598 [INFO] IPUIPlugin:80 - create IPUIPlugin
2023-11-16 11:25:15,599 [INFO] PluginManager:220 - loadIPPluginJar : add openamp
2023-11-16 11:25:15,620 [INFO] IPUIPlugin:80 - create IPUIPlugin
2023-11-16 11:25:15,620 [INFO] PluginManager:220 - loadIPPluginJar : add pdm2pcm
2023-11-16 11:25:15,628 [INFO] IPUIPlugin:80 - create IPUIPlugin
2023-11-16 11:25:15,629 [INFO] PluginManager:220 - loadIPPluginJar : add plateformsettings
2023-11-16 11:25:15,640 [INFO] IPUIPlugin:80 - create IPUIPlugin
2023-11-16 11:25:15,640 [INFO] PluginManager:220 - loadIPPluginJar : add quadspi
2023-11-16 11:25:15,650 [INFO] IPUIPlugin:80 - create IPUIPlugin
2023-11-16 11:25:15,650 [INFO] PluginManager:220 - loadIPPluginJar : add resmgrutility
2023-11-16 11:25:15,674 [INFO] IPUIPlugin:80 - create IPUIPlugin
2023-11-16 11:25:15,674 [INFO] PluginManager:220 - loadIPPluginJar : add sai
2023-11-16 11:25:15,693 [INFO] IPUIPlugin:80 - create IPUIPlugin
2023-11-16 11:25:15,693 [INFO] PluginManager:220 - loadIPPluginJar : add spi
2023-11-16 11:25:15,721 [INFO] IPUIPlugin:80 - create IPUIPlugin
2023-11-16 11:25:15,721 [INFO] PluginManager:220 - loadIPPluginJar : add stm32_wpan
2023-11-16 11:25:15,735 [INFO] IPUIPlugin:80 - create IPUIPlugin
2023-11-16 11:25:15,735 [INFO] PluginManager:220 - loadIPPluginJar : add tim
2023-11-16 11:25:15,764 [INFO] IPUIPlugin:80 - create IPUIPlugin
2023-11-16 11:25:15,765 [INFO] PluginManager:220 - loadIPPluginJar : add touchsensing
2023-11-16 11:25:15,778 [INFO] IPUIPlugin:80 - create IPUIPlugin
2023-11-16 11:25:15,778 [INFO] PluginManager:220 - loadIPPluginJar : add tracer_emb
2023-11-16 11:25:15,790 [INFO] IPUIPlugin:80 - create IPUIPlugin
2023-11-16 11:25:15,790 [INFO] PluginManager:220 - loadIPPluginJar : add ts
2023-11-16 11:25:15,801 [INFO] IPUIPlugin:80 - create IPUIPlugin
2023-11-16 11:25:15,801 [INFO] PluginManager:220 - loadIPPluginJar : add tsc
2023-11-16 11:25:15,813 [INFO] IPUIPlugin:80 - create IPUIPlugin
2023-11-16 11:25:15,813 [INFO] PluginManager:220 - loadIPPluginJar : add ucpd
2023-11-16 11:25:15,836 [INFO] IPUIPlugin:80 - create IPUIPlugin
2023-11-16 11:25:15,837 [INFO] PluginManager:220 - loadIPPluginJar : add usart
2023-11-16 11:25:15,860 [INFO] IPUIPlugin:80 - create IPUIPlugin
2023-11-16 11:25:15,860 [INFO] PluginManager:220 - loadIPPluginJar : add usbx
2023-11-16 11:25:15,964 [INFO] CADModel:165 - CPN selected for project level
2023-11-16 11:25:15,964 [INFO] CADModel:114 - Register for checkConnection events
2023-11-16 11:25:15,964 [FATAL] Updater:308 - Updater called before beeing initialized
2023-11-16 11:25:15,964 [ERROR] CADModel:125 - Updater not yet initialized, retry later 
2023-11-16 11:25:16,057 [INFO] CADModel:165 - CPN selected for project level
2023-11-16 11:25:16,057 [INFO] CADModel:114 - Register for checkConnection events
2023-11-16 11:25:16,057 [FATAL] Updater:308 - Updater called before beeing initialized
2023-11-16 11:25:16,057 [ERROR] CADModel:125 - Updater not yet initialized, retry later 
2023-11-16 11:25:16,060 [FATAL] Updater:308 - Updater called before beeing initialized
2023-11-16 11:25:16,122 [FATAL] Updater:308 - Updater called before beeing initialized
2023-11-16 11:25:16,132 [INFO] DbMcusAds:53 - JSON generation date=Tue Mar 07 02:50:55 CST 2023 (1678179055335)
2023-11-16 11:25:16,132 [FATAL] Updater:308 - Updater called before beeing initialized
2023-11-16 11:25:16,176 [WARN] DetailPanel:346 - Failed to get advertising image, set to default
2023-11-16 11:25:16,253 [FATAL] Updater:308 - Updater called before beeing initialized
2023-11-16 11:25:16,255 [FATAL] Updater:308 - Updater called before beeing initialized
2023-11-16 11:25:16,255 [FATAL] Updater:308 - Updater called before beeing initialized
2023-11-16 11:25:16,255 [WARN] DetailPanel:346 - Failed to get advertising image, set to default
2023-11-16 11:25:16,255 [FATAL] Updater:308 - Updater called before beeing initialized
2023-11-16 11:25:16,297 [ERROR] Updater:1120 - MainUpdater not yet initialized. External WinMGr cannot be set.
2023-11-16 11:25:16,303 [INFO] Updater:1056 - Updater Version found : 6.9.2
2023-11-16 11:25:16,314 [INFO] ApplicationProperties:184 - Using Application install path: C:\ST\STM32CubeIDE_1.10.1\STM32CubeIDE\plugins\com.st.stm32cube.common.mx_6.9.2.202309101412
2023-11-16 11:25:16,627 [INFO] MainUpdater:2868 - connection check result : 10
2023-11-16 11:25:16,627 [INFO] MainUpdater:3562 - Updater definition file requires update
2023-11-16 11:25:16,627 [INFO] MainUpdater:285 - Updater Check For Update Now.
2023-11-16 11:25:16,627 [INFO] MicroXplorer:498 - Change Database Version : DB.6.0.92
2023-11-16 11:25:16,643 [INFO] McuFinderGlobals:63 - Set McuFinder mode to 2 (CubeIDE integrated)
2023-11-16 11:25:16,643 [INFO] UserAuth:179 - activating auth plugin
2023-11-16 11:25:16,644 [INFO] UserAuth:393 - Internet connection configuration mode: 1
2023-11-16 11:25:16,664 [INFO] JxBrowserEngine:151 - Initiate JxBrowser Engine with user profile folder
2023-11-16 11:25:16,739 [INFO] ServerAccessManage:473 - Download File updaters.zip
2023-11-16 11:25:16,846 [INFO] FileExtend:240 - Unzip File : updaters.zip
2023-11-16 11:25:16,846 [INFO] FileExtend:255 - Standard Zip Deflate
2023-11-16 11:25:17,085 [INFO] ServerAccessManage:473 - Download File PacksControlFlags.xml
2023-11-16 11:25:17,210 [INFO] ServerAccessManage:473 - Download File cubemx.pidx
2023-11-16 11:25:17,542 [WARN] MainUpdater:1189 - Updater busy. Cannot search thirdparties
2023-11-16 11:25:17,542 [INFO] ThirdPartyUpdaterWithRetryManager:96 - Updater plugin is busy. [1/15]
2023-11-16 11:25:18,130 [INFO] ServerAccessManage:473 - Download File STMicroelectronics.FP-SNS-MOTENVWB1.pdsc
2023-11-16 11:25:18,409 [INFO] WebApp:157 - Instantiating new browser for Auth
2023-11-16 11:25:18,814 [INFO] WebApp:753 - Register for checkConnection events
2023-11-16 11:25:18,814 [INFO] WebApp:390 - Apply proxy settings
2023-11-16 11:25:18,815 [INFO] WebApp:475 - Chromium requires no authentication
2023-11-16 11:25:18,821 [INFO] WebApp:418 - Direct internet connection detected
2023-11-16 11:25:19,264 [INFO] WebApp:188 - Starting web application
2023-11-16 11:25:19,264 [INFO] WebApp:520 - Web application path used C:\ST\STM32CubeIDE_1.10.1\STM32CubeIDE\plugins\com.st.stm32cube.common.mx_6.9.2.202309101412\db\plugins\mcufinder\reactClient1\index.html
2023-11-16 11:25:20,066 [ERROR] ServerAccessManage:1096 - Problem, Http access forbiden
2023-11-16 11:25:20,067 [ERROR] ServerAccessManage:651 - Problem, Http access forbiden : RoweBots.I-CUBE-UNISONRTOS.pdsc.
2023-11-16 11:25:20,202 [WARN] PackLoader:240 - Cannot read IP mode file for STMicroelectronics.FP-SNS-MOTENVWB1.1.3.0
2023-11-16 11:25:20,203 [INFO] PopulateThirdPartyThread:66 - Ending populate Thread
2023-11-16 11:25:20,205 [INFO] ThirdParty:1030 - CMSIS Pack Vendor :STMicroelectronics FP-SNS-MOTENVWB1 1.3.0
2023-11-16 11:25:20,205 [INFO] LoadServerUpdatesThread:373 - End of LoadServerUpdate Thread
2023-11-16 11:25:20,296 [INFO] CheckServerUpdateThread:120 - End of CheckServer Thread
2023-11-16 11:25:20,638 [WARN] PackLoader:240 - Cannot read IP mode file for STMicroelectronics.X-CUBE-SMBUS.2.1.0
2023-11-16 11:25:20,660 [WARN] PackLoader:240 - Cannot read IP mode file for STMicroelectronics.X-CUBE-AZRTOS-F7.1.1.0
2023-11-16 11:25:20,670 [WARN] PackLoader:240 - Cannot read IP mode file for STMicroelectronics.FP-SNS-MOTENV1.4.3.2
2023-11-16 11:25:20,678 [ERROR] RealEvaluatedCondition:428 - Found unsupported composite condition: GROUP='STM32_MetaDataManager' CLASS='Data Exchange'
2023-11-16 11:25:20,679 [ERROR] RealEvaluatedCondition:428 - Found unsupported composite condition: GROUP='STM32_MetaDataManager' CLASS='Data Exchange'
2023-11-16 11:25:20,679 [WARN] PackLoader:240 - Cannot read IP mode file for STMicroelectronics.FP-SNS-MOTENV1.4.3.1
2023-11-16 11:25:20,687 [WARN] PackLoader:240 - Cannot read IP mode file for STMicroelectronics.FP-SNS-FLIGHT1.5.0.1
2023-11-16 11:25:20,698 [WARN] PackLoader:240 - Cannot read IP mode file for STMicroelectronics.X-CUBE-BLE1.6.2.4
2023-11-16 11:25:20,705 [WARN] PackLoader:240 - Cannot read IP mode file for STMicroelectronics.FP-SNS-FLIGHT1.5.0.2
2023-11-16 11:25:20,714 [WARN] PackLoader:240 - Cannot read IP mode file for STMicroelectronics.X-CUBE-DISPLAY.3.0.0
2023-11-16 11:25:20,723 [WARN] PackLoader:240 - Cannot read IP mode file for STMicroelectronics.X-CUBE-BLE1.7.0.0
2023-11-16 11:25:20,733 [WARN] PackLoader:240 - Cannot read IP mode file for STMicroelectronics.X-CUBE-TOUCHGFX.4.22.0
2023-11-16 11:25:20,738 [WARN] PackLoader:240 - Cannot read IP mode file for STMicroelectronics.X-CUBE-TOUCHGFX.4.22.1
2023-11-16 11:25:20,743 [WARN] PackLoader:240 - Cannot read IP mode file for STMicroelectronics.FP-SNS-SMARTAG2.1.2.0
2023-11-16 11:25:20,752 [WARN] PackLoader:240 - Cannot read IP mode file for WES.I-CUBE-Cesium.1.3.0
2023-11-16 11:25:20,757 [WARN] PackLoader:240 - Cannot read IP mode file for STMicroelectronics.X-CUBE-BLE2.3.3.0
2023-11-16 11:25:20,764 [WARN] PackLoader:240 - Cannot read IP mode file for STMicroelectronics.X-CUBE-TOUCHGFX.4.21.4
2023-11-16 11:25:20,770 [WARN] PackLoader:240 - Cannot read IP mode file for STMicroelectronics.X-CUBE-ALGOBUILD.1.3.0
2023-11-16 11:25:20,784 [WARN] PackLoader:240 - Cannot read IP mode file for STMicroelectronics.X-CUBE-AZRTOS-G0.1.1.0
2023-11-16 11:25:20,792 [WARN] PackLoader:240 - Cannot read IP mode file for STMicroelectronics.X-CUBE-NFC4.3.0.0
2023-11-16 11:25:20,802 [WARN] PackLoader:240 - Cannot read IP mode file for STMicroelectronics.X-CUBE-BLEMGR.3.0.0
2023-11-16 11:25:20,805 [WARN] PackLoader:240 - Cannot read IP mode file for STMicroelectronics.FP-ATR-SIGFOX1.3.2.0
2023-11-16 11:25:20,824 [WARN] PackLoader:240 - Cannot read IP mode file for SEGGER.I-CUBE-embOS.1.3.1
2023-11-16 11:25:20,847 [WARN] PackLoader:240 - Cannot read IP mode file for STMicroelectronics.X-CUBE-GNSS1.6.0.0
2023-11-16 11:25:20,863 [WARN] PackLoader:240 - Cannot read IP mode file for STMicroelectronics.X-CUBE-AZRTOS-F4.1.1.0
2023-11-16 11:25:20,871 [WARN] PackLoader:240 - Cannot read IP mode file for wolfSSL.I-CUBE-wolfSSL.5.6.0
2023-11-16 11:25:20,885 [WARN] PackLoader:240 - Cannot read IP mode file for STMicroelectronics.X-CUBE-AZRTOS-L5.2.0.0
2023-11-16 11:25:20,910 [WARN] PackLoader:240 - Cannot read IP mode file for STMicroelectronics.X-CUBE-MEMS1.9.6.0
2023-11-16 11:25:20,984 [WARN] PackLoader:240 - Cannot read IP mode file for STMicroelectronics.X-CUBE-EEPRMA1.4.2.0
2023-11-16 11:25:21,001 [WARN] PackLoader:240 - Cannot read IP mode file for ITTIA_DB.I-CUBE-ITTIADB.8.8.0
2023-11-16 11:25:21,021 [WARN] PackLoader:240 - Cannot read IP mode file for emotas.I-CUBE-CANOPEN.1.1.3
2023-11-16 11:25:21,033 [WARN] PackLoader:240 - Cannot read IP mode file for STMicroelectronics.X-CUBE-BLEMGR.2.0.0
2023-11-16 11:25:21,051 [WARN] ConditionMgr:438 - getConditionDescription Invalid condition id : UX DEVICE CLASS RTOS Condition cause : null
2023-11-16 11:25:21,051 [WARN] ConditionMgr:438 - getConditionDescription Invalid condition id : UX DEVICE CLASS RTOS Condition cause : null
2023-11-16 11:25:21,052 [WARN] PackLoader:240 - Cannot read IP mode file for STMicroelectronics.X-CUBE-AZRTOS-H7.3.1.0
2023-11-16 11:25:21,053 [WARN] ConditionMgr:1039 - genDependencies : Invalid condition id : UX DEVICE CLASS RTOS Condition cause : null
2023-11-16 11:25:21,053 [WARN] ConditionMgr:1039 - genDependencies : Invalid condition id : UX DEVICE CLASS RTOS Condition cause : null
2023-11-16 11:25:21,053 [WARN] ConditionMgr:1039 - genDependencies : Invalid condition id : UX DEVICE CLASS RTOS Condition cause : null
2023-11-16 11:25:21,053 [WARN] ConditionMgr:1039 - genDependencies : Invalid condition id : UX DEVICE CLASS RTOS Condition cause : null
2023-11-16 11:25:21,054 [WARN] ConditionMgr:1039 - genDependencies : Invalid condition id : UX DEVICE CLASS RTOS Condition cause : null
2023-11-16 11:25:21,062 [WARN] PackLoader:240 - Cannot read IP mode file for STMicroelectronics.X-CUBE-NFC7.1.0.1
2023-11-16 11:25:21,069 [WARN] PackLoader:240 - Cannot read IP mode file for STMicroelectronics.X-CUBE-NFC7.1.0.0
2023-11-16 11:25:21,078 [WARN] PackLoader:240 - Cannot read IP mode file for STMicroelectronics.X-CUBE-NFC6.3.0.0
2023-11-16 11:25:21,086 [WARN] PackLoader:240 - Cannot read IP mode file for STMicroelectronics.X-CUBE-EEPRMA1.4.1.0
2023-11-16 11:25:21,094 [WARN] PackLoader:240 - Cannot read IP mode file for STMicroelectronics.X-CUBE-AI.8.1.0
2023-11-16 11:25:21,111 [WARN] ConditionMgr:438 - getConditionDescription Invalid condition id : LAN8742 Phy interface Condition cause : null
2023-11-16 11:25:21,112 [WARN] PackLoader:240 - Cannot read IP mode file for STMicroelectronics.X-CUBE-AZRTOS-L4.2.0.0
2023-11-16 11:25:21,112 [WARN] ConditionMgr:1039 - genDependencies : Invalid condition id : LAN8742 Phy interface Condition cause : null
2023-11-16 11:25:21,113 [WARN] ConditionMgr:1039 - genDependencies : Invalid condition id : LAN8742 Phy interface Condition cause : null
2023-11-16 11:25:21,113 [WARN] ConditionMgr:1039 - genDependencies : Invalid condition id : LAN8742 Phy interface Condition cause : null
2023-11-16 11:25:21,122 [WARN] PackLoader:240 - Cannot read IP mode file for STMicroelectronics.X-CUBE-SFXS2LP1.4.0.0
2023-11-16 11:25:21,131 [WARN] PackLoader:240 - Cannot read IP mode file for STMicroelectronics.X-CUBE-ISPU.1.1.0
2023-11-16 11:25:21,149 [WARN] ConditionMgr:438 - getConditionDescription Invalid condition id : UX DEVICE CLASS RTOS Condition cause : null
2023-11-16 11:25:21,150 [WARN] ConditionMgr:438 - getConditionDescription Invalid condition id : UX DEVICE CLASS RTOS Condition cause : null
2023-11-16 11:25:21,150 [WARN] PackLoader:240 - Cannot read IP mode file for STMicroelectronics.X-CUBE-AZRTOS-WB.2.0.0
2023-11-16 11:25:21,151 [WARN] ConditionMgr:1039 - genDependencies : Invalid condition id : UX DEVICE CLASS RTOS Condition cause : null
2023-11-16 11:25:21,151 [WARN] ConditionMgr:1039 - genDependencies : Invalid condition id : UX DEVICE CLASS RTOS Condition cause : null
2023-11-16 11:25:21,151 [WARN] ConditionMgr:1039 - genDependencies : Invalid condition id : UX DEVICE CLASS RTOS Condition cause : null
2023-11-16 11:25:21,151 [WARN] ConditionMgr:1039 - genDependencies : Invalid condition id : UX DEVICE CLASS RTOS Condition cause : null
2023-11-16 11:25:21,151 [WARN] ConditionMgr:1039 - genDependencies : Invalid condition id : UX DEVICE CLASS RTOS Condition cause : null
2023-11-16 11:25:21,159 [WARN] PackLoader:240 - Cannot read IP mode file for STMicroelectronics.X-CUBE-FREERTOS.1.0.1
2023-11-16 11:25:21,175 [WARN] PackLoader:240 - Cannot read IP mode file for STMicroelectronics.X-CUBE-AZRTOS-L5.1.1.0
2023-11-16 11:25:21,183 [WARN] PackLoader:240 - Cannot read IP mode file for STMicroelectronics.X-CUBE-AI.8.0.1
2023-11-16 11:25:21,195 [WARN] PackLoader:240 - Cannot read IP mode file for STMicroelectronics.X-CUBE-SUBG2.5.0.0
2023-11-16 11:25:21,210 [WARN] PackLoader:240 - Cannot read IP mode file for STMicroelectronics.X-CUBE-TOF1.3.3.1
2023-11-16 11:25:21,230 [WARN] PackLoader:240 - Cannot read IP mode file for STMicroelectronics.X-CUBE-AZRTOS-G4.2.0.0
2023-11-16 11:25:21,243 [WARN] PackLoader:240 - Cannot read IP mode file for STMicroelectronics.X-CUBE-TOF1.3.3.0
2023-11-16 11:25:21,261 [WARN] PackLoader:240 - Cannot read IP mode file for Infineon.AIROC-Wi-Fi-Bluetooth-STM32.1.5.1
2023-11-16 11:25:21,265 [WARN] PackLoader:240 - Cannot read IP mode file for STMicroelectronics.FP-SNS-MOTENVWB1.1.3.0
2023-11-16 11:25:21,290 [WARN] PackLoader:240 - Cannot read IP mode file for STMicroelectronics.X-CUBE-MEMS1.10.0.0
2023-11-16 11:25:21,355 [WARN] PackLoader:240 - Cannot read IP mode file for STMicroelectronics.X-CUBE-FREERTOS.1.1.0
2023-11-16 11:25:21,363 [WARN] PackLoader:240 - Cannot read IP mode file for portGmbH.I-Cube-SoM-uGOAL.1.1.0
2023-11-16 11:25:21,370 [WARN] PackLoader:240 - Cannot read IP mode file for STMicroelectronics.X-CUBE-ALS.1.0.1
2023-11-16 11:25:21,387 [WARN] PackLoader:240 - Cannot read IP mode file for STMicroelectronics.X-CUBE-AZRTOS-WB.1.1.0
2023-11-16 11:25:21,391 [WARN] PackLoader:240 - Cannot read IP mode file for STMicroelectronics.FP-ATR-ASTRA1.2.0.0
2023-11-16 11:25:21,391 [INFO] ThirdParty:978 - Integrity check success = true
2023-11-16 11:25:21,392 [INFO] IntegrityCheckThread:100 - exiting critical section [integrity check]
2023-11-16 11:25:21,392 [INFO] IntegrityCheckThread:103 - End integrity checks thread
2023-11-16 11:25:40,128 [ERROR] LogOutputStream:75 - [STDERR_REDIRECT] SLF4J: Failed to load class "org.slf4j.impl.StaticLoggerBinder".
2023-11-16 11:25:40,128 [ERROR] LogOutputStream:75 - [STDERR_REDIRECT] SLF4J: Defaulting to no-operation (NOP) logger implementation
2023-11-16 11:25:40,130 [ERROR] LogOutputStream:75 - [STDERR_REDIRECT] SLF4J: See http://www.slf4j.org/codes.html#StaticLoggerBinder for further details.
2023-11-16 11:26:47,877 [INFO] McuFinderGlobals:63 - Set McuFinder mode to 2 (CubeIDE integrated)
2023-11-16 11:26:47,893 [INFO] MainUpdater:2868 - connection check result : 10
2023-11-16 11:26:47,897 [INFO] MainUpdater:2868 - connection check result : 10
2023-11-16 11:26:48,006 [INFO] MicroXplorer:468 - Change Database Path : 
2023-11-16 11:26:48,006 [INFO] MicroXplorer:498 - Change Database Version : DB.6.0.92
2023-11-16 11:26:48,008 [WARN] ThirdParty:871 - waiting for thirdparty lock release [close project]
2023-11-16 11:26:48,008 [INFO] ThirdParty:873 - entering critical section [close project]
2023-11-16 11:26:48,008 [INFO] ThirdParty:883 - exiting critical section [close project]
2023-11-16 11:26:48,009 [INFO] PinOutPanel:1499 - setPackage(No Configuration,No Configuration)
2023-11-16 11:26:48,012 [INFO] UtilMem:75 - Begin LoadConfig() Used Memory: 646599864 Bytes (828375040)
2023-11-16 11:26:48,018 [INFO] MicroXplorer:468 - Change Database Path : C:/Users/maxpr/.stm32cubemx/databases/DB.6.0.60/db/
2023-11-16 11:26:48,018 [INFO] MicroXplorer:498 - Change Database Version : DB.6.0.60
2023-11-16 11:26:49,475 [INFO] OpenFileManager:308 - Change cursor
2023-11-16 11:26:49,501 [INFO] Mcu:1946 - Initializing MCU STM32H755ZITx STM32H755ZITx STM32H755ZIT3
2023-11-16 11:26:51,818 [INFO] Context:659 - Trying to add GPIOservice into a context  which must be forbidden
2023-11-16 11:26:51,818 [INFO] Context:659 - Trying to add GPIOservice into a context  which must be forbidden
2023-11-16 11:26:53,045 [INFO] Context:659 - Trying to add GPIOservice into a context  which must be forbidden
2023-11-16 11:26:53,046 [INFO] Context:659 - Trying to add GPIOservice into a context  which must be forbidden
2023-11-16 11:26:53,242 [INFO] RtosManager:555 - Registered RTOS mode: class=CMSIS, group=RTOS, mode=CMSIS_V1, owner=FREERTOS_M7
2023-11-16 11:26:53,242 [INFO] RtosManager:555 - Registered RTOS mode: class=CMSIS, group=RTOS2, mode=CMSIS_V2, owner=FREERTOS_M7
2023-11-16 11:26:53,242 [INFO] RtosManager:555 - Registered RTOS mode: class=RTOS, group=Core, mode=CMSIS_V1, owner=FREERTOS_M7
2023-11-16 11:26:53,242 [INFO] RtosManager:555 - Registered RTOS mode: class=RTOS, group=Core, mode=CMSIS_V2, owner=FREERTOS_M7
2023-11-16 11:26:53,243 [WARN] ModelIntegratedComponent:184 - Missing modes for component STMicroelectronics:FreeRTOS:0.0.1:STMicroelectronics:RTOS:FreeRTOS:Core:::10.2.0:
2023-11-16 11:26:53,255 [WARN] ModelIntegratedComponent:63 - No mode defined for component null
2023-11-16 11:26:53,255 [WARN] ModelIntegratedComponent:63 - No mode defined for component null
2023-11-16 11:26:53,255 [WARN] ModelIntegratedComponent:63 - No mode defined for component null
2023-11-16 11:26:53,255 [WARN] ModelIntegratedComponent:63 - No mode defined for component null
2023-11-16 11:26:53,255 [WARN] ModelIntegratedComponent:63 - No mode defined for component null
2023-11-16 11:26:53,255 [WARN] ModelIntegratedComponent:63 - No mode defined for component null
2023-11-16 11:26:53,255 [WARN] ModelIntegratedComponent:63 - No mode defined for component null
2023-11-16 11:26:53,255 [WARN] ModelIntegratedComponent:63 - No mode defined for component null
2023-11-16 11:26:53,255 [WARN] ModelIntegratedComponent:63 - No mode defined for component null
2023-11-16 11:26:53,255 [WARN] ModelIntegratedComponent:63 - No mode defined for component null
2023-11-16 11:26:53,255 [WARN] ModelIntegratedComponent:63 - No mode defined for component null
2023-11-16 11:26:53,255 [WARN] ModelIntegratedComponent:63 - No mode defined for component null
2023-11-16 11:26:53,255 [WARN] ModelIntegratedComponent:63 - No mode defined for component null
2023-11-16 11:26:53,255 [WARN] ModelIntegratedComponent:63 - No mode defined for component null
2023-11-16 11:26:53,255 [WARN] ModelIntegratedComponent:63 - No mode defined for component null
2023-11-16 11:26:53,255 [WARN] ModelIntegratedComponent:63 - No mode defined for component null
2023-11-16 11:26:53,255 [WARN] ModelIntegratedComponent:63 - No mode defined for component null
2023-11-16 11:26:53,255 [WARN] ModelIntegratedComponent:63 - No mode defined for component null
2023-11-16 11:26:53,255 [WARN] ModelIntegratedComponent:63 - No mode defined for component null
2023-11-16 11:26:53,255 [WARN] ModelIntegratedComponent:63 - No mode defined for component null
2023-11-16 11:26:53,255 [WARN] ModelIntegratedComponent:63 - No mode defined for component null
2023-11-16 11:26:53,255 [WARN] ModelIntegratedComponent:63 - No mode defined for component null
2023-11-16 11:26:53,255 [WARN] ModelIntegratedComponent:63 - No mode defined for component null
2023-11-16 11:26:53,255 [WARN] ModelIntegratedComponent:63 - No mode defined for component null
2023-11-16 11:26:53,255 [WARN] ModelIntegratedComponent:63 - No mode defined for component null
2023-11-16 11:26:53,255 [WARN] ModelIntegratedComponent:63 - No mode defined for component null
2023-11-16 11:26:53,255 [WARN] ModelIntegratedComponent:63 - No mode defined for component null
2023-11-16 11:26:53,255 [WARN] ModelIntegratedComponent:63 - No mode defined for component null
2023-11-16 11:26:53,255 [WARN] ModelIntegratedComponent:63 - No mode defined for component null
2023-11-16 11:26:53,255 [WARN] ModelIntegratedComponent:63 - No mode defined for component null
2023-11-16 11:26:53,255 [WARN] ModelIntegratedComponent:63 - No mode defined for component null
2023-11-16 11:26:53,255 [WARN] ModelIntegratedComponent:63 - No mode defined for component null
2023-11-16 11:26:53,256 [WARN] ModelIntegratedComponent:63 - No mode defined for component null
2023-11-16 11:26:53,345 [INFO] RtosManager:555 - Registered RTOS mode: class=CMSIS, group=RTOS, mode=CMSIS_V1, owner=FREERTOS_M4
2023-11-16 11:26:53,345 [INFO] RtosManager:555 - Registered RTOS mode: class=CMSIS, group=RTOS2, mode=CMSIS_V2, owner=FREERTOS_M4
2023-11-16 11:26:53,345 [INFO] RtosManager:555 - Registered RTOS mode: class=RTOS, group=Core, mode=CMSIS_V1, owner=FREERTOS_M4
2023-11-16 11:26:53,345 [INFO] RtosManager:555 - Registered RTOS mode: class=RTOS, group=Core, mode=CMSIS_V2, owner=FREERTOS_M4
2023-11-16 11:26:53,345 [WARN] ModelIntegratedComponent:184 - Missing modes for component STMicroelectronics:FreeRTOS:0.0.1:STMicroelectronics:RTOS:FreeRTOS:Core:::10.2.0:
2023-11-16 11:26:53,351 [WARN] ModelIntegratedComponent:63 - No mode defined for component null
2023-11-16 11:26:53,351 [WARN] ModelIntegratedComponent:63 - No mode defined for component null
2023-11-16 11:26:53,351 [WARN] ModelIntegratedComponent:63 - No mode defined for component null
2023-11-16 11:26:53,351 [WARN] ModelIntegratedComponent:63 - No mode defined for component null
2023-11-16 11:26:53,351 [WARN] ModelIntegratedComponent:63 - No mode defined for component null
2023-11-16 11:26:53,351 [WARN] ModelIntegratedComponent:63 - No mode defined for component null
2023-11-16 11:26:53,351 [WARN] ModelIntegratedComponent:63 - No mode defined for component null
2023-11-16 11:26:53,351 [WARN] ModelIntegratedComponent:63 - No mode defined for component null
2023-11-16 11:26:53,351 [WARN] ModelIntegratedComponent:63 - No mode defined for component null
2023-11-16 11:26:53,351 [WARN] ModelIntegratedComponent:63 - No mode defined for component null
2023-11-16 11:26:53,351 [WARN] ModelIntegratedComponent:63 - No mode defined for component null
2023-11-16 11:26:53,351 [WARN] ModelIntegratedComponent:63 - No mode defined for component null
2023-11-16 11:26:53,351 [WARN] ModelIntegratedComponent:63 - No mode defined for component null
2023-11-16 11:26:53,351 [WARN] ModelIntegratedComponent:63 - No mode defined for component null
2023-11-16 11:26:53,351 [WARN] ModelIntegratedComponent:63 - No mode defined for component null
2023-11-16 11:26:53,351 [WARN] ModelIntegratedComponent:63 - No mode defined for component null
2023-11-16 11:26:53,351 [WARN] ModelIntegratedComponent:63 - No mode defined for component null
2023-11-16 11:26:53,351 [WARN] ModelIntegratedComponent:63 - No mode defined for component null
2023-11-16 11:26:53,351 [WARN] ModelIntegratedComponent:63 - No mode defined for component null
2023-11-16 11:26:53,351 [WARN] ModelIntegratedComponent:63 - No mode defined for component null
2023-11-16 11:26:53,351 [WARN] ModelIntegratedComponent:63 - No mode defined for component null
2023-11-16 11:26:53,351 [WARN] ModelIntegratedComponent:63 - No mode defined for component null
2023-11-16 11:26:53,351 [WARN] ModelIntegratedComponent:63 - No mode defined for component null
2023-11-16 11:26:53,351 [WARN] ModelIntegratedComponent:63 - No mode defined for component null
2023-11-16 11:26:53,351 [WARN] ModelIntegratedComponent:63 - No mode defined for component null
2023-11-16 11:26:53,351 [WARN] ModelIntegratedComponent:63 - No mode defined for component null
2023-11-16 11:26:53,351 [WARN] ModelIntegratedComponent:63 - No mode defined for component null
2023-11-16 11:26:53,351 [WARN] ModelIntegratedComponent:63 - No mode defined for component null
2023-11-16 11:26:53,351 [WARN] ModelIntegratedComponent:63 - No mode defined for component null
2023-11-16 11:26:53,351 [WARN] ModelIntegratedComponent:63 - No mode defined for component null
2023-11-16 11:26:53,351 [WARN] ModelIntegratedComponent:63 - No mode defined for component null
2023-11-16 11:26:53,351 [WARN] ModelIntegratedComponent:63 - No mode defined for component null
2023-11-16 11:26:53,351 [WARN] ModelIntegratedComponent:63 - No mode defined for component null
2023-11-16 11:26:53,406 [INFO] ThirdPartyModel:298 - Start build external matchings
2023-11-16 11:26:53,749 [INFO] ThirdPartyModel:316 - End build external matchings
2023-11-16 11:26:53,756 [INFO] ThirdPartyModel:298 - Start build external matchings
2023-11-16 11:26:54,095 [INFO] ThirdPartyModel:316 - End build external matchings
2023-11-16 11:26:54,107 [INFO] ImportTextPane:194 - (OptionalMessage_ERROR) IP (RCC) : Parameter (FDCANFreq_Value) has invalid value (75000000)
2023-11-16 11:26:54,107 [INFO] ImportTextPane:194 - (OptionalMessage_ERROR) IP (RCC) : Invalid parameter (FamilyName)
2023-11-16 11:26:54,107 [INFO] ImportTextPane:194 - (OptionalMessage_ERROR) IP (RCC) : Parameter (I2C4Freq_Value) has invalid value (75000000)
2023-11-16 11:26:54,107 [INFO] ImportTextPane:194 - (OptionalMessage_ERROR) IP (RCC) : Parameter (LPTIM2Freq_Value) has invalid value (75000000)
2023-11-16 11:26:54,107 [INFO] ImportTextPane:194 - (OptionalMessage_ERROR) IP (RCC) : Parameter (LPTIM345Freq_Value) has invalid value (75000000)
2023-11-16 11:26:54,107 [INFO] ImportTextPane:194 - (OptionalMessage_ERROR) IP (RCC) : Parameter (LPUART1Freq_Value) has invalid value (75000000)
2023-11-16 11:26:54,107 [INFO] ImportTextPane:194 - (OptionalMessage_ERROR) IP (RCC) : Parameter (SPI45Freq_Value) has invalid value (75000000)
2023-11-16 11:26:54,107 [INFO] ImportTextPane:194 - (OptionalMessage_ERROR) IP (RCC) : Parameter (SPI6Freq_Value) has invalid value (75000000)
2023-11-16 11:26:54,107 [INFO] ImportTextPane:194 - (OptionalMessage_ERROR) IP (RCC) : Parameter (USART16Freq_Value) has invalid value (75000000)
2023-11-16 11:26:54,107 [INFO] ImportTextPane:194 - (OptionalMessage_ERROR) IP (RCC) : Parameter (USBFreq_Value) has invalid value (75000000)
2023-11-16 11:26:54,239 [INFO] UtilMem:75 - End LoadConfig() Used Memory: 655851536 Bytes (1073741824)
2023-11-16 11:26:54,352 [INFO] ApiDb:581 - Connected to CubeFinder SQLite database (C:\Users\maxpr\.stmcufinder\plugins\mcufinder\mcu\cube-finder-db.db)
2023-11-16 11:26:54,401 [INFO] ApiDb:668 - CubeFinder database Data Model version=2.1
2023-11-16 11:26:54,401 [INFO] ApiDb:669 - CubeFinder database Configuration version=3.0.37
2023-11-16 11:26:54,401 [INFO] ApiDb:670 - CubeFinder database generation date=2023-10-13 (1697197505)
2023-11-16 11:26:54,401 [INFO] ApiDb:671 - CubeFinder database FW Pack versions=[FP-ATR-ASTRA1_V2.0.0, FP-SNS-FLIGHT1_V5.0.1, FP-SNS-FLIGHT1_V5.0.2, FP-SNS-MOTENV1_V4.3.1, FP-SNS-MOTENV1_V4.3.2, FP-SNS-SMARTAG2_V1.2.0, I-CUBE-ITTIADB_V8.6.3-1, STM32Cube_FW_C0_V1.1.0, STM32Cube_FW_F4_V1.27.1, STM32Cube_FW_F7_V1.17.0, STM32Cube_FW_G0_V1.6.1, STM32Cube_FW_G4_V1.5.1, STM32Cube_FW_H5_V0.5.1, STM32Cube_FW_H5_V1.1.1, STM32Cube_FW_H7_V1.11.0, STM32Cube_FW_L0_V1.12.2, STM32Cube_FW_L5_V1.5.0, STM32Cube_FW_U5_V1.3.0, STM32Cube_FW_U5_V1.3.0RC4, STM32Cube_FW_WBA_V1.0.0RC1, STM32Cube_FW_WBA_V1.1.0RC1, STM32Cube_FW_WBA_V1.1.1, STM32Cube_FW_WB_V1.15.0RC1, STM32Cube_FW_WB_V1.16.0, STM32Cube_FW_WB_V1.16.0RC2, STM32Cube_FW_WB_V1.17.3, STM32Cube_FW_WL_V1.3.0, X-CUBE-ALGOBUILD_V1.3.0, X-CUBE-ALS_V1.0.1, X-CUBE-AZRTOS-F4_V1.1.0, X-CUBE-AZRTOS-F7_V1.1.0, X-CUBE-AZRTOS-G0_V1.1.0, X-CUBE-AZRTOS-G4_V2.0.0, X-CUBE-AZRTOS-H7_V3.1.0, X-CUBE-AZRTOS-L4_V1.0.0, X-CUBE-AZRTOS-L4_V2.0.0, X-CUBE-AZRTOS-L5_V1.1.0, X-CUBE-AZRTOS-WB_V2.0.0, X-CUBE-AZRTOS-WL_V2.0.0, X-CUBE-BLE1_V7.0.0, X-CUBE-BLE2_V3.3.0, X-CUBE-BLEMGR_V2.0.0, X-CUBE-EEPRMA1_V4.1.0, X-CUBE-FREERTOS_V1.1.0, X-CUBE-GNSS1_V6.0.0, X-CUBE-MEMS1_V10.0.0, X-CUBE-MEMS1_V9.1.0, X-CUBE-MEMS1_V9.4.0, X-CUBE-MEMS1_V9.6.0, X-CUBE-NFC4_V3.0.0, X-CUBE-NFC7_V1.0.1, X-CUBE-SFXS2LP1_V4.0.0, X-CUBE-SUBG2_V5.0.0, X-CUBE-TOF1_V3.3.1]
2023-11-16 11:26:55,959 [INFO] ApiDb:240 - Found 323 in-development CPN: [B-G473E-ZEST1S, B-WB1M-WPAN1, B-WL5M-SUBG1, NUCLEO-C031C6, NUCLEO-H503RB, NUCLEO-H563ZI, NUCLEO-U545RE-Q, NUCLEO-U5A5ZJ-Q, NUCLEO-WBA52CG, STEVAL-PROTEUS1, STEVAL-SMARTAG2, STEVAL-STWINBX1, STM320518-EVAL, STM32C0116-DK, STM32C011D6Y3TR, STM32C011D6Y6TR, STM32C011F4P3, STM32C011F4P6, STM32C011F4U3, STM32C011F4U6TR, STM32C011F6P3, STM32C011F6P6, STM32C011F6U3, STM32C011F6U6TR, STM32C011J4M3, STM32C011J4M6, STM32C011J6M3, STM32C011J6M6, STM32C0316-DK, STM32C031C4T3, STM32C031C4T6, STM32C031C4U3, STM32C031C4U6, STM32C031C6T3, STM32C031C6T6, STM32C031C6U3, STM32C031C6U6, STM32C031F4P3, STM32C031F4P6, STM32C031F6P3, STM32C031F6P6, STM32C031G4U3, STM32C031G4U6, STM32C031G6U3, STM32C031G6U6, STM32C031K4T3, STM32C031K4T6, STM32C031K4U3, STM32C031K4U6, STM32C031K6T3, STM32C031K6T6, STM32C031K6U3, STM32C031K6U6, STM32G071K8TXN, STM32G071K8UXN, STM32G081GBU6N, STM32G081KBT6N, STM32G081KBUXN, STM32G0B1CCT6N, STM32G0B1KCT6, STM32G0B1NEY6TR, STM32G0B1RCT6N, STM32G0C1CCT6, STM32G0C1CCT6N, STM32G0C1CCU6N, STM32G0C1CET6N, STM32G0C1CEU6N, STM32G0C1KCT6, STM32G0C1NEY6TR, STM32G0C1RCI6N, STM32G0C1RCT6N, STM32G0C1REI6N, STM32G0C1RET6N, STM32G0C1VCI6, STM32G0C1VEI6, STM32G471CCT6, STM32G471CCU6, STM32G471CET3, STM32G471CET6, STM32G471CEU3, STM32G471CEU6, STM32G471MCT6, STM32G471MET3, STM32G471MET6, STM32G471MEY6TR, STM32G471QCT6, STM32G471QET3, STM32G471RCT6, STM32G471RET3, STM32G471RET6, STM32G471VCH6, STM32G471VCI6, STM32G471VCT6, STM32G471VEH3, STM32G471VEH6, STM32G471VEI3, STM32G471VEI6, STM32G471VET3, STM32G471VET6, STM32G474CCT6, STM32H503CBT6, STM32H503CBU6, STM32H503EBY6TR, STM32H503KBU6, STM32H503RBT6, STM32H562AGI6, STM32H562AII6, STM32H562IGK6, STM32H562IGT6, STM32H562IIK6, STM32H562IIT6, STM32H562RGT6, STM32H562RGV6, STM32H562RIT6, STM32H562RIV6, STM32H562VGT6, STM32H562VIT6, STM32H562ZGT6, STM32H562ZIT6, STM32H563AGI6, STM32H563AII3Q, STM32H563AII6, STM32H563IGK6, STM32H563IGT6, STM32H563IIK3Q, STM32H563IIK6, STM32H563IIT3Q, STM32H563IIT6, STM32H563MIY3QTR, STM32H563RGT6, STM32H563RGV6, STM32H563RIT6, STM32H563RIV6, STM32H563VGT6, STM32H563VIT3Q, STM32H563VIT6, STM32H563ZGT6, STM32H563ZIT3Q, STM32H563ZIT6, STM32H573AII3Q, STM32H573AII6, STM32H573I-DK, STM32H573IIK3Q, STM32H573IIK6, STM32H573IIT3Q, STM32H573IIT6, STM32H573MIY3QTR, STM32H573RIT6, STM32H573RIV6, STM32H573VIT3Q, STM32H573VIT6, STM32H573ZIT3Q, STM32H573ZIT6, STM32L4R5QGI6STR, STM32MP131AAE3, STM32MP131AAF3, STM32MP131AAG3, STM32MP131CAE3, STM32MP131CAF3, STM32MP131CAG3, STM32MP131DAE7, STM32MP131DAF7, STM32MP131DAG7, STM32MP131FAE7, STM32MP131FAF7, STM32MP131FAG7, STM32MP133AAE3, STM32MP133AAF3, STM32MP133AAG3, STM32MP133CAE3, STM32MP133CAF3, STM32MP133CAG3, STM32MP133DAE7, STM32MP133DAF7, STM32MP133DAG7, STM32MP133FAE7, STM32MP133FAF7, STM32MP133FAG7, STM32MP135AAE3, STM32MP135AAF3, STM32MP135AAG3, STM32MP135CAE3, STM32MP135CAF3, STM32MP135CAG3, STM32MP135DAE7, STM32MP135DAF7, STM32MP135DAG7, STM32MP135F-DK, STM32MP135FAE7, STM32MP135FAF7, STM32MP135FAF7T, STM32MP135FAF7U, STM32MP135FAG7, STM32U535CBT6, STM32U535CBT6Q, STM32U535CBU6, STM32U535CBU6Q, STM32U535CCT6, STM32U535CCT6Q, STM32U535CCU6, STM32U535CCU6Q, STM32U535CET6, STM32U535CET6Q, STM32U535CEU6, STM32U535CEU6Q, STM32U535JEY6QTR, STM32U535NCY6QTR, STM32U535NEY6QTR, STM32U535RBI6, STM32U535RBI6Q, STM32U535RBT6, STM32U535RBT6Q, STM32U535RCI6, STM32U535RCI6Q, STM32U535RCT6, STM32U535RCT6Q, STM32U535REI6, STM32U535REI6Q, STM32U535RET6, STM32U535RET6Q, STM32U535VCI6, STM32U535VCI6Q, STM32U535VCT6, STM32U535VCT6Q, STM32U535VEI6, STM32U535VEI6Q, STM32U535VET6, STM32U535VET6Q, STM32U545CET6, STM32U545CET6Q, STM32U545CEU6, STM32U545CEU6Q, STM32U545JEY6QTR, STM32U545NEY6QTR, STM32U545REI6, STM32U545REI6Q, STM32U545RET6, STM32U545RET6Q, STM32U545VEI6, STM32U545VEI6Q, STM32U545VET6, STM32U545VET6Q, STM32U595AIH6, STM32U595AIH6Q, STM32U595AJH6, STM32U595AJH6Q, STM32U595QII6, STM32U595QII6Q, STM32U595QJI6, STM32U595QJI6Q, STM32U595RIT6, STM32U595RIT6Q, STM32U595RJT6, STM32U595RJT6Q, STM32U595VIT6, STM32U595VIT6Q, STM32U595VJT6, STM32U595VJT6Q, STM32U595ZIT6, STM32U595ZIT6Q, STM32U595ZIY6QTR, STM32U595ZJT6, STM32U595ZJT6Q, STM32U595ZJY6QTR, STM32U599BJY6QTR, STM32U599NIH6Q, STM32U599NJH6Q, STM32U599VIT6Q, STM32U599VJT6, STM32U599VJT6Q, STM32U599ZIT6Q, STM32U599ZIY6QTR, STM32U599ZJT6Q, STM32U599ZJY6QTR, STM32U5A5AJH6, STM32U5A5AJH6Q, STM32U5A5QJI6, STM32U5A5QJI6Q, STM32U5A5RJT6, STM32U5A5RJT6Q, STM32U5A5VJT6, STM32U5A5VJT6Q, STM32U5A5ZJT6, STM32U5A5ZJT6Q, STM32U5A5ZJY6QTR, STM32U5A9BJY6QTR, STM32U5A9J-DK, STM32U5A9NJH6Q, STM32U5A9VJT6Q, STM32U5A9ZJT6Q, STM32U5A9ZJY6QTR, STM32U5F7VIT6, STM32U5F7VIT6Q, STM32U5F7VJT6, STM32U5F7VJT6Q, STM32U5F9BJY6QTR, STM32U5F9NJH6Q, STM32U5F9VIT6Q, STM32U5F9VJT6Q, STM32U5F9ZIJ6QTR, STM32U5F9ZIT6Q, STM32U5F9ZJJ6QTR, STM32U5F9ZJT6Q, STM32U5G7VJT6, STM32U5G7VJT6Q, STM32U5G9BJY6QTR, STM32U5G9J-DK1, STM32U5G9J-DK2, STM32U5G9NJH6Q, STM32U5G9VJT6Q, STM32U5G9ZJJ6QTR, STM32U5G9ZJT6Q, STM32WB1MMCH6, STM32WBA52CEU6, STM32WBA52CEU6T, STM32WBA52CGU6, STM32WBA52CGU6T, STM32WBA52KEU6, STM32WBA52KEU6T, STM32WBA52KGU6, STM32WBA52KGU6T, STM32WL5MOCH6, STM32WL5MOCH6TR]
2023-11-16 11:26:55,962 [INFO] DbMcus:217 - Found 3848 MCUs, 3848 are supported
2023-11-16 11:26:55,962 [INFO] ApiDb:423 - Load user favorites file C:\Users\maxpr/.stm32cubeide/favorites.mcus.txt: 0 item(s)
2023-11-16 11:26:55,962 [INFO] ApiDb:427 - User favorites MCUs=[]
2023-11-16 11:26:55,963 [INFO] DbMcus:223 - Set 0 / 0 favorites MCUs
2023-11-16 11:26:56,175 [WARN] ThirdParty:833 - waiting for thirdparty lock release [change project]
2023-11-16 11:26:56,175 [INFO] ThirdParty:835 - entering critical section [change project]
2023-11-16 11:26:56,175 [INFO] ThirdParty:1030 - CMSIS Pack Vendor :STMicroelectronics X-CUBE-ISPU 1.1.0
2023-11-16 11:26:56,175 [INFO] ThirdParty:1030 - CMSIS Pack Vendor :STMicroelectronics USBPD 4.1
2023-11-16 11:26:56,175 [INFO] ThirdParty:1030 - CMSIS Pack Vendor :STMicroelectronics X-CUBE-GNSS1 6.0.0
2023-11-16 11:26:56,175 [INFO] ThirdParty:1030 - CMSIS Pack Vendor :STMicroelectronics USB_HOST 2.0.0
2023-11-16 11:26:56,175 [INFO] ThirdParty:1030 - CMSIS Pack Vendor :STMicroelectronics X-CUBE-AZRTOS-F4 1.1.0
2023-11-16 11:26:56,175 [INFO] ThirdParty:1030 - CMSIS Pack Vendor :STMicroelectronics LIBJPEG 8.0.0
2023-11-16 11:26:56,175 [INFO] ThirdParty:1030 - CMSIS Pack Vendor :STMicroelectronics X-CUBE-SMBUS 2.1.0
2023-11-16 11:26:56,175 [INFO] ThirdParty:1030 - CMSIS Pack Vendor :wolfSSL I-CUBE-wolfSSL 5.6.0
2023-11-16 11:26:56,175 [INFO] ThirdParty:1030 - CMSIS Pack Vendor :STMicroelectronics USB_DEVICE 3.0.0
2023-11-16 11:26:56,175 [INFO] ThirdParty:1030 - CMSIS Pack Vendor :STMicroelectronics X-CUBE-AZRTOS-WB 2.0.0
2023-11-16 11:26:56,175 [INFO] ThirdParty:1030 - CMSIS Pack Vendor :STMicroelectronics X-CUBE-FREERTOS 1.0.1
2023-11-16 11:26:56,175 [INFO] ThirdParty:1030 - CMSIS Pack Vendor :STMicroelectronics X-CUBE-AZRTOS-F7 1.1.0
2023-11-16 11:26:56,175 [INFO] ThirdParty:1030 - CMSIS Pack Vendor :STMicroelectronics X-CUBE-TOUCHGFX 4.21.4
2023-11-16 11:26:56,175 [INFO] ThirdParty:1030 - CMSIS Pack Vendor :STMicroelectronics X-CUBE-AZRTOS-L5 2.0.0
2023-11-16 11:26:56,175 [INFO] ThirdParty:1030 - CMSIS Pack Vendor :STMicroelectronics USB_DEVICE 2.0.0
2023-11-16 11:26:56,175 [INFO] ThirdParty:1030 - CMSIS Pack Vendor :STMicroelectronics X-CUBE-MEMS1 9.6.0
2023-11-16 11:26:56,175 [INFO] ThirdParty:1030 - CMSIS Pack Vendor :STMicroelectronics X-CUBE-EEPRMA1 4.2.0
2023-11-16 11:26:56,175 [INFO] ThirdParty:1030 - CMSIS Pack Vendor :ITTIA_DB I-CUBE-ITTIADB 8.8.0
2023-11-16 11:26:56,175 [INFO] ThirdParty:1030 - CMSIS Pack Vendor :STMicroelectronics FP-SNS-MOTENV1 4.3.2
2023-11-16 11:26:56,175 [INFO] ThirdParty:1030 - CMSIS Pack Vendor :STMicroelectronics FP-SNS-MOTENV1 4.3.1
2023-11-16 11:26:56,175 [INFO] ThirdParty:1030 - CMSIS Pack Vendor :STMicroelectronics FP-SNS-FLIGHT1 5.0.1
2023-11-16 11:26:56,175 [INFO] ThirdParty:1030 - CMSIS Pack Vendor :STMicroelectronics X-CUBE-ALGOBUILD 1.3.0
2023-11-16 11:26:56,175 [INFO] ThirdParty:1030 - CMSIS Pack Vendor :STMicroelectronics X-CUBE-BLE1 6.2.4
2023-11-16 11:26:56,175 [INFO] ThirdParty:1030 - CMSIS Pack Vendor :STMicroelectronics X-CUBE-AZRTOS-L5 1.1.0
2023-11-16 11:26:56,175 [INFO] ThirdParty:1030 - CMSIS Pack Vendor :STMicroelectronics FreeRTOS 0.0.1
2023-11-16 11:26:56,175 [INFO] ThirdParty:1030 - CMSIS Pack Vendor :STMicroelectronics X-CUBE-AZRTOS-G0 1.1.0
2023-11-16 11:26:56,175 [INFO] ThirdParty:1030 - CMSIS Pack Vendor :emotas I-CUBE-CANOPEN 1.1.3
2023-11-16 11:26:56,175 [INFO] ThirdParty:1030 - CMSIS Pack Vendor :STMicroelectronics X-CUBE-BLEMGR 2.0.0
2023-11-16 11:26:56,175 [INFO] ThirdParty:1030 - CMSIS Pack Vendor :STMicroelectronics X-CUBE-AI 8.0.1
2023-11-16 11:26:56,175 [INFO] ThirdParty:1030 - CMSIS Pack Vendor :STMicroelectronics X-CUBE-NFC4 3.0.0
2023-11-16 11:26:56,175 [INFO] ThirdParty:1030 - CMSIS Pack Vendor :STMicroelectronics X-CUBE-SUBG2 5.0.0
2023-11-16 11:26:56,175 [INFO] ThirdParty:1030 - CMSIS Pack Vendor :STMicroelectronics STM32_WPAN 1.0.0
2023-11-16 11:26:56,175 [INFO] ThirdParty:1030 - CMSIS Pack Vendor :STMicroelectronics lwIP 2.0.3
2023-11-16 11:26:56,175 [INFO] ThirdParty:1030 - CMSIS Pack Vendor :STMicroelectronics FP-SNS-FLIGHT1 5.0.2
2023-11-16 11:26:56,175 [INFO] ThirdParty:1030 - CMSIS Pack Vendor :STMicroelectronics USB_HOST 1.0.0
2023-11-16 11:26:56,175 [INFO] ThirdParty:1030 - CMSIS Pack Vendor :STMicroelectronics X-CUBE-TOF1 3.3.1
2023-11-16 11:26:56,175 [INFO] ThirdParty:1030 - CMSIS Pack Vendor :STMicroelectronics X-CUBE-AZRTOS-G4 2.0.0
2023-11-16 11:26:56,175 [INFO] ThirdParty:1030 - CMSIS Pack Vendor :STMicroelectronics PDM2PCM 3.1.0
2023-11-16 11:26:56,175 [INFO] ThirdParty:1030 - CMSIS Pack Vendor :STMicroelectronics X-CUBE-AZRTOS-H7 3.1.0
2023-11-16 11:26:56,175 [INFO] ThirdParty:1030 - CMSIS Pack Vendor :STMicroelectronics X-CUBE-TOF1 3.3.0
2023-11-16 11:26:56,175 [INFO] ThirdParty:1030 - CMSIS Pack Vendor :Infineon AIROC-Wi-Fi-Bluetooth-STM32 1.5.1
2023-11-16 11:26:56,175 [INFO] ThirdParty:1030 - CMSIS Pack Vendor :STMicroelectronics X-CUBE-BLEMGR 3.0.0
2023-11-16 11:26:56,175 [INFO] ThirdParty:1030 - CMSIS Pack Vendor :STMicroelectronics PDM2PCM 3.3.0
2023-11-16 11:26:56,175 [INFO] ThirdParty:1030 - CMSIS Pack Vendor :STMicroelectronics X-CUBE-DISPLAY 3.0.0
2023-11-16 11:26:56,175 [INFO] ThirdParty:1030 - CMSIS Pack Vendor :STMicroelectronics FP-SNS-MOTENVWB1 1.3.0
2023-11-16 11:26:56,176 [INFO] ThirdParty:1030 - CMSIS Pack Vendor :STMicroelectronics X-CUBE-BLE1 7.0.0
2023-11-16 11:26:56,176 [INFO] ThirdParty:1030 - CMSIS Pack Vendor :STMicroelectronics FP-ATR-SIGFOX1 3.2.0
2023-11-16 11:26:56,176 [INFO] ThirdParty:1030 - CMSIS Pack Vendor :STMicroelectronics HAL Drivers 0.0.0
2023-11-16 11:26:56,176 [INFO] ThirdParty:1030 - CMSIS Pack Vendor :STMicroelectronics MBEDTLS 2.16.2
2023-11-16 11:26:56,176 [INFO] ThirdParty:1030 - CMSIS Pack Vendor :STMicroelectronics X-CUBE-MEMS1 10.0.0
2023-11-16 11:26:56,176 [INFO] ThirdParty:1030 - CMSIS Pack Vendor :STMicroelectronics X-CUBE-FREERTOS 1.1.0
2023-11-16 11:26:56,176 [INFO] ThirdParty:1030 - CMSIS Pack Vendor :STMicroelectronics X-CUBE-TOUCHGFX 4.22.0
2023-11-16 11:26:56,176 [INFO] ThirdParty:1030 - CMSIS Pack Vendor :STMicroelectronics X-CUBE-NFC7 1.0.1
2023-11-16 11:26:56,176 [INFO] ThirdParty:1030 - CMSIS Pack Vendor :STMicroelectronics MBEDTLS 2.14.1
2023-11-16 11:26:56,176 [INFO] ThirdParty:1030 - CMSIS Pack Vendor :STMicroelectronics X-CUBE-NFC7 1.0.0
2023-11-16 11:26:56,176 [INFO] ThirdParty:1030 - CMSIS Pack Vendor :STMicroelectronics X-CUBE-TOUCHGFX 4.22.1
2023-11-16 11:26:56,176 [INFO] ThirdParty:1030 - CMSIS Pack Vendor :STMicroelectronics X-CUBE-NFC6 3.0.0
2023-11-16 11:26:56,176 [INFO] ThirdParty:1030 - CMSIS Pack Vendor :STMicroelectronics X-CUBE-EEPRMA1 4.1.0
2023-11-16 11:26:56,176 [INFO] ThirdParty:1030 - CMSIS Pack Vendor :portGmbH I-Cube-SoM-uGOAL 1.1.0
2023-11-16 11:26:56,176 [INFO] ThirdParty:1030 - CMSIS Pack Vendor :STMicroelectronics X-CUBE-ALS 1.0.1
2023-11-16 11:26:56,176 [INFO] ThirdParty:1030 - CMSIS Pack Vendor :STMicroelectronics ThreadX 1.0.0
2023-11-16 11:26:56,176 [INFO] ThirdParty:1030 - CMSIS Pack Vendor :STMicroelectronics FP-SNS-SMARTAG2 1.2.0
2023-11-16 11:26:56,176 [INFO] ThirdParty:1030 - CMSIS Pack Vendor :STMicroelectronics X-CUBE-AZRTOS-WB 1.1.0
2023-11-16 11:26:56,176 [INFO] ThirdParty:1030 - CMSIS Pack Vendor :SEGGER I-CUBE-embOS 1.3.1
2023-11-16 11:26:56,176 [INFO] ThirdParty:1030 - CMSIS Pack Vendor :STMicroelectronics USB_DEVICE 1.0.0
2023-11-16 11:26:56,176 [INFO] ThirdParty:1030 - CMSIS Pack Vendor :STMicroelectronics X-CUBE-AI 8.1.0
2023-11-16 11:26:56,176 [INFO] ThirdParty:1030 - CMSIS Pack Vendor :STMicroelectronics X-CUBE-AZRTOS-L4 2.0.0
2023-11-16 11:26:56,176 [INFO] ThirdParty:1030 - CMSIS Pack Vendor :STMicroelectronics ThreadX 0.0.2
2023-11-16 11:26:56,176 [INFO] ThirdParty:1030 - CMSIS Pack Vendor :WES I-CUBE-Cesium 1.3.0
2023-11-16 11:26:56,176 [INFO] ThirdParty:1030 - CMSIS Pack Vendor :STMicroelectronics FP-ATR-ASTRA1 2.0.0
2023-11-16 11:26:56,176 [INFO] ThirdParty:1030 - CMSIS Pack Vendor :STMicroelectronics lwIP 2.1.2
2023-11-16 11:26:56,176 [INFO] ThirdParty:1030 - CMSIS Pack Vendor :STMicroelectronics X-CUBE-SFXS2LP1 4.0.0
2023-11-16 11:26:56,176 [INFO] ThirdParty:1030 - CMSIS Pack Vendor :STMicroelectronics X-CUBE-BLE2 3.3.0
2023-11-16 11:26:56,176 [INFO] ThirdParty:1030 - CMSIS Pack Vendor :STMicroelectronics PDM2PCM 3.2.0
2023-11-16 11:26:56,176 [INFO] ThirdParty:841 - exiting critical section [change project]
2023-11-16 11:26:56,673 [INFO] PinOutPanel:1499 - setPackage(No Configuration,No Configuration)
2023-11-16 11:26:56,675 [INFO] PinOutPanel:1499 - setPackage(STM32H755ZITx,LQFP144)
2023-11-16 11:26:57,363 [INFO] UtilMem:75 - Before build in PCC Used Memory: 828248760 Bytes (1073741824)
2023-11-16 11:26:58,295 [INFO] UtilMem:75 - After build in PCC Used Memory: 639258400 Bytes (1073741824)
2023-11-16 11:26:58,321 [INFO] IPUIPlugin:80 - create IPUIPlugin
2023-11-16 11:26:58,321 [INFO] IPUIPlugin:80 - create IPUIPlugin
2023-11-16 11:26:58,321 [INFO] IPUIPlugin:80 - create IPUIPlugin
2023-11-16 11:26:58,321 [INFO] IPUIPlugin:80 - create IPUIPlugin
2023-11-16 11:26:58,321 [INFO] IPUIPlugin:80 - create IPUIPlugin
2023-11-16 11:26:58,321 [INFO] IPUIPlugin:80 - create IPUIPlugin
2023-11-16 11:26:58,321 [INFO] IPUIPlugin:80 - create IPUIPlugin
2023-11-16 11:26:58,321 [INFO] IPUIPlugin:80 - create IPUIPlugin
2023-11-16 11:26:58,321 [INFO] IPUIPlugin:80 - create IPUIPlugin
2023-11-16 11:26:58,321 [INFO] IPUIPlugin:80 - create IPUIPlugin
2023-11-16 11:26:58,321 [INFO] IPUIPlugin:80 - create IPUIPlugin
2023-11-16 11:26:58,322 [INFO] IPUIPlugin:80 - create IPUIPlugin
2023-11-16 11:26:58,322 [INFO] IPUIPlugin:80 - create IPUIPlugin
2023-11-16 11:26:58,322 [INFO] IPUIPlugin:80 - create IPUIPlugin
2023-11-16 11:26:58,322 [INFO] IPUIPlugin:80 - create IPUIPlugin
2023-11-16 11:26:58,322 [INFO] IPUIPlugin:80 - create IPUIPlugin
2023-11-16 11:26:58,322 [INFO] IPUIPlugin:80 - create IPUIPlugin
2023-11-16 11:26:58,322 [INFO] IPUIPlugin:80 - create IPUIPlugin
2023-11-16 11:26:58,322 [INFO] IPUIPlugin:80 - create IPUIPlugin
2023-11-16 11:26:58,322 [INFO] IPUIPlugin:80 - create IPUIPlugin
2023-11-16 11:26:58,322 [INFO] IPUIPlugin:80 - create IPUIPlugin
2023-11-16 11:26:58,322 [INFO] IPUIPlugin:80 - create IPUIPlugin
2023-11-16 11:26:58,322 [INFO] IPUIPlugin:80 - create IPUIPlugin
2023-11-16 11:26:58,322 [INFO] IPUIPlugin:80 - create IPUIPlugin
2023-11-16 11:26:58,322 [INFO] IPUIPlugin:80 - create IPUIPlugin
2023-11-16 11:26:58,322 [INFO] IPUIPlugin:80 - create IPUIPlugin
2023-11-16 11:26:58,329 [INFO] IPUIPlugin:80 - create IPUIPlugin
2023-11-16 11:26:58,329 [INFO] IPUIPlugin:80 - create IPUIPlugin
2023-11-16 11:26:58,329 [INFO] IPUIPlugin:80 - create IPUIPlugin
2023-11-16 11:26:58,329 [INFO] IPUIPlugin:80 - create IPUIPlugin
2023-11-16 11:26:58,329 [INFO] IPUIPlugin:80 - create IPUIPlugin
2023-11-16 11:26:58,329 [INFO] IPUIPlugin:80 - create IPUIPlugin
2023-11-16 11:26:58,329 [INFO] IPUIPlugin:80 - create IPUIPlugin
2023-11-16 11:26:58,329 [INFO] IPUIPlugin:80 - create IPUIPlugin
2023-11-16 11:26:58,330 [INFO] IPUIPlugin:80 - create IPUIPlugin
2023-11-16 11:26:58,330 [INFO] IPUIPlugin:80 - create IPUIPlugin
2023-11-16 11:26:58,330 [INFO] IPUIPlugin:80 - create IPUIPlugin
2023-11-16 11:26:58,330 [INFO] IPUIPlugin:80 - create IPUIPlugin
2023-11-16 11:26:58,330 [INFO] IPUIPlugin:80 - create IPUIPlugin
2023-11-16 11:26:58,331 [INFO] IPUIPlugin:80 - create IPUIPlugin
2023-11-16 11:26:58,331 [INFO] IPUIPlugin:80 - create IPUIPlugin
2023-11-16 11:26:58,332 [INFO] IPUIPlugin:80 - create IPUIPlugin
2023-11-16 11:26:58,332 [INFO] IPUIPlugin:80 - create IPUIPlugin
2023-11-16 11:26:58,332 [INFO] IPUIPlugin:80 - create IPUIPlugin
2023-11-16 11:26:58,332 [INFO] IPUIPlugin:80 - create IPUIPlugin
2023-11-16 11:26:58,332 [INFO] IPUIPlugin:80 - create IPUIPlugin
2023-11-16 11:26:58,332 [INFO] IPUIPlugin:80 - create IPUIPlugin
2023-11-16 11:26:58,332 [INFO] IPUIPlugin:80 - create IPUIPlugin
2023-11-16 11:26:58,332 [INFO] IPUIPlugin:80 - create IPUIPlugin
2023-11-16 11:26:58,332 [INFO] IPUIPlugin:80 - create IPUIPlugin
2023-11-16 11:26:58,333 [INFO] IPUIPlugin:80 - create IPUIPlugin
2023-11-16 11:26:58,333 [INFO] IPUIPlugin:80 - create IPUIPlugin
2023-11-16 11:26:58,333 [INFO] IPUIPlugin:80 - create IPUIPlugin
2023-11-16 11:26:58,333 [INFO] IPUIPlugin:80 - create IPUIPlugin
2023-11-16 11:26:58,333 [INFO] IPUIPlugin:80 - create IPUIPlugin
2023-11-16 11:26:58,333 [INFO] IPUIPlugin:80 - create IPUIPlugin
2023-11-16 11:26:58,333 [INFO] IPUIPlugin:80 - create IPUIPlugin
2023-11-16 11:26:58,333 [INFO] IPUIPlugin:80 - create IPUIPlugin
2023-11-16 11:26:58,333 [INFO] IPUIPlugin:80 - create IPUIPlugin
2023-11-16 11:26:58,334 [INFO] IPUIPlugin:80 - create IPUIPlugin
2023-11-16 11:26:58,334 [INFO] IPUIPlugin:80 - create IPUIPlugin
2023-11-16 11:26:58,334 [INFO] IPUIPlugin:80 - create IPUIPlugin
2023-11-16 11:26:58,334 [INFO] IPUIPlugin:80 - create IPUIPlugin
2023-11-16 11:26:58,334 [INFO] IPUIPlugin:80 - create IPUIPlugin
2023-11-16 11:26:58,334 [INFO] IPUIPlugin:80 - create IPUIPlugin
2023-11-16 11:26:58,335 [INFO] IPUIPlugin:80 - create IPUIPlugin
2023-11-16 11:26:58,335 [INFO] IPUIPlugin:80 - create IPUIPlugin
2023-11-16 11:26:58,335 [INFO] IPUIPlugin:80 - create IPUIPlugin
2023-11-16 11:26:58,335 [INFO] IPUIPlugin:80 - create IPUIPlugin
2023-11-16 11:26:58,335 [INFO] IPUIPlugin:80 - create IPUIPlugin
2023-11-16 11:26:58,335 [INFO] IPUIPlugin:80 - create IPUIPlugin
2023-11-16 11:26:58,335 [INFO] IPUIPlugin:80 - create IPUIPlugin
2023-11-16 11:26:58,336 [INFO] IPUIPlugin:80 - create IPUIPlugin
2023-11-16 11:26:58,336 [INFO] IPUIPlugin:80 - create IPUIPlugin
2023-11-16 11:26:58,336 [INFO] IPUIPlugin:80 - create IPUIPlugin
2023-11-16 11:26:58,336 [INFO] IPUIPlugin:80 - create IPUIPlugin
2023-11-16 11:26:58,336 [INFO] IPUIPlugin:80 - create IPUIPlugin
2023-11-16 11:26:58,336 [INFO] IPUIPlugin:80 - create IPUIPlugin
2023-11-16 11:26:58,336 [INFO] IPUIPlugin:80 - create IPUIPlugin
2023-11-16 11:26:58,336 [INFO] IPUIPlugin:80 - create IPUIPlugin
2023-11-16 11:26:58,337 [INFO] IPUIPlugin:80 - create IPUIPlugin
2023-11-16 11:26:58,337 [INFO] IPUIPlugin:80 - create IPUIPlugin
2023-11-16 11:26:58,337 [INFO] IPUIPlugin:80 - create IPUIPlugin
2023-11-16 11:26:58,337 [INFO] IPUIPlugin:80 - create IPUIPlugin
2023-11-16 11:26:58,337 [INFO] IPUIPlugin:80 - create IPUIPlugin
2023-11-16 11:26:58,337 [INFO] IPUIPlugin:80 - create IPUIPlugin
2023-11-16 11:26:58,338 [INFO] IPUIPlugin:80 - create IPUIPlugin
2023-11-16 11:26:58,338 [INFO] IPUIPlugin:80 - create IPUIPlugin
2023-11-16 11:26:58,338 [INFO] IPUIPlugin:80 - create IPUIPlugin
2023-11-16 11:26:58,338 [INFO] IPUIPlugin:80 - create IPUIPlugin
2023-11-16 11:26:58,338 [INFO] IPUIPlugin:80 - create IPUIPlugin
2023-11-16 11:26:58,339 [INFO] IPUIPlugin:80 - create IPUIPlugin
2023-11-16 11:26:58,339 [INFO] IPUIPlugin:80 - create IPUIPlugin
2023-11-16 11:26:58,339 [INFO] IPUIPlugin:80 - create IPUIPlugin
2023-11-16 11:26:58,339 [INFO] IPUIPlugin:80 - create IPUIPlugin
2023-11-16 11:26:58,339 [INFO] IPUIPlugin:80 - create IPUIPlugin
2023-11-16 11:26:58,340 [INFO] IPUIPlugin:80 - create IPUIPlugin
2023-11-16 11:26:58,340 [INFO] IPUIPlugin:80 - create IPUIPlugin
2023-11-16 11:26:58,340 [INFO] IPUIPlugin:80 - create IPUIPlugin
2023-11-16 11:26:58,340 [INFO] IPUIPlugin:80 - create IPUIPlugin
2023-11-16 11:26:58,341 [INFO] IPUIPlugin:80 - create IPUIPlugin
2023-11-16 11:26:58,341 [INFO] IPUIPlugin:80 - create IPUIPlugin
2023-11-16 11:26:58,341 [INFO] IPUIPlugin:80 - create IPUIPlugin
2023-11-16 11:26:58,341 [INFO] IPUIPlugin:80 - create IPUIPlugin
2023-11-16 11:26:58,342 [INFO] IPUIPlugin:80 - create IPUIPlugin
2023-11-16 11:26:58,342 [INFO] IPUIPlugin:80 - create IPUIPlugin
2023-11-16 11:26:58,342 [INFO] IPUIPlugin:80 - create IPUIPlugin
2023-11-16 11:26:58,343 [INFO] IPUIPlugin:80 - create IPUIPlugin
2023-11-16 11:26:58,343 [INFO] IPUIPlugin:80 - create IPUIPlugin
2023-11-16 11:26:58,343 [INFO] IPUIPlugin:80 - create IPUIPlugin
2023-11-16 11:26:58,344 [INFO] IPUIPlugin:80 - create IPUIPlugin
2023-11-16 11:26:58,344 [INFO] IPUIPlugin:80 - create IPUIPlugin
2023-11-16 11:26:58,462 [INFO] ApiDbMcu:507 - Load IP Config File for PDM2PCM
2023-11-16 11:26:58,473 [INFO] ApiDbMcu:507 - Load IP Config File for PDM2PCM
2023-11-16 11:26:58,654 [INFO] CADModel:165 - CPN selected for project levelSTM32H755ZIT3
2023-11-16 11:26:58,654 [INFO] CADModel:114 - Register for checkConnection events
2023-11-16 11:26:58,692 [INFO] OpenFileManager:328 - Restore cursor
2023-11-16 11:56:32,929 [ERROR] LogOutputStream:75 - [STDERR_REDIRECT] 
