2023-11-20 00:00:29,958 [ERROR] LogOutputStream:75 - [STDERR_REDIRECT] 
2023-11-20 12:30:20,217 [INFO] Activator:176 - 


2023-11-20 12:30:20,219 [INFO] Activator:177 - !SESSION log4j initialized
2023-11-20 12:30:24,716 [INFO] LogOutputStream:77 - [STDOUT_REDIRECT] 
2023-11-20 12:30:26,564 [INFO] ApplicationProperties:184 - Using Application install path: C:\ST\STM32CubeIDE_1.10.1\STM32CubeIDE\plugins\com.st.stm32cube.common.mx_6.9.2.202309101412
2023-11-20 12:30:26,588 [INFO] DbMcusXml:78 - Set database path to: C:\ST\STM32CubeIDE_1.10.1\STM32CubeIDE\plugins\com.st.stm32cube.common.mx_6.9.2.202309101412\\db\/mcu/
2023-11-20 12:30:26,589 [INFO] ApiDb:274 - Set plugin database path to: C:\ST\STM32CubeIDE_1.10.1\STM32CubeIDE\plugins\com.st.stm32cube.common.mx_6.9.2.202309101412\\db\/plugins/boardmanager/
2023-11-20 12:30:26,590 [WARN] ApiDb:259 - Overriding images path with different value:  => C:\ST\STM32CubeIDE_1.10.1\STM32CubeIDE\plugins\com.st.stm32cube.common.mx_6.9.2.202309101412\\db\/plugins/mcufinder/images/
2023-11-20 12:30:26,602 [INFO] ApiDb:250 - Set database path to: C:\Users\maxpr\.stmcufinder\plugins\mcufinder//mcu/
2023-11-20 12:30:26,603 [INFO] DbMcusAds:125 - Set database path to: C:\Users\maxpr\.stmcufinder\plugins\mcufinder//mcu/
2023-11-20 12:30:26,605 [INFO] CrossReferenceDbSqlite:203 - Set database path to: C:\Users\maxpr\.stmcufinder\plugins\mcufinder//mcu/cs/
2023-11-20 12:30:26,689 [INFO] RulesReader:64 - Compatibility file has been processed (293 Rules)
2023-11-20 12:30:26,752 [INFO] DbMcusXml:78 - Set database path to: C:\ST\STM32CubeIDE_1.10.1\STM32CubeIDE\plugins\com.st.stm32cube.common.mx_6.9.2.202309101412\\db\/mcu/
2023-11-20 12:30:26,752 [INFO] ApiDb:274 - Set plugin database path to: C:\ST\STM32CubeIDE_1.10.1\STM32CubeIDE\plugins\com.st.stm32cube.common.mx_6.9.2.202309101412\\db\/plugins/boardmanager/
2023-11-20 12:30:26,752 [INFO] ApiDb:261 - Set plugin images path to: C:\ST\STM32CubeIDE_1.10.1\STM32CubeIDE\plugins\com.st.stm32cube.common.mx_6.9.2.202309101412\\db\/plugins/mcufinder/images/
2023-11-20 12:30:26,752 [WARN] DbFile:41 - Overriding database path with different value: C:\Users\maxpr\.stmcufinder\plugins\mcufinder/ => C:\Users\maxpr\.stmcufinder\plugins\mcufinder
2023-11-20 12:30:26,752 [INFO] ApiDb:250 - Set database path to: C:\Users\maxpr\.stmcufinder\plugins\mcufinder//mcu/
2023-11-20 12:30:26,752 [WARN] DbFile:41 - Overriding database path with different value: C:\Users\maxpr\.stmcufinder\plugins\mcufinder/ => C:\Users\maxpr\.stmcufinder\plugins\mcufinder
2023-11-20 12:30:26,752 [INFO] DbMcusAds:125 - Set database path to: C:\Users\maxpr\.stmcufinder\plugins\mcufinder//mcu/
2023-11-20 12:30:26,752 [WARN] DbFile:41 - Overriding database path with different value: C:\Users\maxpr\.stmcufinder\plugins\mcufinder/ => C:\Users\maxpr\.stmcufinder\plugins\mcufinder
2023-11-20 12:30:26,752 [WARN] DbFile:41 - Overriding database path with different value: C:\Users\maxpr\.stmcufinder\plugins\mcufinder/ => C:\Users\maxpr\.stmcufinder\plugins\mcufinder
2023-11-20 12:30:26,752 [INFO] CrossReferenceDbSqlite:203 - Set database path to: C:\Users\maxpr\.stmcufinder\plugins\mcufinder//mcu/cs/
2023-11-20 12:30:26,812 [INFO] MainPanel:262 - HeapMemory: 268435456
2023-11-20 12:30:26,876 [INFO] DbMcusXml:78 - Set database path to: C:\ST\STM32CubeIDE_1.10.1\STM32CubeIDE\plugins\com.st.stm32cube.common.mx_6.9.2.202309101412\\db\/mcu/
2023-11-20 12:30:26,876 [INFO] ApiDb:274 - Set plugin database path to: C:\ST\STM32CubeIDE_1.10.1\STM32CubeIDE\plugins\com.st.stm32cube.common.mx_6.9.2.202309101412\\db\/plugins/boardmanager/
2023-11-20 12:30:26,876 [INFO] ApiDb:261 - Set plugin images path to: C:\ST\STM32CubeIDE_1.10.1\STM32CubeIDE\plugins\com.st.stm32cube.common.mx_6.9.2.202309101412\\db\/plugins/mcufinder/images/
2023-11-20 12:30:26,877 [WARN] DbFile:41 - Overriding database path with different value: C:\Users\maxpr\.stmcufinder\plugins\mcufinder/ => C:\Users\maxpr\.stmcufinder\plugins\mcufinder
2023-11-20 12:30:26,877 [INFO] ApiDb:250 - Set database path to: C:\Users\maxpr\.stmcufinder\plugins\mcufinder//mcu/
2023-11-20 12:30:26,877 [WARN] DbFile:41 - Overriding database path with different value: C:\Users\maxpr\.stmcufinder\plugins\mcufinder/ => C:\Users\maxpr\.stmcufinder\plugins\mcufinder
2023-11-20 12:30:26,877 [INFO] DbMcusAds:125 - Set database path to: C:\Users\maxpr\.stmcufinder\plugins\mcufinder//mcu/
2023-11-20 12:30:26,877 [WARN] DbFile:41 - Overriding database path with different value: C:\Users\maxpr\.stmcufinder\plugins\mcufinder/ => C:\Users\maxpr\.stmcufinder\plugins\mcufinder
2023-11-20 12:30:26,877 [WARN] DbFile:41 - Overriding database path with different value: C:\Users\maxpr\.stmcufinder\plugins\mcufinder/ => C:\Users\maxpr\.stmcufinder\plugins\mcufinder
2023-11-20 12:30:26,877 [INFO] CrossReferenceDbSqlite:203 - Set database path to: C:\Users\maxpr\.stmcufinder\plugins\mcufinder//mcu/cs/
2023-11-20 12:30:26,894 [INFO] ApplicationProperties:184 - Using Application install path: C:\ST\STM32CubeIDE_1.10.1\STM32CubeIDE\plugins\com.st.stm32cube.common.mx_6.9.2.202309101412
2023-11-20 12:30:26,895 [INFO] PluginManage:196 - Search for loadable plugins [exclusion list=, ]
2023-11-20 12:30:26,896 [INFO] PluginManage:310 - Check plugin analytics
2023-11-20 12:30:27,029 [INFO] AnalyticsPlugin:253 - Accepted Software Licenses: 
2023-11-20 12:30:27,029 [INFO] AnalyticsPlugin:255 - Accepted CMSIS Pack Licenses: 
2023-11-20 12:30:27,030 [INFO] AnalyticsPlugin:257 - Accepted Firmware Licenses: FW.H7.1.11.0,FW.H7.1.10.0
2023-11-20 12:30:27,032 [INFO] PluginManage:359 - Loaded plugin analytics (category:tool,tabindex:-1)
2023-11-20 12:30:27,032 [INFO] PluginManage:310 - Check plugin cadmodel
2023-11-20 12:30:27,043 [INFO] CADModel:105 - Init CAD model plugin
2023-11-20 12:30:27,043 [INFO] PluginManage:359 - Loaded plugin cadmodel (category:power,tabindex:5)
2023-11-20 12:30:27,043 [INFO] PluginManage:310 - Check plugin clock
2023-11-20 12:30:27,059 [INFO] PluginManage:359 - Loaded plugin clock (category:base,tabindex:2)
2023-11-20 12:30:27,059 [INFO] PluginManage:310 - Check plugin ddr
2023-11-20 12:30:27,061 [INFO] PluginManage:359 - Loaded plugin ddr (category:tool,tabindex:6)
2023-11-20 12:30:27,061 [INFO] PluginManage:310 - Check plugin filemanager
2023-11-20 12:30:27,152 [INFO] PluginManage:359 - Loaded plugin filemanager (category:base,tabindex:10)
2023-11-20 12:30:27,153 [INFO] PluginManage:310 - Check plugin ipmanager
2023-11-20 12:30:27,157 [INFO] PluginManage:359 - Loaded plugin ipmanager (category:base,tabindex:5)
2023-11-20 12:30:27,158 [INFO] PluginManage:310 - Check plugin lpbam
2023-11-20 12:30:27,169 [INFO] PluginManage:359 - Loaded plugin lpbam (category:base,tabindex:0)
2023-11-20 12:30:27,169 [INFO] PluginManage:310 - Check plugin memorymap
2023-11-20 12:30:27,184 [INFO] PluginManage:359 - Loaded plugin memorymap (category:base,tabindex:4)
2023-11-20 12:30:27,184 [INFO] PluginManage:310 - Check plugin pinoutandconfiguration
2023-11-20 12:30:27,195 [INFO] PluginManage:359 - Loaded plugin pinoutandconfiguration (category:base,tabindex:1)
2023-11-20 12:30:27,195 [INFO] PluginManage:310 - Check plugin pinoutconfig
2023-11-20 12:30:27,260 [WARN] SupportedApi:132 - Cannot load RTOS API schema: s4s-elt-must-match.1: The content of 'definitions' must match (annotation?, (simpleType | complexType)?, (unique | key | keyref)*)). A problem was found starting at: attribute.
2023-11-20 12:30:27,354 [INFO] PluginManage:359 - Loaded plugin pinoutconfig (category:base,tabindex:0)
2023-11-20 12:30:27,355 [INFO] PluginManage:310 - Check plugin power
2023-11-20 12:30:27,368 [INFO] PluginManage:359 - Loaded plugin power (category:power,tabindex:4)
2023-11-20 12:30:27,369 [INFO] PluginManage:310 - Check plugin projectmanager
2023-11-20 12:30:27,382 [INFO] PluginManage:359 - Loaded plugin projectmanager (category:projectmanager,tabindex:3)
2023-11-20 12:30:27,382 [INFO] PluginManage:310 - Check plugin thirdparty
2023-11-20 12:30:27,566 [INFO] PluginManage:359 - Loaded plugin thirdparty (category:base,tabindex:-1)
2023-11-20 12:30:27,566 [INFO] PluginManage:310 - Check plugin tools
2023-11-20 12:30:27,566 [WARN] IntegrityCheckThread:84 - waiting for thirdparty lock release [integrity check]
2023-11-20 12:30:27,566 [INFO] IntegrityCheckThread:86 - entering critical section [integrity check]
2023-11-20 12:30:27,566 [INFO] ThirdPartyUpdaterWithRetryManager:70 - Updater plugin not ready yet. [1/15]
2023-11-20 12:30:27,584 [INFO] PluginManage:359 - Loaded plugin tools (category:base,tabindex:7)
2023-11-20 12:30:27,584 [INFO] PluginManage:310 - Check plugin tutovideos
2023-11-20 12:30:27,714 [INFO] PluginManage:359 - Loaded plugin tutovideos (category:base,tabindex:-1)
2023-11-20 12:30:27,714 [INFO] PluginManage:310 - Check plugin updater
2023-11-20 12:30:27,724 [INFO] PluginManage:359 - Loaded plugin updater (category:base,tabindex:12)
2023-11-20 12:30:27,724 [INFO] PluginManage:310 - Check plugin userauth
2023-11-20 12:30:27,728 [INFO] UserAuth:113 - Init User Auth plugin
2023-11-20 12:30:27,728 [INFO] PluginManage:359 - Loaded plugin userauth (category:base,tabindex:14)
2023-11-20 12:30:27,728 [INFO] PluginManage:283 - PluginManage : Loaded plugins [17]
2023-11-20 12:30:27,885 [INFO] PinOutPanel:1499 - setPackage(No Configuration,No Configuration)
2023-11-20 12:30:27,954 [INFO] CADModel:165 - CPN selected for project level
2023-11-20 12:30:27,954 [INFO] CADModel:114 - Register for checkConnection events
2023-11-20 12:30:27,973 [INFO] IPUIPlugin:80 - create IPUIPlugin
2023-11-20 12:30:27,973 [INFO] PluginManager:220 - loadIPPluginJar : add adc
2023-11-20 12:30:27,991 [INFO] IPUIPlugin:80 - create IPUIPlugin
2023-11-20 12:30:27,992 [INFO] PluginManager:220 - loadIPPluginJar : add aes
2023-11-20 12:30:28,013 [INFO] IPUIPlugin:80 - create IPUIPlugin
2023-11-20 12:30:28,013 [INFO] PluginManager:220 - loadIPPluginJar : add can
2023-11-20 12:30:28,024 [INFO] IPUIPlugin:80 - create IPUIPlugin
2023-11-20 12:30:28,024 [INFO] PluginManager:220 - loadIPPluginJar : add comp
2023-11-20 12:30:28,041 [INFO] IPUIPlugin:80 - create IPUIPlugin
2023-11-20 12:30:28,041 [INFO] PluginManager:220 - loadIPPluginJar : add cryp
2023-11-20 12:30:28,057 [INFO] IPUIPlugin:80 - create IPUIPlugin
2023-11-20 12:30:28,057 [INFO] PluginManager:220 - loadIPPluginJar : add dfsdm
2023-11-20 12:30:28,065 [INFO] IPUIPlugin:80 - create IPUIPlugin
2023-11-20 12:30:28,065 [INFO] PluginManager:220 - loadIPPluginJar : add dma
2023-11-20 12:30:28,087 [INFO] IPUIPlugin:80 - create IPUIPlugin
2023-11-20 12:30:28,088 [INFO] PluginManager:220 - loadIPPluginJar : add dma3
2023-11-20 12:30:28,100 [INFO] IPUIPlugin:80 - create IPUIPlugin
2023-11-20 12:30:28,100 [INFO] PluginManager:220 - loadIPPluginJar : add fatfs
2023-11-20 12:30:28,125 [INFO] IPUIPlugin:80 - create IPUIPlugin
2023-11-20 12:30:28,125 [INFO] PluginManager:220 - loadIPPluginJar : add fmc
2023-11-20 12:30:28,135 [INFO] IPUIPlugin:80 - create IPUIPlugin
2023-11-20 12:30:28,135 [INFO] PluginManager:220 - loadIPPluginJar : add freertos
2023-11-20 12:30:28,152 [INFO] IPUIPlugin:80 - create IPUIPlugin
2023-11-20 12:30:28,152 [INFO] PluginManager:220 - loadIPPluginJar : add genericplugin
2023-11-20 12:30:28,196 [INFO] IPUIPlugin:80 - create IPUIPlugin
2023-11-20 12:30:28,197 [INFO] PluginManager:220 - loadIPPluginJar : add gfxmmu
2023-11-20 12:30:28,263 [INFO] IPUIPlugin:80 - create IPUIPlugin
2023-11-20 12:30:28,263 [INFO] PluginManager:220 - loadIPPluginJar : add gic
2023-11-20 12:30:28,271 [INFO] IPUIPlugin:80 - create IPUIPlugin
2023-11-20 12:30:28,271 [INFO] PluginManager:220 - loadIPPluginJar : add gpio
2023-11-20 12:30:28,315 [INFO] IPUIPlugin:80 - create IPUIPlugin
2023-11-20 12:30:28,315 [INFO] PluginManager:220 - loadIPPluginJar : add gtzc
2023-11-20 12:30:28,331 [INFO] IPUIPlugin:80 - create IPUIPlugin
2023-11-20 12:30:28,331 [INFO] PluginManager:220 - loadIPPluginJar : add hash
2023-11-20 12:30:28,355 [INFO] IPUIPlugin:80 - create IPUIPlugin
2023-11-20 12:30:28,356 [INFO] PluginManager:220 - loadIPPluginJar : add i2c
2023-11-20 12:30:28,375 [INFO] IPUIPlugin:80 - create IPUIPlugin
2023-11-20 12:30:28,375 [INFO] PluginManager:220 - loadIPPluginJar : add i2s
2023-11-20 12:30:28,395 [INFO] IPUIPlugin:80 - create IPUIPlugin
2023-11-20 12:30:28,395 [INFO] PluginManager:220 - loadIPPluginJar : add i3c
2023-11-20 12:30:28,448 [INFO] IPUIPlugin:80 - create IPUIPlugin
2023-11-20 12:30:28,448 [INFO] PluginManager:220 - loadIPPluginJar : add ipddr
2023-11-20 12:30:28,497 [INFO] IPUIPlugin:80 - create IPUIPlugin
2023-11-20 12:30:28,497 [INFO] PluginManager:220 - loadIPPluginJar : add linkedlist
2023-11-20 12:30:28,514 [INFO] IPUIPlugin:80 - create IPUIPlugin
2023-11-20 12:30:28,514 [INFO] PluginManager:220 - loadIPPluginJar : add lorawan
2023-11-20 12:30:28,532 [INFO] IPUIPlugin:80 - create IPUIPlugin
2023-11-20 12:30:28,532 [INFO] PluginManager:220 - loadIPPluginJar : add ltdc
2023-11-20 12:30:28,540 [INFO] IPUIPlugin:80 - create IPUIPlugin
2023-11-20 12:30:28,540 [INFO] PluginManager:220 - loadIPPluginJar : add mdma
2023-11-20 12:30:28,548 [INFO] IPUIPlugin:80 - create IPUIPlugin
2023-11-20 12:30:28,548 [INFO] PluginManager:220 - loadIPPluginJar : add nvic
2023-11-20 12:30:28,567 [INFO] IPUIPlugin:80 - create IPUIPlugin
2023-11-20 12:30:28,567 [INFO] PluginManager:220 - loadIPPluginJar : add opamp
2023-11-20 12:30:28,597 [INFO] IPUIPlugin:80 - create IPUIPlugin
2023-11-20 12:30:28,597 [INFO] PluginManager:220 - loadIPPluginJar : add openamp
2023-11-20 12:30:28,618 [INFO] IPUIPlugin:80 - create IPUIPlugin
2023-11-20 12:30:28,618 [INFO] PluginManager:220 - loadIPPluginJar : add pdm2pcm
2023-11-20 12:30:28,627 [INFO] IPUIPlugin:80 - create IPUIPlugin
2023-11-20 12:30:28,628 [INFO] PluginManager:220 - loadIPPluginJar : add plateformsettings
2023-11-20 12:30:28,640 [INFO] IPUIPlugin:80 - create IPUIPlugin
2023-11-20 12:30:28,640 [INFO] PluginManager:220 - loadIPPluginJar : add quadspi
2023-11-20 12:30:28,647 [INFO] IPUIPlugin:80 - create IPUIPlugin
2023-11-20 12:30:28,647 [INFO] PluginManager:220 - loadIPPluginJar : add resmgrutility
2023-11-20 12:30:28,673 [INFO] IPUIPlugin:80 - create IPUIPlugin
2023-11-20 12:30:28,673 [INFO] PluginManager:220 - loadIPPluginJar : add sai
2023-11-20 12:30:28,711 [INFO] IPUIPlugin:80 - create IPUIPlugin
2023-11-20 12:30:28,711 [INFO] PluginManager:220 - loadIPPluginJar : add spi
2023-11-20 12:30:28,742 [INFO] IPUIPlugin:80 - create IPUIPlugin
2023-11-20 12:30:28,742 [INFO] PluginManager:220 - loadIPPluginJar : add stm32_wpan
2023-11-20 12:30:28,753 [INFO] IPUIPlugin:80 - create IPUIPlugin
2023-11-20 12:30:28,753 [INFO] PluginManager:220 - loadIPPluginJar : add tim
2023-11-20 12:30:28,780 [INFO] IPUIPlugin:80 - create IPUIPlugin
2023-11-20 12:30:28,780 [INFO] PluginManager:220 - loadIPPluginJar : add touchsensing
2023-11-20 12:30:28,792 [INFO] IPUIPlugin:80 - create IPUIPlugin
2023-11-20 12:30:28,792 [INFO] PluginManager:220 - loadIPPluginJar : add tracer_emb
2023-11-20 12:30:28,803 [INFO] IPUIPlugin:80 - create IPUIPlugin
2023-11-20 12:30:28,803 [INFO] PluginManager:220 - loadIPPluginJar : add ts
2023-11-20 12:30:28,815 [INFO] IPUIPlugin:80 - create IPUIPlugin
2023-11-20 12:30:28,815 [INFO] PluginManager:220 - loadIPPluginJar : add tsc
2023-11-20 12:30:28,825 [INFO] IPUIPlugin:80 - create IPUIPlugin
2023-11-20 12:30:28,825 [INFO] PluginManager:220 - loadIPPluginJar : add ucpd
2023-11-20 12:30:28,852 [INFO] IPUIPlugin:80 - create IPUIPlugin
2023-11-20 12:30:28,852 [INFO] PluginManager:220 - loadIPPluginJar : add usart
2023-11-20 12:30:28,884 [INFO] IPUIPlugin:80 - create IPUIPlugin
2023-11-20 12:30:28,884 [INFO] PluginManager:220 - loadIPPluginJar : add usbx
2023-11-20 12:30:28,986 [INFO] CADModel:165 - CPN selected for project level
2023-11-20 12:30:28,986 [INFO] CADModel:114 - Register for checkConnection events
2023-11-20 12:30:28,986 [FATAL] Updater:308 - Updater called before beeing initialized
2023-11-20 12:30:28,986 [ERROR] CADModel:125 - Updater not yet initialized, retry later 
2023-11-20 12:30:29,091 [INFO] CADModel:165 - CPN selected for project level
2023-11-20 12:30:29,091 [INFO] CADModel:114 - Register for checkConnection events
2023-11-20 12:30:29,091 [FATAL] Updater:308 - Updater called before beeing initialized
2023-11-20 12:30:29,091 [ERROR] CADModel:125 - Updater not yet initialized, retry later 
2023-11-20 12:30:29,095 [FATAL] Updater:308 - Updater called before beeing initialized
2023-11-20 12:30:29,159 [FATAL] Updater:308 - Updater called before beeing initialized
2023-11-20 12:30:29,166 [INFO] DbMcusAds:53 - JSON generation date=Tue Mar 07 02:50:55 CST 2023 (1678179055335)
2023-11-20 12:30:29,167 [FATAL] Updater:308 - Updater called before beeing initialized
2023-11-20 12:30:29,211 [WARN] DetailPanel:346 - Failed to get advertising image, set to default
2023-11-20 12:30:29,301 [FATAL] Updater:308 - Updater called before beeing initialized
2023-11-20 12:30:29,303 [FATAL] Updater:308 - Updater called before beeing initialized
2023-11-20 12:30:29,303 [FATAL] Updater:308 - Updater called before beeing initialized
2023-11-20 12:30:29,304 [WARN] DetailPanel:346 - Failed to get advertising image, set to default
2023-11-20 12:30:29,305 [FATAL] Updater:308 - Updater called before beeing initialized
2023-11-20 12:30:29,354 [ERROR] Updater:1120 - MainUpdater not yet initialized. External WinMGr cannot be set.
2023-11-20 12:30:29,360 [INFO] Updater:1056 - Updater Version found : 6.9.2
2023-11-20 12:30:29,371 [INFO] ApplicationProperties:184 - Using Application install path: C:\ST\STM32CubeIDE_1.10.1\STM32CubeIDE\plugins\com.st.stm32cube.common.mx_6.9.2.202309101412
2023-11-20 12:30:29,720 [INFO] MainUpdater:2868 - connection check result : 10
2023-11-20 12:30:29,720 [INFO] MainUpdater:285 - Updater Check For Update Now.
2023-11-20 12:30:29,720 [INFO] MicroXplorer:498 - Change Database Version : DB.6.0.92
2023-11-20 12:30:29,743 [INFO] McuFinderGlobals:63 - Set McuFinder mode to 2 (CubeIDE integrated)
2023-11-20 12:30:29,744 [INFO] UserAuth:179 - activating auth plugin
2023-11-20 12:30:29,747 [INFO] UserAuth:393 - Internet connection configuration mode: 1
2023-11-20 12:30:29,786 [INFO] JxBrowserEngine:151 - Initiate JxBrowser Engine with user profile folder
2023-11-20 12:30:29,897 [INFO] CheckServerUpdateThread:120 - End of CheckServer Thread
2023-11-20 12:30:30,695 [WARN] PackLoader:240 - Cannot read IP mode file for STMicroelectronics.X-CUBE-SMBUS.2.1.0
2023-11-20 12:30:30,730 [WARN] PackLoader:240 - Cannot read IP mode file for STMicroelectronics.X-CUBE-AZRTOS-F7.1.1.0
2023-11-20 12:30:30,745 [WARN] PackLoader:240 - Cannot read IP mode file for STMicroelectronics.FP-SNS-MOTENV1.4.3.2
2023-11-20 12:30:30,755 [ERROR] RealEvaluatedCondition:428 - Found unsupported composite condition: CLASS='Data Exchange' GROUP='STM32_MetaDataManager'
2023-11-20 12:30:30,755 [ERROR] RealEvaluatedCondition:428 - Found unsupported composite condition: CLASS='Data Exchange' GROUP='STM32_MetaDataManager'
2023-11-20 12:30:30,756 [WARN] PackLoader:240 - Cannot read IP mode file for STMicroelectronics.FP-SNS-MOTENV1.4.3.1
2023-11-20 12:30:30,769 [WARN] PackLoader:240 - Cannot read IP mode file for STMicroelectronics.FP-SNS-FLIGHT1.5.0.1
2023-11-20 12:30:30,783 [WARN] PackLoader:240 - Cannot read IP mode file for STMicroelectronics.X-CUBE-BLE1.6.2.4
2023-11-20 12:30:30,790 [WARN] PackLoader:240 - Cannot read IP mode file for STMicroelectronics.FP-SNS-FLIGHT1.5.0.2
2023-11-20 12:30:30,800 [WARN] PackLoader:240 - Cannot read IP mode file for STMicroelectronics.X-CUBE-DISPLAY.3.0.0
2023-11-20 12:30:30,808 [WARN] PackLoader:240 - Cannot read IP mode file for STMicroelectronics.X-CUBE-BLE1.7.0.0
2023-11-20 12:30:30,819 [WARN] PackLoader:240 - Cannot read IP mode file for STMicroelectronics.X-CUBE-TOUCHGFX.4.22.0
2023-11-20 12:30:30,825 [WARN] PackLoader:240 - Cannot read IP mode file for STMicroelectronics.X-CUBE-TOUCHGFX.4.22.1
2023-11-20 12:30:30,832 [WARN] PackLoader:240 - Cannot read IP mode file for STMicroelectronics.FP-SNS-SMARTAG2.1.2.0
2023-11-20 12:30:30,843 [WARN] PackLoader:240 - Cannot read IP mode file for WES.I-CUBE-Cesium.1.3.0
2023-11-20 12:30:30,851 [WARN] PackLoader:240 - Cannot read IP mode file for STMicroelectronics.X-CUBE-BLE2.3.3.0
2023-11-20 12:30:30,859 [WARN] PackLoader:240 - Cannot read IP mode file for STMicroelectronics.X-CUBE-TOUCHGFX.4.21.4
2023-11-20 12:30:30,870 [WARN] PackLoader:240 - Cannot read IP mode file for STMicroelectronics.X-CUBE-ALGOBUILD.1.3.0
2023-11-20 12:30:30,890 [WARN] PackLoader:240 - Cannot read IP mode file for STMicroelectronics.X-CUBE-AZRTOS-G0.1.1.0
2023-11-20 12:30:30,902 [WARN] PackLoader:240 - Cannot read IP mode file for STMicroelectronics.X-CUBE-NFC4.3.0.0
2023-11-20 12:30:30,918 [WARN] PackLoader:240 - Cannot read IP mode file for STMicroelectronics.X-CUBE-BLEMGR.3.0.0
2023-11-20 12:30:30,926 [WARN] PackLoader:240 - Cannot read IP mode file for STMicroelectronics.FP-ATR-SIGFOX1.3.2.0
2023-11-20 12:30:30,950 [WARN] PackLoader:240 - Cannot read IP mode file for SEGGER.I-CUBE-embOS.1.3.1
2023-11-20 12:30:30,980 [WARN] PackLoader:240 - Cannot read IP mode file for STMicroelectronics.X-CUBE-GNSS1.6.0.0
2023-11-20 12:30:30,996 [WARN] PackLoader:240 - Cannot read IP mode file for STMicroelectronics.X-CUBE-AZRTOS-F4.1.1.0
2023-11-20 12:30:31,004 [WARN] PackLoader:240 - Cannot read IP mode file for wolfSSL.I-CUBE-wolfSSL.5.6.0
2023-11-20 12:30:31,020 [WARN] PackLoader:240 - Cannot read IP mode file for STMicroelectronics.X-CUBE-AZRTOS-L5.2.0.0
2023-11-20 12:30:31,119 [WARN] PackLoader:240 - Cannot read IP mode file for STMicroelectronics.X-CUBE-MEMS1.9.6.0
2023-11-20 12:30:31,261 [WARN] PackLoader:240 - Cannot read IP mode file for STMicroelectronics.X-CUBE-EEPRMA1.4.2.0
2023-11-20 12:30:31,271 [WARN] PackLoader:240 - Cannot read IP mode file for ITTIA_DB.I-CUBE-ITTIADB.8.8.0
2023-11-20 12:30:31,281 [WARN] PackLoader:240 - Cannot read IP mode file for emotas.I-CUBE-CANOPEN.1.1.3
2023-11-20 12:30:31,292 [WARN] PackLoader:240 - Cannot read IP mode file for STMicroelectronics.X-CUBE-BLEMGR.2.0.0
2023-11-20 12:30:31,312 [WARN] ConditionMgr:438 - getConditionDescription Invalid condition id : UX DEVICE CLASS RTOS Condition cause : null
2023-11-20 12:30:31,313 [WARN] ConditionMgr:438 - getConditionDescription Invalid condition id : UX DEVICE CLASS RTOS Condition cause : null
2023-11-20 12:30:31,314 [WARN] PackLoader:240 - Cannot read IP mode file for STMicroelectronics.X-CUBE-AZRTOS-H7.3.1.0
2023-11-20 12:30:31,314 [WARN] ConditionMgr:1039 - genDependencies : Invalid condition id : UX DEVICE CLASS RTOS Condition cause : null
2023-11-20 12:30:31,314 [WARN] ConditionMgr:1039 - genDependencies : Invalid condition id : UX DEVICE CLASS RTOS Condition cause : null
2023-11-20 12:30:31,315 [WARN] ConditionMgr:1039 - genDependencies : Invalid condition id : UX DEVICE CLASS RTOS Condition cause : null
2023-11-20 12:30:31,315 [WARN] ConditionMgr:1039 - genDependencies : Invalid condition id : UX DEVICE CLASS RTOS Condition cause : null
2023-11-20 12:30:31,315 [WARN] ConditionMgr:1039 - genDependencies : Invalid condition id : UX DEVICE CLASS RTOS Condition cause : null
2023-11-20 12:30:31,326 [WARN] PackLoader:240 - Cannot read IP mode file for STMicroelectronics.X-CUBE-NFC7.1.0.1
2023-11-20 12:30:31,334 [WARN] PackLoader:240 - Cannot read IP mode file for STMicroelectronics.X-CUBE-NFC7.1.0.0
2023-11-20 12:30:31,342 [WARN] PackLoader:240 - Cannot read IP mode file for STMicroelectronics.X-CUBE-NFC6.3.0.0
2023-11-20 12:30:31,352 [WARN] PackLoader:240 - Cannot read IP mode file for STMicroelectronics.X-CUBE-EEPRMA1.4.1.0
2023-11-20 12:30:31,363 [WARN] PackLoader:240 - Cannot read IP mode file for STMicroelectronics.X-CUBE-AI.8.1.0
2023-11-20 12:30:31,380 [WARN] ConditionMgr:438 - getConditionDescription Invalid condition id : LAN8742 Phy interface Condition cause : null
2023-11-20 12:30:31,380 [WARN] PackLoader:240 - Cannot read IP mode file for STMicroelectronics.X-CUBE-AZRTOS-L4.2.0.0
2023-11-20 12:30:31,381 [WARN] ConditionMgr:1039 - genDependencies : Invalid condition id : LAN8742 Phy interface Condition cause : null
2023-11-20 12:30:31,381 [WARN] ConditionMgr:1039 - genDependencies : Invalid condition id : LAN8742 Phy interface Condition cause : null
2023-11-20 12:30:31,382 [WARN] ConditionMgr:1039 - genDependencies : Invalid condition id : LAN8742 Phy interface Condition cause : null
2023-11-20 12:30:31,390 [WARN] PackLoader:240 - Cannot read IP mode file for STMicroelectronics.X-CUBE-SFXS2LP1.4.0.0
2023-11-20 12:30:31,401 [WARN] PackLoader:240 - Cannot read IP mode file for STMicroelectronics.X-CUBE-ISPU.1.1.0
2023-11-20 12:30:31,422 [WARN] ConditionMgr:438 - getConditionDescription Invalid condition id : UX DEVICE CLASS RTOS Condition cause : null
2023-11-20 12:30:31,423 [WARN] ConditionMgr:438 - getConditionDescription Invalid condition id : UX DEVICE CLASS RTOS Condition cause : null
2023-11-20 12:30:31,424 [WARN] PackLoader:240 - Cannot read IP mode file for STMicroelectronics.X-CUBE-AZRTOS-WB.2.0.0
2023-11-20 12:30:31,425 [WARN] ConditionMgr:1039 - genDependencies : Invalid condition id : UX DEVICE CLASS RTOS Condition cause : null
2023-11-20 12:30:31,425 [WARN] ConditionMgr:1039 - genDependencies : Invalid condition id : UX DEVICE CLASS RTOS Condition cause : null
2023-11-20 12:30:31,425 [WARN] ConditionMgr:1039 - genDependencies : Invalid condition id : UX DEVICE CLASS RTOS Condition cause : null
2023-11-20 12:30:31,425 [WARN] ConditionMgr:1039 - genDependencies : Invalid condition id : UX DEVICE CLASS RTOS Condition cause : null
2023-11-20 12:30:31,426 [WARN] ConditionMgr:1039 - genDependencies : Invalid condition id : UX DEVICE CLASS RTOS Condition cause : null
2023-11-20 12:30:31,444 [WARN] PackLoader:240 - Cannot read IP mode file for STMicroelectronics.X-CUBE-FREERTOS.1.0.1
2023-11-20 12:30:31,463 [WARN] PackLoader:240 - Cannot read IP mode file for STMicroelectronics.X-CUBE-AZRTOS-L5.1.1.0
2023-11-20 12:30:31,472 [WARN] PackLoader:240 - Cannot read IP mode file for STMicroelectronics.X-CUBE-AI.8.0.1
2023-11-20 12:30:31,487 [WARN] PackLoader:240 - Cannot read IP mode file for STMicroelectronics.X-CUBE-SUBG2.5.0.0
2023-11-20 12:30:31,503 [WARN] PackLoader:240 - Cannot read IP mode file for STMicroelectronics.X-CUBE-TOF1.3.3.1
2023-11-20 12:30:31,522 [WARN] PackLoader:240 - Cannot read IP mode file for STMicroelectronics.X-CUBE-AZRTOS-G4.2.0.0
2023-11-20 12:30:31,533 [WARN] PackLoader:240 - Cannot read IP mode file for STMicroelectronics.X-CUBE-TOF1.3.3.0
2023-11-20 12:30:31,548 [WARN] PackLoader:240 - Cannot read IP mode file for Infineon.AIROC-Wi-Fi-Bluetooth-STM32.1.5.1
2023-11-20 12:30:31,559 [WARN] PackLoader:240 - Cannot read IP mode file for STMicroelectronics.FP-SNS-MOTENVWB1.1.3.0
2023-11-20 12:30:31,591 [WARN] PackLoader:240 - Cannot read IP mode file for STMicroelectronics.X-CUBE-MEMS1.10.0.0
2023-11-20 12:30:31,670 [WARN] PackLoader:240 - Cannot read IP mode file for STMicroelectronics.X-CUBE-FREERTOS.1.1.0
2023-11-20 12:30:31,678 [WARN] PackLoader:240 - Cannot read IP mode file for portGmbH.I-Cube-SoM-uGOAL.1.1.0
2023-11-20 12:30:31,686 [WARN] PackLoader:240 - Cannot read IP mode file for STMicroelectronics.X-CUBE-ALS.1.0.1
2023-11-20 12:30:31,699 [WARN] PackLoader:240 - Cannot read IP mode file for STMicroelectronics.X-CUBE-AZRTOS-WB.1.1.0
2023-11-20 12:30:31,706 [WARN] PackLoader:240 - Cannot read IP mode file for STMicroelectronics.FP-ATR-ASTRA1.2.0.0
2023-11-20 12:30:31,707 [INFO] ThirdParty:978 - Integrity check success = true
2023-11-20 12:30:31,707 [INFO] IntegrityCheckThread:100 - exiting critical section [integrity check]
2023-11-20 12:30:31,707 [INFO] IntegrityCheckThread:103 - End integrity checks thread
2023-11-20 12:30:32,114 [INFO] WebApp:157 - Instantiating new browser for Auth
2023-11-20 12:30:32,559 [INFO] WebApp:753 - Register for checkConnection events
2023-11-20 12:30:32,559 [INFO] WebApp:390 - Apply proxy settings
2023-11-20 12:30:32,559 [INFO] WebApp:475 - Chromium requires no authentication
2023-11-20 12:30:32,566 [INFO] WebApp:418 - Direct internet connection detected
2023-11-20 12:30:32,694 [INFO] WebApp:188 - Starting web application
2023-11-20 12:30:32,696 [INFO] WebApp:520 - Web application path used C:\ST\STM32CubeIDE_1.10.1\STM32CubeIDE\plugins\com.st.stm32cube.common.mx_6.9.2.202309101412\db\plugins\mcufinder\reactClient1\index.html
2023-11-20 12:30:53,847 [ERROR] LogOutputStream:75 - [STDERR_REDIRECT] SLF4J: Failed to load class "org.slf4j.impl.StaticLoggerBinder".
2023-11-20 12:30:53,848 [ERROR] LogOutputStream:75 - [STDERR_REDIRECT] SLF4J: Defaulting to no-operation (NOP) logger implementation
2023-11-20 12:30:53,850 [ERROR] LogOutputStream:75 - [STDERR_REDIRECT] SLF4J: See http://www.slf4j.org/codes.html#StaticLoggerBinder for further details.
