2023-11-06 13:59:56,100 [ERROR] LogOutputStream:75 - [STDERR_REDIRECT] 
2023-11-06 18:01:06,517 [INFO] Activator:176 - 


2023-11-06 18:01:06,517 [INFO] Activator:177 - !SESSION log4j initialized
2023-11-06 18:01:11,974 [INFO] LogOutputStream:77 - [STDOUT_REDIRECT] 
2023-11-06 18:01:14,203 [INFO] ApplicationProperties:184 - Using Application install path: C:\ST\STM32CubeIDE_1.10.1\STM32CubeIDE\plugins\com.st.stm32cube.common.mx_6.9.2.202309101412
2023-11-06 18:01:14,219 [INFO] DbMcusXml:78 - Set database path to: C:\ST\STM32CubeIDE_1.10.1\STM32CubeIDE\plugins\com.st.stm32cube.common.mx_6.9.2.202309101412\\db\/mcu/
2023-11-06 18:01:14,220 [INFO] ApiDb:274 - Set plugin database path to: C:\ST\STM32CubeIDE_1.10.1\STM32CubeIDE\plugins\com.st.stm32cube.common.mx_6.9.2.202309101412\\db\/plugins/boardmanager/
2023-11-06 18:01:14,220 [WARN] ApiDb:259 - Overriding images path with different value:  => C:\ST\STM32CubeIDE_1.10.1\STM32CubeIDE\plugins\com.st.stm32cube.common.mx_6.9.2.202309101412\\db\/plugins/mcufinder/images/
2023-11-06 18:01:14,231 [INFO] ApiDb:250 - Set database path to: C:\Users\maxpr\.stmcufinder\plugins\mcufinder//mcu/
2023-11-06 18:01:14,231 [INFO] DbMcusAds:125 - Set database path to: C:\Users\maxpr\.stmcufinder\plugins\mcufinder//mcu/
2023-11-06 18:01:14,234 [INFO] CrossReferenceDbSqlite:203 - Set database path to: C:\Users\maxpr\.stmcufinder\plugins\mcufinder//mcu/cs/
2023-11-06 18:01:14,339 [INFO] RulesReader:64 - Compatibility file has been processed (293 Rules)
2023-11-06 18:01:14,413 [INFO] DbMcusXml:78 - Set database path to: C:\ST\STM32CubeIDE_1.10.1\STM32CubeIDE\plugins\com.st.stm32cube.common.mx_6.9.2.202309101412\\db\/mcu/
2023-11-06 18:01:14,413 [INFO] ApiDb:274 - Set plugin database path to: C:\ST\STM32CubeIDE_1.10.1\STM32CubeIDE\plugins\com.st.stm32cube.common.mx_6.9.2.202309101412\\db\/plugins/boardmanager/
2023-11-06 18:01:14,413 [INFO] ApiDb:261 - Set plugin images path to: C:\ST\STM32CubeIDE_1.10.1\STM32CubeIDE\plugins\com.st.stm32cube.common.mx_6.9.2.202309101412\\db\/plugins/mcufinder/images/
2023-11-06 18:01:14,414 [WARN] DbFile:41 - Overriding database path with different value: C:\Users\maxpr\.stmcufinder\plugins\mcufinder/ => C:\Users\maxpr\.stmcufinder\plugins\mcufinder
2023-11-06 18:01:14,414 [INFO] ApiDb:250 - Set database path to: C:\Users\maxpr\.stmcufinder\plugins\mcufinder//mcu/
2023-11-06 18:01:14,414 [WARN] DbFile:41 - Overriding database path with different value: C:\Users\maxpr\.stmcufinder\plugins\mcufinder/ => C:\Users\maxpr\.stmcufinder\plugins\mcufinder
2023-11-06 18:01:14,414 [INFO] DbMcusAds:125 - Set database path to: C:\Users\maxpr\.stmcufinder\plugins\mcufinder//mcu/
2023-11-06 18:01:14,414 [WARN] DbFile:41 - Overriding database path with different value: C:\Users\maxpr\.stmcufinder\plugins\mcufinder/ => C:\Users\maxpr\.stmcufinder\plugins\mcufinder
2023-11-06 18:01:14,414 [WARN] DbFile:41 - Overriding database path with different value: C:\Users\maxpr\.stmcufinder\plugins\mcufinder/ => C:\Users\maxpr\.stmcufinder\plugins\mcufinder
2023-11-06 18:01:14,414 [INFO] CrossReferenceDbSqlite:203 - Set database path to: C:\Users\maxpr\.stmcufinder\plugins\mcufinder//mcu/cs/
2023-11-06 18:01:14,494 [INFO] MainPanel:262 - HeapMemory: 268435456
2023-11-06 18:01:14,580 [INFO] DbMcusXml:78 - Set database path to: C:\ST\STM32CubeIDE_1.10.1\STM32CubeIDE\plugins\com.st.stm32cube.common.mx_6.9.2.202309101412\\db\/mcu/
2023-11-06 18:01:14,580 [INFO] ApiDb:274 - Set plugin database path to: C:\ST\STM32CubeIDE_1.10.1\STM32CubeIDE\plugins\com.st.stm32cube.common.mx_6.9.2.202309101412\\db\/plugins/boardmanager/
2023-11-06 18:01:14,580 [INFO] ApiDb:261 - Set plugin images path to: C:\ST\STM32CubeIDE_1.10.1\STM32CubeIDE\plugins\com.st.stm32cube.common.mx_6.9.2.202309101412\\db\/plugins/mcufinder/images/
2023-11-06 18:01:14,580 [WARN] DbFile:41 - Overriding database path with different value: C:\Users\maxpr\.stmcufinder\plugins\mcufinder/ => C:\Users\maxpr\.stmcufinder\plugins\mcufinder
2023-11-06 18:01:14,580 [INFO] ApiDb:250 - Set database path to: C:\Users\maxpr\.stmcufinder\plugins\mcufinder//mcu/
2023-11-06 18:01:14,580 [WARN] DbFile:41 - Overriding database path with different value: C:\Users\maxpr\.stmcufinder\plugins\mcufinder/ => C:\Users\maxpr\.stmcufinder\plugins\mcufinder
2023-11-06 18:01:14,581 [INFO] DbMcusAds:125 - Set database path to: C:\Users\maxpr\.stmcufinder\plugins\mcufinder//mcu/
2023-11-06 18:01:14,581 [WARN] DbFile:41 - Overriding database path with different value: C:\Users\maxpr\.stmcufinder\plugins\mcufinder/ => C:\Users\maxpr\.stmcufinder\plugins\mcufinder
2023-11-06 18:01:14,581 [WARN] DbFile:41 - Overriding database path with different value: C:\Users\maxpr\.stmcufinder\plugins\mcufinder/ => C:\Users\maxpr\.stmcufinder\plugins\mcufinder
2023-11-06 18:01:14,581 [INFO] CrossReferenceDbSqlite:203 - Set database path to: C:\Users\maxpr\.stmcufinder\plugins\mcufinder//mcu/cs/
2023-11-06 18:01:14,598 [INFO] ApplicationProperties:184 - Using Application install path: C:\ST\STM32CubeIDE_1.10.1\STM32CubeIDE\plugins\com.st.stm32cube.common.mx_6.9.2.202309101412
2023-11-06 18:01:14,599 [INFO] PluginManage:196 - Search for loadable plugins [exclusion list=, ]
2023-11-06 18:01:14,601 [INFO] PluginManage:310 - Check plugin analytics
2023-11-06 18:01:14,729 [INFO] AnalyticsPlugin:253 - Accepted Software Licenses: 
2023-11-06 18:01:14,729 [INFO] AnalyticsPlugin:255 - Accepted CMSIS Pack Licenses: 
2023-11-06 18:01:14,729 [INFO] AnalyticsPlugin:257 - Accepted Firmware Licenses: FW.H7.1.11.0,FW.H7.1.10.0
2023-11-06 18:01:14,732 [INFO] PluginManage:359 - Loaded plugin analytics (category:tool,tabindex:-1)
2023-11-06 18:01:14,732 [INFO] PluginManage:310 - Check plugin cadmodel
2023-11-06 18:01:14,744 [INFO] CADModel:105 - Init CAD model plugin
2023-11-06 18:01:14,745 [INFO] PluginManage:359 - Loaded plugin cadmodel (category:power,tabindex:5)
2023-11-06 18:01:14,745 [INFO] PluginManage:310 - Check plugin clock
2023-11-06 18:01:14,759 [INFO] PluginManage:359 - Loaded plugin clock (category:base,tabindex:2)
2023-11-06 18:01:14,759 [INFO] PluginManage:310 - Check plugin ddr
2023-11-06 18:01:14,763 [INFO] PluginManage:359 - Loaded plugin ddr (category:tool,tabindex:6)
2023-11-06 18:01:14,763 [INFO] PluginManage:310 - Check plugin filemanager
2023-11-06 18:01:14,874 [INFO] PluginManage:359 - Loaded plugin filemanager (category:base,tabindex:10)
2023-11-06 18:01:14,874 [INFO] PluginManage:310 - Check plugin ipmanager
2023-11-06 18:01:14,880 [INFO] PluginManage:359 - Loaded plugin ipmanager (category:base,tabindex:5)
2023-11-06 18:01:14,880 [INFO] PluginManage:310 - Check plugin lpbam
2023-11-06 18:01:14,901 [INFO] PluginManage:359 - Loaded plugin lpbam (category:base,tabindex:0)
2023-11-06 18:01:14,901 [INFO] PluginManage:310 - Check plugin memorymap
2023-11-06 18:01:14,931 [INFO] PluginManage:359 - Loaded plugin memorymap (category:base,tabindex:4)
2023-11-06 18:01:14,931 [INFO] PluginManage:310 - Check plugin pinoutandconfiguration
2023-11-06 18:01:14,958 [INFO] PluginManage:359 - Loaded plugin pinoutandconfiguration (category:base,tabindex:1)
2023-11-06 18:01:14,958 [INFO] PluginManage:310 - Check plugin pinoutconfig
2023-11-06 18:01:15,065 [WARN] SupportedApi:132 - Cannot load RTOS API schema: s4s-elt-must-match.1: The content of 'definitions' must match (annotation?, (simpleType | complexType)?, (unique | key | keyref)*)). A problem was found starting at: attribute.
2023-11-06 18:01:15,163 [INFO] PluginManage:359 - Loaded plugin pinoutconfig (category:base,tabindex:0)
2023-11-06 18:01:15,163 [INFO] PluginManage:310 - Check plugin power
2023-11-06 18:01:15,181 [INFO] PluginManage:359 - Loaded plugin power (category:power,tabindex:4)
2023-11-06 18:01:15,181 [INFO] PluginManage:310 - Check plugin projectmanager
2023-11-06 18:01:15,192 [INFO] PluginManage:359 - Loaded plugin projectmanager (category:projectmanager,tabindex:3)
2023-11-06 18:01:15,192 [INFO] PluginManage:310 - Check plugin thirdparty
2023-11-06 18:01:15,425 [INFO] PluginManage:359 - Loaded plugin thirdparty (category:base,tabindex:-1)
2023-11-06 18:01:15,425 [WARN] IntegrityCheckThread:84 - waiting for thirdparty lock release [integrity check]
2023-11-06 18:01:15,425 [INFO] PluginManage:310 - Check plugin tools
2023-11-06 18:01:15,425 [INFO] IntegrityCheckThread:86 - entering critical section [integrity check]
2023-11-06 18:01:15,426 [INFO] ThirdPartyUpdaterWithRetryManager:70 - Updater plugin not ready yet. [1/15]
2023-11-06 18:01:15,446 [INFO] PluginManage:359 - Loaded plugin tools (category:base,tabindex:7)
2023-11-06 18:01:15,446 [INFO] PluginManage:310 - Check plugin tutovideos
2023-11-06 18:01:15,625 [INFO] PluginManage:359 - Loaded plugin tutovideos (category:base,tabindex:-1)
2023-11-06 18:01:15,625 [INFO] PluginManage:310 - Check plugin updater
2023-11-06 18:01:15,637 [INFO] PluginManage:359 - Loaded plugin updater (category:base,tabindex:12)
2023-11-06 18:01:15,638 [INFO] PluginManage:310 - Check plugin userauth
2023-11-06 18:01:15,643 [INFO] UserAuth:113 - Init User Auth plugin
2023-11-06 18:01:15,643 [INFO] PluginManage:359 - Loaded plugin userauth (category:base,tabindex:14)
2023-11-06 18:01:15,643 [INFO] PluginManage:283 - PluginManage : Loaded plugins [17]
2023-11-06 18:01:15,841 [INFO] PinOutPanel:1499 - setPackage(No Configuration,No Configuration)
2023-11-06 18:01:15,930 [INFO] CADModel:165 - CPN selected for project level
2023-11-06 18:01:15,931 [INFO] CADModel:114 - Register for checkConnection events
2023-11-06 18:01:15,953 [INFO] IPUIPlugin:80 - create IPUIPlugin
2023-11-06 18:01:15,953 [INFO] PluginManager:220 - loadIPPluginJar : add adc
2023-11-06 18:01:15,980 [INFO] IPUIPlugin:80 - create IPUIPlugin
2023-11-06 18:01:15,980 [INFO] PluginManager:220 - loadIPPluginJar : add aes
2023-11-06 18:01:16,014 [INFO] IPUIPlugin:80 - create IPUIPlugin
2023-11-06 18:01:16,014 [INFO] PluginManager:220 - loadIPPluginJar : add can
2023-11-06 18:01:16,033 [INFO] IPUIPlugin:80 - create IPUIPlugin
2023-11-06 18:01:16,033 [INFO] PluginManager:220 - loadIPPluginJar : add comp
2023-11-06 18:01:16,073 [INFO] IPUIPlugin:80 - create IPUIPlugin
2023-11-06 18:01:16,074 [INFO] PluginManager:220 - loadIPPluginJar : add cryp
2023-11-06 18:01:16,116 [INFO] IPUIPlugin:80 - create IPUIPlugin
2023-11-06 18:01:16,116 [INFO] PluginManager:220 - loadIPPluginJar : add dfsdm
2023-11-06 18:01:16,136 [INFO] IPUIPlugin:80 - create IPUIPlugin
2023-11-06 18:01:16,136 [INFO] PluginManager:220 - loadIPPluginJar : add dma
2023-11-06 18:01:16,205 [INFO] IPUIPlugin:80 - create IPUIPlugin
2023-11-06 18:01:16,206 [INFO] PluginManager:220 - loadIPPluginJar : add dma3
2023-11-06 18:01:16,238 [INFO] IPUIPlugin:80 - create IPUIPlugin
2023-11-06 18:01:16,238 [INFO] PluginManager:220 - loadIPPluginJar : add fatfs
2023-11-06 18:01:16,269 [INFO] IPUIPlugin:80 - create IPUIPlugin
2023-11-06 18:01:16,269 [INFO] PluginManager:220 - loadIPPluginJar : add fmc
2023-11-06 18:01:16,281 [INFO] IPUIPlugin:80 - create IPUIPlugin
2023-11-06 18:01:16,281 [INFO] PluginManager:220 - loadIPPluginJar : add freertos
2023-11-06 18:01:16,298 [INFO] IPUIPlugin:80 - create IPUIPlugin
2023-11-06 18:01:16,298 [INFO] PluginManager:220 - loadIPPluginJar : add genericplugin
2023-11-06 18:01:16,423 [INFO] IPUIPlugin:80 - create IPUIPlugin
2023-11-06 18:01:16,424 [INFO] PluginManager:220 - loadIPPluginJar : add gfxmmu
2023-11-06 18:01:16,531 [INFO] IPUIPlugin:80 - create IPUIPlugin
2023-11-06 18:01:16,531 [INFO] PluginManager:220 - loadIPPluginJar : add gic
2023-11-06 18:01:16,543 [INFO] IPUIPlugin:80 - create IPUIPlugin
2023-11-06 18:01:16,543 [INFO] PluginManager:220 - loadIPPluginJar : add gpio
2023-11-06 18:01:16,635 [INFO] IPUIPlugin:80 - create IPUIPlugin
2023-11-06 18:01:16,635 [INFO] PluginManager:220 - loadIPPluginJar : add gtzc
2023-11-06 18:01:16,679 [INFO] IPUIPlugin:80 - create IPUIPlugin
2023-11-06 18:01:16,679 [INFO] PluginManager:220 - loadIPPluginJar : add hash
2023-11-06 18:01:16,743 [INFO] IPUIPlugin:80 - create IPUIPlugin
2023-11-06 18:01:16,743 [INFO] PluginManager:220 - loadIPPluginJar : add i2c
2023-11-06 18:01:16,796 [INFO] IPUIPlugin:80 - create IPUIPlugin
2023-11-06 18:01:16,796 [INFO] PluginManager:220 - loadIPPluginJar : add i2s
2023-11-06 18:01:16,858 [INFO] IPUIPlugin:80 - create IPUIPlugin
2023-11-06 18:01:16,858 [INFO] PluginManager:220 - loadIPPluginJar : add i3c
2023-11-06 18:01:17,002 [INFO] IPUIPlugin:80 - create IPUIPlugin
2023-11-06 18:01:17,002 [INFO] PluginManager:220 - loadIPPluginJar : add ipddr
2023-11-06 18:01:17,159 [INFO] IPUIPlugin:80 - create IPUIPlugin
2023-11-06 18:01:17,159 [INFO] PluginManager:220 - loadIPPluginJar : add linkedlist
2023-11-06 18:01:17,220 [INFO] IPUIPlugin:80 - create IPUIPlugin
2023-11-06 18:01:17,220 [INFO] PluginManager:220 - loadIPPluginJar : add lorawan
2023-11-06 18:01:17,270 [INFO] IPUIPlugin:80 - create IPUIPlugin
2023-11-06 18:01:17,270 [INFO] PluginManager:220 - loadIPPluginJar : add ltdc
2023-11-06 18:01:17,289 [INFO] IPUIPlugin:80 - create IPUIPlugin
2023-11-06 18:01:17,290 [INFO] PluginManager:220 - loadIPPluginJar : add mdma
2023-11-06 18:01:17,312 [INFO] IPUIPlugin:80 - create IPUIPlugin
2023-11-06 18:01:17,313 [INFO] PluginManager:220 - loadIPPluginJar : add nvic
2023-11-06 18:01:17,370 [INFO] IPUIPlugin:80 - create IPUIPlugin
2023-11-06 18:01:17,370 [INFO] PluginManager:220 - loadIPPluginJar : add opamp
2023-11-06 18:01:17,460 [INFO] IPUIPlugin:80 - create IPUIPlugin
2023-11-06 18:01:17,461 [INFO] PluginManager:220 - loadIPPluginJar : add openamp
2023-11-06 18:01:17,530 [INFO] IPUIPlugin:80 - create IPUIPlugin
2023-11-06 18:01:17,530 [INFO] PluginManager:220 - loadIPPluginJar : add pdm2pcm
2023-11-06 18:01:17,552 [INFO] IPUIPlugin:80 - create IPUIPlugin
2023-11-06 18:01:17,555 [INFO] PluginManager:220 - loadIPPluginJar : add plateformsettings
2023-11-06 18:01:17,589 [INFO] IPUIPlugin:80 - create IPUIPlugin
2023-11-06 18:01:17,590 [INFO] PluginManager:220 - loadIPPluginJar : add quadspi
2023-11-06 18:01:17,610 [INFO] IPUIPlugin:80 - create IPUIPlugin
2023-11-06 18:01:17,611 [INFO] PluginManager:220 - loadIPPluginJar : add resmgrutility
2023-11-06 18:01:17,677 [INFO] IPUIPlugin:80 - create IPUIPlugin
2023-11-06 18:01:17,677 [INFO] PluginManager:220 - loadIPPluginJar : add sai
2023-11-06 18:01:17,736 [INFO] IPUIPlugin:80 - create IPUIPlugin
2023-11-06 18:01:17,736 [INFO] PluginManager:220 - loadIPPluginJar : add spi
2023-11-06 18:01:17,810 [INFO] IPUIPlugin:80 - create IPUIPlugin
2023-11-06 18:01:17,810 [INFO] PluginManager:220 - loadIPPluginJar : add stm32_wpan
2023-11-06 18:01:17,828 [INFO] IPUIPlugin:80 - create IPUIPlugin
2023-11-06 18:01:17,828 [INFO] PluginManager:220 - loadIPPluginJar : add tim
2023-11-06 18:01:17,881 [INFO] IPUIPlugin:80 - create IPUIPlugin
2023-11-06 18:01:17,881 [INFO] PluginManager:220 - loadIPPluginJar : add touchsensing
2023-11-06 18:01:17,913 [INFO] IPUIPlugin:80 - create IPUIPlugin
2023-11-06 18:01:17,913 [INFO] PluginManager:220 - loadIPPluginJar : add tracer_emb
2023-11-06 18:01:17,944 [INFO] IPUIPlugin:80 - create IPUIPlugin
2023-11-06 18:01:17,944 [INFO] PluginManager:220 - loadIPPluginJar : add ts
2023-11-06 18:01:17,968 [INFO] IPUIPlugin:80 - create IPUIPlugin
2023-11-06 18:01:17,968 [INFO] PluginManager:220 - loadIPPluginJar : add tsc
2023-11-06 18:01:17,994 [INFO] IPUIPlugin:80 - create IPUIPlugin
2023-11-06 18:01:17,994 [INFO] PluginManager:220 - loadIPPluginJar : add ucpd
2023-11-06 18:01:18,033 [INFO] IPUIPlugin:80 - create IPUIPlugin
2023-11-06 18:01:18,033 [INFO] PluginManager:220 - loadIPPluginJar : add usart
2023-11-06 18:01:18,092 [INFO] IPUIPlugin:80 - create IPUIPlugin
2023-11-06 18:01:18,092 [INFO] PluginManager:220 - loadIPPluginJar : add usbx
2023-11-06 18:01:18,207 [INFO] CADModel:165 - CPN selected for project level
2023-11-06 18:01:18,207 [INFO] CADModel:114 - Register for checkConnection events
2023-11-06 18:01:18,207 [FATAL] Updater:308 - Updater called before beeing initialized
2023-11-06 18:01:18,208 [ERROR] CADModel:125 - Updater not yet initialized, retry later 
2023-11-06 18:01:18,403 [INFO] CADModel:165 - CPN selected for project level
2023-11-06 18:01:18,403 [INFO] CADModel:114 - Register for checkConnection events
2023-11-06 18:01:18,403 [FATAL] Updater:308 - Updater called before beeing initialized
2023-11-06 18:01:18,403 [ERROR] CADModel:125 - Updater not yet initialized, retry later 
2023-11-06 18:01:18,407 [FATAL] Updater:308 - Updater called before beeing initialized
2023-11-06 18:01:18,426 [INFO] ThirdPartyUpdaterWithRetryManager:70 - Updater plugin not ready yet. [2/15]
2023-11-06 18:01:18,489 [FATAL] Updater:308 - Updater called before beeing initialized
2023-11-06 18:01:18,499 [INFO] DbMcusAds:53 - JSON generation date=Tue Mar 07 02:50:55 CST 2023 (1678179055335)
2023-11-06 18:01:18,500 [FATAL] Updater:308 - Updater called before beeing initialized
2023-11-06 18:01:18,560 [WARN] DetailPanel:346 - Failed to get advertising image, set to default
2023-11-06 18:01:18,664 [FATAL] Updater:308 - Updater called before beeing initialized
2023-11-06 18:01:18,667 [FATAL] Updater:308 - Updater called before beeing initialized
2023-11-06 18:01:18,667 [FATAL] Updater:308 - Updater called before beeing initialized
2023-11-06 18:01:18,667 [WARN] DetailPanel:346 - Failed to get advertising image, set to default
2023-11-06 18:01:18,668 [FATAL] Updater:308 - Updater called before beeing initialized
2023-11-06 18:01:18,704 [ERROR] Updater:1120 - MainUpdater not yet initialized. External WinMGr cannot be set.
2023-11-06 18:01:18,711 [INFO] Updater:1056 - Updater Version found : 6.9.2
2023-11-06 18:01:18,723 [INFO] ApplicationProperties:184 - Using Application install path: C:\ST\STM32CubeIDE_1.10.1\STM32CubeIDE\plugins\com.st.stm32cube.common.mx_6.9.2.202309101412
2023-11-06 18:01:19,112 [INFO] MainUpdater:2868 - connection check result : 10
2023-11-06 18:01:19,113 [INFO] MainUpdater:3562 - Updater definition file requires update
2023-11-06 18:01:19,114 [INFO] MainUpdater:285 - Updater Check For Update Now.
2023-11-06 18:01:19,114 [INFO] MicroXplorer:498 - Change Database Version : DB.6.0.92
2023-11-06 18:01:19,147 [INFO] McuFinderGlobals:63 - Set McuFinder mode to 2 (CubeIDE integrated)
2023-11-06 18:01:19,147 [INFO] UserAuth:179 - activating auth plugin
2023-11-06 18:01:19,150 [INFO] UserAuth:393 - Internet connection configuration mode: 1
2023-11-06 18:01:19,180 [INFO] ServerAccessManage:473 - Download File updaters.zip
2023-11-06 18:01:19,188 [INFO] JxBrowserEngine:151 - Initiate JxBrowser Engine with user profile folder
2023-11-06 18:01:19,279 [INFO] FileExtend:240 - Unzip File : updaters.zip
2023-11-06 18:01:19,279 [INFO] FileExtend:255 - Standard Zip Deflate
2023-11-06 18:01:19,510 [INFO] ServerAccessManage:473 - Download File PacksControlFlags.xml
2023-11-06 18:01:19,578 [INFO] ServerAccessManage:473 - Download File cubemx.pidx
2023-11-06 18:01:19,700 [INFO] LoadServerUpdatesThread:373 - End of LoadServerUpdate Thread
2023-11-06 18:01:19,848 [INFO] CheckServerUpdateThread:120 - End of CheckServer Thread
2023-11-06 18:01:21,557 [WARN] PackLoader:240 - Cannot read IP mode file for STMicroelectronics.X-CUBE-SMBUS.2.1.0
2023-11-06 18:01:21,588 [INFO] WebApp:157 - Instantiating new browser for Auth
2023-11-06 18:01:21,616 [WARN] PackLoader:240 - Cannot read IP mode file for STMicroelectronics.X-CUBE-AZRTOS-F7.1.1.0
2023-11-06 18:01:21,632 [WARN] PackLoader:240 - Cannot read IP mode file for STMicroelectronics.FP-SNS-MOTENV1.4.3.2
2023-11-06 18:01:21,643 [ERROR] RealEvaluatedCondition:428 - Found unsupported composite condition: CLASS='Data Exchange' GROUP='STM32_MetaDataManager'
2023-11-06 18:01:21,643 [ERROR] RealEvaluatedCondition:428 - Found unsupported composite condition: GROUP='STM32_MetaDataManager' CLASS='Data Exchange'
2023-11-06 18:01:21,644 [WARN] PackLoader:240 - Cannot read IP mode file for STMicroelectronics.FP-SNS-MOTENV1.4.3.1
2023-11-06 18:01:21,656 [WARN] PackLoader:240 - Cannot read IP mode file for STMicroelectronics.FP-SNS-FLIGHT1.5.0.1
2023-11-06 18:01:21,672 [WARN] PackLoader:240 - Cannot read IP mode file for STMicroelectronics.X-CUBE-BLE1.6.2.4
2023-11-06 18:01:21,680 [WARN] PackLoader:240 - Cannot read IP mode file for STMicroelectronics.FP-SNS-FLIGHT1.5.0.2
2023-11-06 18:01:21,691 [WARN] PackLoader:240 - Cannot read IP mode file for STMicroelectronics.X-CUBE-DISPLAY.3.0.0
2023-11-06 18:01:21,704 [WARN] PackLoader:240 - Cannot read IP mode file for STMicroelectronics.X-CUBE-BLE1.7.0.0
2023-11-06 18:01:21,712 [WARN] PackLoader:240 - Cannot read IP mode file for STMicroelectronics.X-CUBE-TOUCHGFX.4.22.0
2023-11-06 18:01:21,721 [WARN] PackLoader:240 - Cannot read IP mode file for STMicroelectronics.X-CUBE-TOUCHGFX.4.22.1
2023-11-06 18:01:21,729 [WARN] PackLoader:240 - Cannot read IP mode file for STMicroelectronics.FP-SNS-SMARTAG2.1.2.0
2023-11-06 18:01:21,741 [WARN] PackLoader:240 - Cannot read IP mode file for WES.I-CUBE-Cesium.1.3.0
2023-11-06 18:01:21,749 [WARN] PackLoader:240 - Cannot read IP mode file for STMicroelectronics.X-CUBE-BLE2.3.3.0
2023-11-06 18:01:21,757 [WARN] PackLoader:240 - Cannot read IP mode file for STMicroelectronics.X-CUBE-TOUCHGFX.4.21.4
2023-11-06 18:01:21,765 [WARN] PackLoader:240 - Cannot read IP mode file for STMicroelectronics.X-CUBE-ALGOBUILD.1.3.0
2023-11-06 18:01:21,789 [WARN] PackLoader:240 - Cannot read IP mode file for STMicroelectronics.X-CUBE-AZRTOS-G0.1.1.0
2023-11-06 18:01:21,797 [WARN] PackLoader:240 - Cannot read IP mode file for STMicroelectronics.X-CUBE-NFC4.3.0.0
2023-11-06 18:01:21,809 [WARN] PackLoader:240 - Cannot read IP mode file for STMicroelectronics.X-CUBE-BLEMGR.3.0.0
2023-11-06 18:01:21,818 [WARN] PackLoader:240 - Cannot read IP mode file for STMicroelectronics.FP-ATR-SIGFOX1.3.2.0
2023-11-06 18:01:21,841 [WARN] PackLoader:240 - Cannot read IP mode file for SEGGER.I-CUBE-embOS.1.3.1
2023-11-06 18:01:21,869 [WARN] PackLoader:240 - Cannot read IP mode file for STMicroelectronics.X-CUBE-GNSS1.6.0.0
2023-11-06 18:01:21,887 [WARN] PackLoader:240 - Cannot read IP mode file for STMicroelectronics.X-CUBE-AZRTOS-F4.1.1.0
2023-11-06 18:01:21,895 [WARN] PackLoader:240 - Cannot read IP mode file for wolfSSL.I-CUBE-wolfSSL.5.6.0
2023-11-06 18:01:21,915 [WARN] PackLoader:240 - Cannot read IP mode file for STMicroelectronics.X-CUBE-AZRTOS-L5.2.0.0
2023-11-06 18:01:21,955 [WARN] PackLoader:240 - Cannot read IP mode file for STMicroelectronics.X-CUBE-MEMS1.9.6.0
2023-11-06 18:01:22,045 [WARN] PackLoader:240 - Cannot read IP mode file for STMicroelectronics.X-CUBE-EEPRMA1.4.2.0
2023-11-06 18:01:22,056 [WARN] PackLoader:240 - Cannot read IP mode file for ITTIA_DB.I-CUBE-ITTIADB.8.8.0
2023-11-06 18:01:22,068 [WARN] PackLoader:240 - Cannot read IP mode file for emotas.I-CUBE-CANOPEN.1.1.3
2023-11-06 18:01:22,082 [WARN] PackLoader:240 - Cannot read IP mode file for STMicroelectronics.X-CUBE-BLEMGR.2.0.0
2023-11-06 18:01:22,109 [WARN] ConditionMgr:438 - getConditionDescription Invalid condition id : UX DEVICE CLASS RTOS Condition cause : null
2023-11-06 18:01:22,109 [WARN] ConditionMgr:438 - getConditionDescription Invalid condition id : UX DEVICE CLASS RTOS Condition cause : null
2023-11-06 18:01:22,111 [WARN] PackLoader:240 - Cannot read IP mode file for STMicroelectronics.X-CUBE-AZRTOS-H7.3.1.0
2023-11-06 18:01:22,112 [WARN] ConditionMgr:1039 - genDependencies : Invalid condition id : UX DEVICE CLASS RTOS Condition cause : null
2023-11-06 18:01:22,112 [WARN] ConditionMgr:1039 - genDependencies : Invalid condition id : UX DEVICE CLASS RTOS Condition cause : null
2023-11-06 18:01:22,112 [WARN] ConditionMgr:1039 - genDependencies : Invalid condition id : UX DEVICE CLASS RTOS Condition cause : null
2023-11-06 18:01:22,113 [WARN] ConditionMgr:1039 - genDependencies : Invalid condition id : UX DEVICE CLASS RTOS Condition cause : null
2023-11-06 18:01:22,113 [WARN] ConditionMgr:1039 - genDependencies : Invalid condition id : UX DEVICE CLASS RTOS Condition cause : null
2023-11-06 18:01:22,126 [WARN] PackLoader:240 - Cannot read IP mode file for STMicroelectronics.X-CUBE-NFC7.1.0.1
2023-11-06 18:01:22,138 [WARN] PackLoader:240 - Cannot read IP mode file for STMicroelectronics.X-CUBE-NFC7.1.0.0
2023-11-06 18:01:22,150 [WARN] PackLoader:240 - Cannot read IP mode file for STMicroelectronics.X-CUBE-NFC6.3.0.0
2023-11-06 18:01:22,162 [WARN] PackLoader:240 - Cannot read IP mode file for STMicroelectronics.X-CUBE-EEPRMA1.4.1.0
2023-11-06 18:01:22,170 [WARN] PackLoader:240 - Cannot read IP mode file for STMicroelectronics.X-CUBE-AI.8.1.0
2023-11-06 18:01:22,190 [WARN] ConditionMgr:438 - getConditionDescription Invalid condition id : LAN8742 Phy interface Condition cause : null
2023-11-06 18:01:22,190 [WARN] PackLoader:240 - Cannot read IP mode file for STMicroelectronics.X-CUBE-AZRTOS-L4.2.0.0
2023-11-06 18:01:22,190 [WARN] ConditionMgr:1039 - genDependencies : Invalid condition id : LAN8742 Phy interface Condition cause : null
2023-11-06 18:01:22,191 [WARN] ConditionMgr:1039 - genDependencies : Invalid condition id : LAN8742 Phy interface Condition cause : null
2023-11-06 18:01:22,191 [WARN] ConditionMgr:1039 - genDependencies : Invalid condition id : LAN8742 Phy interface Condition cause : null
2023-11-06 18:01:22,209 [WARN] PackLoader:240 - Cannot read IP mode file for STMicroelectronics.X-CUBE-SFXS2LP1.4.0.0
2023-11-06 18:01:22,225 [WARN] PackLoader:240 - Cannot read IP mode file for STMicroelectronics.X-CUBE-ISPU.1.1.0
2023-11-06 18:01:22,243 [WARN] ConditionMgr:438 - getConditionDescription Invalid condition id : UX DEVICE CLASS RTOS Condition cause : null
2023-11-06 18:01:22,243 [WARN] ConditionMgr:438 - getConditionDescription Invalid condition id : UX DEVICE CLASS RTOS Condition cause : null
2023-11-06 18:01:22,244 [WARN] PackLoader:240 - Cannot read IP mode file for STMicroelectronics.X-CUBE-AZRTOS-WB.2.0.0
2023-11-06 18:01:22,244 [WARN] ConditionMgr:1039 - genDependencies : Invalid condition id : UX DEVICE CLASS RTOS Condition cause : null
2023-11-06 18:01:22,244 [WARN] ConditionMgr:1039 - genDependencies : Invalid condition id : UX DEVICE CLASS RTOS Condition cause : null
2023-11-06 18:01:22,245 [WARN] ConditionMgr:1039 - genDependencies : Invalid condition id : UX DEVICE CLASS RTOS Condition cause : null
2023-11-06 18:01:22,245 [WARN] ConditionMgr:1039 - genDependencies : Invalid condition id : UX DEVICE CLASS RTOS Condition cause : null
2023-11-06 18:01:22,245 [WARN] ConditionMgr:1039 - genDependencies : Invalid condition id : UX DEVICE CLASS RTOS Condition cause : null
2023-11-06 18:01:22,253 [WARN] PackLoader:240 - Cannot read IP mode file for STMicroelectronics.X-CUBE-FREERTOS.1.0.1
2023-11-06 18:01:22,267 [WARN] PackLoader:240 - Cannot read IP mode file for STMicroelectronics.X-CUBE-AZRTOS-L5.1.1.0
2023-11-06 18:01:22,280 [WARN] PackLoader:240 - Cannot read IP mode file for STMicroelectronics.X-CUBE-AI.8.0.1
2023-11-06 18:01:22,290 [WARN] PackLoader:240 - Cannot read IP mode file for STMicroelectronics.X-CUBE-SUBG2.5.0.0
2023-11-06 18:01:22,309 [WARN] PackLoader:240 - Cannot read IP mode file for STMicroelectronics.X-CUBE-TOF1.3.3.1
2023-11-06 18:01:22,338 [WARN] PackLoader:240 - Cannot read IP mode file for STMicroelectronics.X-CUBE-AZRTOS-G4.2.0.0
2023-11-06 18:01:22,351 [WARN] PackLoader:240 - Cannot read IP mode file for STMicroelectronics.X-CUBE-TOF1.3.3.0
2023-11-06 18:01:22,368 [WARN] PackLoader:240 - Cannot read IP mode file for Infineon.AIROC-Wi-Fi-Bluetooth-STM32.1.5.1
2023-11-06 18:01:22,396 [WARN] PackLoader:240 - Cannot read IP mode file for STMicroelectronics.X-CUBE-MEMS1.10.0.0
2023-11-06 18:01:22,475 [WARN] PackLoader:240 - Cannot read IP mode file for STMicroelectronics.X-CUBE-FREERTOS.1.1.0
2023-11-06 18:01:22,484 [WARN] PackLoader:240 - Cannot read IP mode file for portGmbH.I-Cube-SoM-uGOAL.1.1.0
2023-11-06 18:01:22,499 [WARN] PackLoader:240 - Cannot read IP mode file for STMicroelectronics.X-CUBE-ALS.1.0.1
2023-11-06 18:01:22,516 [WARN] PackLoader:240 - Cannot read IP mode file for STMicroelectronics.X-CUBE-AZRTOS-WB.1.1.0
2023-11-06 18:01:22,524 [WARN] PackLoader:240 - Cannot read IP mode file for STMicroelectronics.FP-ATR-ASTRA1.2.0.0
2023-11-06 18:01:22,525 [INFO] ThirdParty:978 - Integrity check success = true
2023-11-06 18:01:22,526 [INFO] IntegrityCheckThread:100 - exiting critical section [integrity check]
2023-11-06 18:01:22,526 [INFO] IntegrityCheckThread:103 - End integrity checks thread
2023-11-06 18:01:22,712 [INFO] WebApp:753 - Register for checkConnection events
2023-11-06 18:01:22,713 [INFO] WebApp:390 - Apply proxy settings
2023-11-06 18:01:22,713 [INFO] WebApp:475 - Chromium requires no authentication
2023-11-06 18:01:22,727 [INFO] WebApp:418 - Direct internet connection detected
2023-11-06 18:01:22,857 [INFO] WebApp:188 - Starting web application
2023-11-06 18:01:22,858 [INFO] WebApp:520 - Web application path used C:\ST\STM32CubeIDE_1.10.1\STM32CubeIDE\plugins\com.st.stm32cube.common.mx_6.9.2.202309101412\db\plugins\mcufinder\reactClient1\index.html
2023-11-06 18:01:43,705 [ERROR] LogOutputStream:75 - [STDERR_REDIRECT] SLF4J: Failed to load class "org.slf4j.impl.StaticLoggerBinder".
2023-11-06 18:01:43,706 [ERROR] LogOutputStream:75 - [STDERR_REDIRECT] SLF4J: Defaulting to no-operation (NOP) logger implementation
2023-11-06 18:01:43,707 [ERROR] LogOutputStream:75 - [STDERR_REDIRECT] SLF4J: See http://www.slf4j.org/codes.html#StaticLoggerBinder for further details.
